#! /opt/homebrew/Cellar/icarus-verilog/11.0/bin/vvp
:ivl_version "11.0 (stable)";
:ivl_delay_selection "TYPICAL";
:vpi_time_precision - 12;
:vpi_module "/opt/homebrew/Cellar/icarus-verilog/11.0/lib/ivl/system.vpi";
:vpi_module "/opt/homebrew/Cellar/icarus-verilog/11.0/lib/ivl/vhdl_sys.vpi";
:vpi_module "/opt/homebrew/Cellar/icarus-verilog/11.0/lib/ivl/vhdl_textio.vpi";
:vpi_module "/opt/homebrew/Cellar/icarus-verilog/11.0/lib/ivl/v2005_math.vpi";
:vpi_module "/opt/homebrew/Cellar/icarus-verilog/11.0/lib/ivl/va_math.vpi";
S_0x11e747af0 .scope module, "decoder_brute" "decoder_brute" 2 3;
 .timescale -9 -12;
    .port_info 0 /INPUT 8 "D";
    .port_info 1 /OUTPUT 8 "BCD";
v0x11e71e680_0 .var "BCD", 7 0;
o0x120040040 .functor BUFZ 8, C4<zzzzzzzz>; HiZ drive
v0x11e778f10_0 .net "D", 7 0, o0x120040040;  0 drivers
v0x11e778fc0_0 .var "high", 3 0;
v0x11e779080_0 .var "low", 3 0;
E_0x11e767d00 .event edge, v0x11e778f10_0, v0x11e778fc0_0, v0x11e779080_0;
S_0x11e732cc0 .scope module, "ma_simu" "ma_simu" 3 3;
 .timescale -9 -12;
RS_0x120041990 .resolv tri, v0x11e780170_0, L_0x11e787b20;
v0x11e785110_0 .net8 "AN", 7 0, RS_0x120041990;  2 drivers
v0x11e7851c0_0 .var "CLK", 0 0;
v0x11e785260_0 .var "EN", 0 0;
o0x1200405e0 .functor BUFZ 8, C4<zzzzzzzz>; HiZ drive
v0x11e7852f0_0 .net "IN", 7 0, o0x1200405e0;  0 drivers
v0x11e785380_0 .var "MODIFY", 0 0;
v0x11e785410_0 .var "NEXT_CP_ini", 0 0;
v0x11e7854c0_0 .net "SEG", 7 0, v0x11e7803a0_0;  1 drivers
v0x11e785550_0 .var "SET", 0 0;
v0x11e785600_0 .net "TMP", 0 0, L_0x11e785a40;  1 drivers
v0x11e785730_0 .var "TYPEe", 0 0;
o0x120042830 .functor BUFZ 8, C4<zzzzzzzz>; HiZ drive
v0x11e7857c0_0 .net "alert", 7 0, o0x120042830;  0 drivers
v0x11e785850_0 .var "bin", 7 0;
v0x11e7858e0_0 .var "reset", 0 0;
E_0x11e779160 .event edge, v0x11e779960_0;
S_0x11e7791a0 .scope module, "utt" "Clock" 3 9, 4 5 0, S_0x11e732cc0;
 .timescale -9 -12;
    .port_info 0 /INPUT 1 "CLK";
    .port_info 1 /INPUT 1 "reset";
    .port_info 2 /INPUT 1 "EN";
    .port_info 3 /INPUT 1 "TYPEe";
    .port_info 4 /INPUT 1 "NEXT_CP_ini";
    .port_info 5 /INPUT 1 "SET";
    .port_info 6 /INPUT 1 "MODIFY";
    .port_info 7 /INPUT 8 "IN";
    .port_info 8 /OUTPUT 8 "AN";
    .port_info 9 /OUTPUT 8 "SEG";
    .port_info 10 /OUTPUT 8 "alert";
    .port_info 11 /OUTPUT 1 "TMP";
L_0x11e785a40 .functor BUFZ 1, L_0x11e785d00, C4<0>, C4<0>, C4<0>;
L_0x11e785af0 .functor BUFZ 1, v0x11e785410_0, C4<0>, C4<0>, C4<0>;
L_0x11e785ba0 .functor BUFZ 1, v0x11e785380_0, C4<0>, C4<0>, C4<0>;
L_0x11e785c50 .functor BUFZ 1, v0x11e785730_0, C4<0>, C4<0>, C4<0>;
L_0x11e785d00 .functor BUFZ 1, v0x11e7858e0_0, C4<0>, C4<0>, C4<0>;
L_0x11e787980 .functor AND 1, v0x11e785550_0, v0x11e77a4d0_0, C4<1>, C4<1>;
o0x120042860 .functor BUFZ 8, C4<zzzzzzzz>; HiZ drive
L_0x11e787a70 .functor OR 8, o0x120042860, L_0x11e787830, C4<00000000>, C4<00000000>;
v0x11e781b40_0 .net8 "AN", 7 0, RS_0x120041990;  alias, 2 drivers
v0x11e781bd0_0 .net "CLK", 0 0, v0x11e7851c0_0;  1 drivers
v0x11e781c70_0 .net "CO1", 0 0, v0x11e77d030_0;  1 drivers
v0x11e781d40_0 .net "CO2", 0 0, v0x11e77c750_0;  1 drivers
v0x11e781e10_0 .net "CO3", 0 0, v0x11e77b4f0_0;  1 drivers
v0x11e781f20_0 .net "CP_100MS", 0 0, v0x11e7798b0_0;  1 drivers
v0x11e781fb0_0 .net "CP_1S", 0 0, v0x11e779ec0_0;  1 drivers
v0x11e782080_0 .net "CP_500MS", 0 0, v0x11e77a4d0_0;  1 drivers
v0x11e782110_0 .net "EN", 0 0, v0x11e785260_0;  1 drivers
v0x11e782220_0 .net "IN", 7 0, o0x1200405e0;  alias, 0 drivers
v0x11e7822b0_0 .var "LD", 3 0;
v0x11e782340_0 .var "LD2", 1 0;
v0x11e7823d0_0 .var "MODE0", 1 0;
v0x11e782460_0 .var "MODE1", 0 0;
v0x11e7824f0_0 .net "MODIFY", 0 0, v0x11e785380_0;  1 drivers
v0x11e782580_0 .net "NEXT_CP", 0 0, L_0x11e785af0;  1 drivers
v0x11e782610_0 .net "NEXT_CP_ini", 0 0, v0x11e785410_0;  1 drivers
v0x11e7827a0_0 .net "SEG", 7 0, v0x11e7803a0_0;  alias, 1 drivers
v0x11e782870_0 .net "SET", 0 0, v0x11e785550_0;  1 drivers
v0x11e782900_0 .net "SURE", 0 0, L_0x11e785ba0;  1 drivers
v0x11e782990_0 .net "TMP", 0 0, L_0x11e785a40;  alias, 1 drivers
v0x11e782a20_0 .net "TYPE", 0 0, L_0x11e785c50;  1 drivers
v0x11e782ab0_0 .net "TYPEe", 0 0, v0x11e785730_0;  1 drivers
L_0x120078760 .functor BUFT 1, C4<01100000>, C4<0>, C4<0>, C4<0>;
v0x11e782b40_0 .net/2u *"_ivl_100", 7 0, L_0x120078760;  1 drivers
v0x11e782bd0_0 .net *"_ivl_102", 7 0, L_0x11e787710;  1 drivers
v0x11e782c60_0 .net *"_ivl_106", 0 0, L_0x11e787980;  1 drivers
v0x11e782d00_0 .net *"_ivl_108", 7 0, L_0x11e787a70;  1 drivers
v0x11e782db0_0 .net *"_ivl_43", 3 0, L_0x11e786420;  1 drivers
L_0x1200782e0 .functor BUFT 1, C4<1111>, C4<0>, C4<0>, C4<0>;
v0x11e782e60_0 .net/2u *"_ivl_44", 3 0, L_0x1200782e0;  1 drivers
v0x11e782f10_0 .net *"_ivl_46", 31 0, L_0x11e786560;  1 drivers
L_0x120078328 .functor BUFT 1, C4<1111>, C4<0>, C4<0>, C4<0>;
v0x11e782fc0_0 .net/2u *"_ivl_48", 3 0, L_0x120078328;  1 drivers
L_0x120078370 .functor BUFT 1, C4<1111>, C4<0>, C4<0>, C4<0>;
v0x11e783070_0 .net/2u *"_ivl_50", 3 0, L_0x120078370;  1 drivers
L_0x1200783b8 .functor BUFT 1, C4<1111>, C4<0>, C4<0>, C4<0>;
v0x11e783120_0 .net/2u *"_ivl_52", 3 0, L_0x1200783b8;  1 drivers
L_0x120078400 .functor BUFT 1, C4<1111>, C4<0>, C4<0>, C4<0>;
v0x11e7826c0_0 .net/2u *"_ivl_54", 3 0, L_0x120078400;  1 drivers
v0x11e7833b0_0 .net *"_ivl_56", 31 0, L_0x11e786760;  1 drivers
v0x11e783440_0 .net *"_ivl_60", 31 0, L_0x11e786b70;  1 drivers
L_0x120078448 .functor BUFT 1, C4<000000000000000000000000000000>, C4<0>, C4<0>, C4<0>;
v0x11e7834e0_0 .net *"_ivl_63", 29 0, L_0x120078448;  1 drivers
L_0x120078490 .functor BUFT 1, C4<00000000000000000000000000000000>, C4<0>, C4<0>, C4<0>;
v0x11e783590_0 .net/2u *"_ivl_64", 31 0, L_0x120078490;  1 drivers
v0x11e783640_0 .net *"_ivl_66", 0 0, L_0x11e786db0;  1 drivers
L_0x1200784d8 .functor BUFT 1, C4<00000011>, C4<0>, C4<0>, C4<0>;
v0x11e7836e0_0 .net/2u *"_ivl_68", 7 0, L_0x1200784d8;  1 drivers
v0x11e783790_0 .net *"_ivl_70", 31 0, L_0x11e786e50;  1 drivers
L_0x120078520 .functor BUFT 1, C4<000000000000000000000000000000>, C4<0>, C4<0>, C4<0>;
v0x11e783840_0 .net *"_ivl_73", 29 0, L_0x120078520;  1 drivers
L_0x120078568 .functor BUFT 1, C4<00000000000000000000000000000001>, C4<0>, C4<0>, C4<0>;
v0x11e7838f0_0 .net/2u *"_ivl_74", 31 0, L_0x120078568;  1 drivers
v0x11e7839a0_0 .net *"_ivl_76", 0 0, L_0x11e786fa0;  1 drivers
L_0x1200785b0 .functor BUFT 1, C4<00001100>, C4<0>, C4<0>, C4<0>;
v0x11e783a40_0 .net/2u *"_ivl_78", 7 0, L_0x1200785b0;  1 drivers
v0x11e783af0_0 .net *"_ivl_80", 31 0, L_0x11e787080;  1 drivers
L_0x1200785f8 .functor BUFT 1, C4<000000000000000000000000000000>, C4<0>, C4<0>, C4<0>;
v0x11e783ba0_0 .net *"_ivl_83", 29 0, L_0x1200785f8;  1 drivers
L_0x120078640 .functor BUFT 1, C4<00000000000000000000000000000010>, C4<0>, C4<0>, C4<0>;
v0x11e783c50_0 .net/2u *"_ivl_84", 31 0, L_0x120078640;  1 drivers
v0x11e783d00_0 .net *"_ivl_86", 0 0, L_0x11e7871e0;  1 drivers
L_0x120078688 .functor BUFT 1, C4<00110000>, C4<0>, C4<0>, C4<0>;
v0x11e783da0_0 .net/2u *"_ivl_88", 7 0, L_0x120078688;  1 drivers
L_0x1200786d0 .functor BUFT 1, C4<10000000>, C4<0>, C4<0>, C4<0>;
v0x11e783e50_0 .net/2u *"_ivl_90", 7 0, L_0x1200786d0;  1 drivers
v0x11e783f00_0 .net *"_ivl_92", 7 0, L_0x11e7872c0;  1 drivers
v0x11e783fb0_0 .net *"_ivl_94", 7 0, L_0x11e787430;  1 drivers
v0x11e784060_0 .net *"_ivl_96", 7 0, L_0x11e787590;  1 drivers
L_0x120078718 .functor BUFT 1, C4<00000110>, C4<0>, C4<0>, C4<0>;
v0x11e784110_0 .net/2u *"_ivl_98", 7 0, L_0x120078718;  1 drivers
v0x11e7841c0_0 .net "alert", 7 0, o0x120042830;  alias, 0 drivers
v0x11e784270_0 .net "an", 7 0, o0x120042860;  0 drivers
v0x11e784320_0 .net "h", 7 0, v0x11e77d920_0;  1 drivers
v0x11e7843c0_0 .net "ha", 7 0, v0x11e77eb70_0;  1 drivers
v0x11e784470_0 .var "hour", 7 0;
v0x11e784520_0 .var "hour_alarm", 7 0;
v0x11e7845d0_0 .net "hour_alarm_now", 7 0, v0x11e77b000_0;  1 drivers
v0x11e784680_0 .net "hour_now", 7 0, v0x11e77b920_0;  1 drivers
v0x11e784730_0 .net "m", 7 0, v0x11e77df10_0;  1 drivers
v0x11e7847e0_0 .net "ma", 7 0, v0x11e77f1a0_0;  1 drivers
v0x11e7831d0_0 .var "minute", 7 0;
v0x11e783280_0 .var "minute_alarm", 7 0;
v0x11e784870_0 .net "minute_alarm_now", 7 0, v0x11e77c290_0;  1 drivers
v0x11e784900_0 .net "minute_now", 7 0, v0x11e77cb60_0;  1 drivers
v0x11e784990_0 .net "ori", 7 0, L_0x11e787830;  1 drivers
v0x11e784a20_0 .net "out", 31 0, L_0x11e786a10;  1 drivers
v0x11e784ab0_0 .net "reset", 0 0, v0x11e7858e0_0;  1 drivers
v0x11e784b40_0 .net "rst", 0 0, L_0x11e785d00;  1 drivers
v0x11e784bd0_0 .net "s", 7 0, v0x11e77e540_0;  1 drivers
v0x11e784c90_0 .var "second", 7 0;
v0x11e784d40_0 .net "second_now", 7 0, v0x11e77d490_0;  1 drivers
v0x11e784df0_0 .net "w", 7 0, v0x11e77f7d0_0;  1 drivers
v0x11e784ea0_0 .var "weekday", 7 0;
v0x11e784f50_0 .net "weekday_now", 7 0, v0x11e781940_0;  1 drivers
E_0x11e7794f0/0 .event edge, v0x11e782870_0, v0x11e782a20_0, v0x11e7824f0_0, v0x11e782460_0;
E_0x11e7794f0/1 .event edge, v0x11e7823d0_0;
E_0x11e7794f0 .event/or E_0x11e7794f0/0, E_0x11e7794f0/1;
E_0x11e779560 .event posedge, v0x11e782580_0, v0x11e782870_0;
E_0x11e7795a0/0 .event edge, v0x11e77b920_0, v0x11e77cb60_0, v0x11e77d490_0, v0x11e781940_0;
E_0x11e7795a0/1 .event edge, v0x11e77b000_0, v0x11e77c290_0;
E_0x11e7795a0 .event/or E_0x11e7795a0/0, E_0x11e7795a0/1;
L_0x11e785db0 .part v0x11e7822b0_0, 0, 1;
L_0x11e785ed0 .part v0x11e7822b0_0, 1, 1;
L_0x11e785fb0 .part v0x11e7822b0_0, 2, 1;
L_0x11e7860b0 .part v0x11e7822b0_0, 3, 1;
L_0x11e786210 .part v0x11e782340_0, 1, 1;
L_0x11e786360 .part v0x11e782340_0, 0, 1;
L_0x11e786420 .part v0x11e77f7d0_0, 0, 4;
LS_0x11e786560_0_0 .concat [ 8 8 8 4], v0x11e77e540_0, v0x11e77df10_0, v0x11e77d920_0, L_0x1200782e0;
LS_0x11e786560_0_4 .concat [ 4 0 0 0], L_0x11e786420;
L_0x11e786560 .concat [ 28 4 0 0], LS_0x11e786560_0_0, LS_0x11e786560_0_4;
LS_0x11e786760_0_0 .concat [ 4 8 4 4], L_0x120078400, v0x11e77f1a0_0, L_0x1200783b8, L_0x120078370;
LS_0x11e786760_0_4 .concat [ 8 4 0 0], v0x11e77eb70_0, L_0x120078328;
L_0x11e786760 .concat [ 20 12 0 0], LS_0x11e786760_0_0, LS_0x11e786760_0_4;
L_0x11e786a10 .functor MUXZ 32, L_0x11e786760, L_0x11e786560, L_0x11e785c50, C4<>;
L_0x11e786b70 .concat [ 2 30 0 0], v0x11e7823d0_0, L_0x120078448;
L_0x11e786db0 .cmp/eq 32, L_0x11e786b70, L_0x120078490;
L_0x11e786e50 .concat [ 2 30 0 0], v0x11e7823d0_0, L_0x120078520;
L_0x11e786fa0 .cmp/eq 32, L_0x11e786e50, L_0x120078568;
L_0x11e787080 .concat [ 2 30 0 0], v0x11e7823d0_0, L_0x1200785f8;
L_0x11e7871e0 .cmp/eq 32, L_0x11e787080, L_0x120078640;
L_0x11e7872c0 .functor MUXZ 8, L_0x1200786d0, L_0x120078688, L_0x11e7871e0, C4<>;
L_0x11e787430 .functor MUXZ 8, L_0x11e7872c0, L_0x1200785b0, L_0x11e786fa0, C4<>;
L_0x11e787590 .functor MUXZ 8, L_0x11e787430, L_0x1200784d8, L_0x11e786db0, C4<>;
L_0x11e787710 .functor MUXZ 8, L_0x120078760, L_0x120078718, v0x11e782460_0, C4<>;
L_0x11e787830 .functor MUXZ 8, L_0x11e787710, L_0x11e787590, L_0x11e785c50, C4<>;
L_0x11e787b20 .functor MUXZ 8, o0x120042860, L_0x11e787a70, L_0x11e787980, C4<>;
S_0x11e779620 .scope module, "div100ms" "Fdiv" 4 38, 5 3 0, S_0x11e7791a0;
 .timescale -9 -12;
    .port_info 0 /INPUT 1 "reset";
    .port_info 1 /INPUT 32 "mult";
    .port_info 2 /INPUT 1 "clk_1M";
    .port_info 3 /OUTPUT 1 "clk_1K";
v0x11e7798b0_0 .var "clk_1K", 0 0;
v0x11e779960_0 .net "clk_1M", 0 0, v0x11e7851c0_0;  alias, 1 drivers
v0x11e779a00_0 .var "counter", 31 0;
L_0x1200780a0 .functor BUFT 1, C4<00000000000000000000000000000001>, C4<0>, C4<0>, C4<0>;
v0x11e779ac0_0 .net "mult", 31 0, L_0x1200780a0;  1 drivers
v0x11e779b70_0 .net "reset", 0 0, L_0x11e785d00;  alias, 1 drivers
E_0x11e779860 .event posedge, v0x11e779b70_0, v0x11e779960_0;
S_0x11e779c90 .scope module, "div1s" "Fdiv" 4 36, 5 3 0, S_0x11e7791a0;
 .timescale -9 -12;
    .port_info 0 /INPUT 1 "reset";
    .port_info 1 /INPUT 32 "mult";
    .port_info 2 /INPUT 1 "clk_1M";
    .port_info 3 /OUTPUT 1 "clk_1K";
v0x11e779ec0_0 .var "clk_1K", 0 0;
v0x11e779f60_0 .net "clk_1M", 0 0, v0x11e7851c0_0;  alias, 1 drivers
v0x11e77a020_0 .var "counter", 31 0;
L_0x120078010 .functor BUFT 1, C4<00000000000000000000000000110010>, C4<0>, C4<0>, C4<0>;
v0x11e77a0d0_0 .net "mult", 31 0, L_0x120078010;  1 drivers
v0x11e77a170_0 .net "reset", 0 0, L_0x11e785d00;  alias, 1 drivers
S_0x11e77a290 .scope module, "div500ms" "Fdiv" 4 37, 5 3 0, S_0x11e7791a0;
 .timescale -9 -12;
    .port_info 0 /INPUT 1 "reset";
    .port_info 1 /INPUT 32 "mult";
    .port_info 2 /INPUT 1 "clk_1M";
    .port_info 3 /OUTPUT 1 "clk_1K";
v0x11e77a4d0_0 .var "clk_1K", 0 0;
v0x11e77a570_0 .net "clk_1M", 0 0, v0x11e7851c0_0;  alias, 1 drivers
v0x11e77a650_0 .var "counter", 31 0;
L_0x120078058 .functor BUFT 1, C4<00000000000000000000000000011001>, C4<0>, C4<0>, C4<0>;
v0x11e77a6e0_0 .net "mult", 31 0, L_0x120078058;  1 drivers
v0x11e77a790_0 .net "reset", 0 0, L_0x11e785d00;  alias, 1 drivers
S_0x11e77a8c0 .scope module, "h_a" "Counter" 4 56, 6 3 0, S_0x11e7791a0;
 .timescale -9 -12;
    .port_info 0 /INPUT 1 "RST";
    .port_info 1 /INPUT 1 "LD";
    .port_info 2 /INPUT 1 "EN";
    .port_info 3 /INPUT 1 "CP";
    .port_info 4 /INPUT 8 "LMT";
    .port_info 5 /INPUT 8 "D";
    .port_info 6 /OUTPUT 8 "Q";
    .port_info 7 /OUTPUT 1 "CO";
v0x11e77abc0_0 .var "CO", 0 0;
o0x1200405b0 .functor BUFZ 1, C4<z>; HiZ drive
v0x11e77ac70_0 .net "CP", 0 0, o0x1200405b0;  0 drivers
v0x11e77ad10_0 .net "D", 7 0, o0x1200405e0;  alias, 0 drivers
v0x11e77add0_0 .net "EN", 0 0, v0x11e785260_0;  alias, 1 drivers
v0x11e77ae70_0 .net "LD", 0 0, L_0x11e786210;  1 drivers
L_0x120078250 .functor BUFT 1, C4<00011000>, C4<0>, C4<0>, C4<0>;
v0x11e77af50_0 .net "LMT", 7 0, L_0x120078250;  1 drivers
v0x11e77b000_0 .var "Q", 7 0;
v0x11e77b0b0_0 .net "RST", 0 0, L_0x11e785d00;  alias, 1 drivers
E_0x11e77ab80 .event posedge, v0x11e77ae70_0, v0x11e77ac70_0, v0x11e779b70_0;
S_0x11e77b200 .scope module, "hou" "Counter" 4 52, 6 3 0, S_0x11e7791a0;
 .timescale -9 -12;
    .port_info 0 /INPUT 1 "RST";
    .port_info 1 /INPUT 1 "LD";
    .port_info 2 /INPUT 1 "EN";
    .port_info 3 /INPUT 1 "CP";
    .port_info 4 /INPUT 8 "LMT";
    .port_info 5 /INPUT 8 "D";
    .port_info 6 /OUTPUT 8 "Q";
    .port_info 7 /OUTPUT 1 "CO";
v0x11e77b4f0_0 .var "CO", 0 0;
v0x11e77b590_0 .net "CP", 0 0, v0x11e77c750_0;  alias, 1 drivers
v0x11e77b630_0 .net "D", 7 0, o0x1200405e0;  alias, 0 drivers
v0x11e77b700_0 .net "EN", 0 0, v0x11e785260_0;  alias, 1 drivers
v0x11e77b7b0_0 .net "LD", 0 0, L_0x11e785fb0;  1 drivers
L_0x1200781c0 .functor BUFT 1, C4<00011000>, C4<0>, C4<0>, C4<0>;
v0x11e77b880_0 .net "LMT", 7 0, L_0x1200781c0;  1 drivers
v0x11e77b920_0 .var "Q", 7 0;
v0x11e77b9d0_0 .net "RST", 0 0, L_0x11e785d00;  alias, 1 drivers
E_0x11e77b4c0 .event posedge, v0x11e77b7b0_0, v0x11e77b590_0, v0x11e779b70_0;
S_0x11e77bb40 .scope module, "m_a" "Counter" 4 57, 6 3 0, S_0x11e7791a0;
 .timescale -9 -12;
    .port_info 0 /INPUT 1 "RST";
    .port_info 1 /INPUT 1 "LD";
    .port_info 2 /INPUT 1 "EN";
    .port_info 3 /INPUT 1 "CP";
    .port_info 4 /INPUT 8 "LMT";
    .port_info 5 /INPUT 8 "D";
    .port_info 6 /OUTPUT 8 "Q";
    .port_info 7 /OUTPUT 1 "CO";
v0x11e77be20_0 .var "CO", 0 0;
o0x120040af0 .functor BUFZ 1, C4<z>; HiZ drive
v0x11e77bed0_0 .net "CP", 0 0, o0x120040af0;  0 drivers
v0x11e77bf70_0 .net "D", 7 0, o0x1200405e0;  alias, 0 drivers
v0x11e77c060_0 .net "EN", 0 0, v0x11e785260_0;  alias, 1 drivers
v0x11e77c130_0 .net "LD", 0 0, L_0x11e786360;  1 drivers
L_0x120078298 .functor BUFT 1, C4<00111100>, C4<0>, C4<0>, C4<0>;
v0x11e77c200_0 .net "LMT", 7 0, L_0x120078298;  1 drivers
v0x11e77c290_0 .var "Q", 7 0;
v0x11e77c330_0 .net "RST", 0 0, L_0x11e785d00;  alias, 1 drivers
E_0x11e77bdc0 .event posedge, v0x11e77c130_0, v0x11e77bed0_0, v0x11e779b70_0;
S_0x11e77c480 .scope module, "minu" "Counter" 4 51, 6 3 0, S_0x11e7791a0;
 .timescale -9 -12;
    .port_info 0 /INPUT 1 "RST";
    .port_info 1 /INPUT 1 "LD";
    .port_info 2 /INPUT 1 "EN";
    .port_info 3 /INPUT 1 "CP";
    .port_info 4 /INPUT 8 "LMT";
    .port_info 5 /INPUT 8 "D";
    .port_info 6 /OUTPUT 8 "Q";
    .port_info 7 /OUTPUT 1 "CO";
v0x11e77c750_0 .var "CO", 0 0;
v0x11e77c800_0 .net "CP", 0 0, v0x11e77d030_0;  alias, 1 drivers
v0x11e77c890_0 .net "D", 7 0, o0x1200405e0;  alias, 0 drivers
v0x11e77c940_0 .net "EN", 0 0, v0x11e785260_0;  alias, 1 drivers
v0x11e77c9d0_0 .net "LD", 0 0, L_0x11e785ed0;  1 drivers
L_0x120078178 .functor BUFT 1, C4<00111100>, C4<0>, C4<0>, C4<0>;
v0x11e77cab0_0 .net "LMT", 7 0, L_0x120078178;  1 drivers
v0x11e77cb60_0 .var "Q", 7 0;
v0x11e77cc10_0 .net "RST", 0 0, L_0x11e785d00;  alias, 1 drivers
E_0x11e77c700 .event posedge, v0x11e77c9d0_0, v0x11e77c800_0, v0x11e779b70_0;
S_0x11e77cd60 .scope module, "sec" "Counter" 4 50, 6 3 0, S_0x11e7791a0;
 .timescale -9 -12;
    .port_info 0 /INPUT 1 "RST";
    .port_info 1 /INPUT 1 "LD";
    .port_info 2 /INPUT 1 "EN";
    .port_info 3 /INPUT 1 "CP";
    .port_info 4 /INPUT 8 "LMT";
    .port_info 5 /INPUT 8 "D";
    .port_info 6 /OUTPUT 8 "Q";
    .port_info 7 /OUTPUT 1 "CO";
v0x11e77d030_0 .var "CO", 0 0;
v0x11e77d0e0_0 .net "CP", 0 0, v0x11e779ec0_0;  alias, 1 drivers
L_0x120078130 .functor BUFT 1, C4<00000000>, C4<0>, C4<0>, C4<0>;
v0x11e77d190_0 .net "D", 7 0, L_0x120078130;  1 drivers
v0x11e77d240_0 .net "EN", 0 0, v0x11e785260_0;  alias, 1 drivers
v0x11e77d350_0 .net "LD", 0 0, L_0x11e785db0;  1 drivers
L_0x1200780e8 .functor BUFT 1, C4<00111100>, C4<0>, C4<0>, C4<0>;
v0x11e77d3e0_0 .net "LMT", 7 0, L_0x1200780e8;  1 drivers
v0x11e77d490_0 .var "Q", 7 0;
v0x11e77d540_0 .net "RST", 0 0, L_0x11e785d00;  alias, 1 drivers
E_0x11e77cfe0 .event posedge, v0x11e77d350_0, v0x11e779ec0_0, v0x11e779b70_0;
S_0x11e77d690 .scope module, "u1" "decoder" 4 77, 2 16 0, S_0x11e7791a0;
 .timescale -9 -12;
    .port_info 0 /INPUT 8 "bin";
    .port_info 1 /OUTPUT 8 "BCD";
v0x11e77d920_0 .var "BCD", 7 0;
v0x11e77d9d0_0 .net "bin", 7 0, v0x11e784470_0;  1 drivers
v0x11e77da70_0 .var/i "i", 31 0;
v0x11e77db00_0 .var "prev_bin", 7 0;
v0x11e77dbb0_0 .var "tmp", 15 0;
E_0x11e77d8d0 .event edge, v0x11e77db00_0, v0x11e77d9d0_0, v0x11e77dbb0_0;
S_0x11e77dcd0 .scope module, "u2" "decoder" 4 78, 2 16 0, S_0x11e7791a0;
 .timescale -9 -12;
    .port_info 0 /INPUT 8 "bin";
    .port_info 1 /OUTPUT 8 "BCD";
v0x11e77df10_0 .var "BCD", 7 0;
v0x11e77dfc0_0 .net "bin", 7 0, v0x11e7831d0_0;  1 drivers
v0x11e77e070_0 .var/i "i", 31 0;
v0x11e77e130_0 .var "prev_bin", 7 0;
v0x11e77e1e0_0 .var "tmp", 15 0;
E_0x11e77dec0 .event edge, v0x11e77e130_0, v0x11e77dfc0_0, v0x11e77e1e0_0;
S_0x11e77e300 .scope module, "u3" "decoder" 4 79, 2 16 0, S_0x11e7791a0;
 .timescale -9 -12;
    .port_info 0 /INPUT 8 "bin";
    .port_info 1 /OUTPUT 8 "BCD";
v0x11e77e540_0 .var "BCD", 7 0;
v0x11e77e5f0_0 .net "bin", 7 0, v0x11e784c90_0;  1 drivers
v0x11e77e6a0_0 .var/i "i", 31 0;
v0x11e77e760_0 .var "prev_bin", 7 0;
v0x11e77e810_0 .var "tmp", 15 0;
E_0x11e77e4f0 .event edge, v0x11e77e760_0, v0x11e77e5f0_0, v0x11e77e810_0;
S_0x11e77e930 .scope module, "u4" "decoder" 4 80, 2 16 0, S_0x11e7791a0;
 .timescale -9 -12;
    .port_info 0 /INPUT 8 "bin";
    .port_info 1 /OUTPUT 8 "BCD";
v0x11e77eb70_0 .var "BCD", 7 0;
v0x11e77ec20_0 .net "bin", 7 0, v0x11e784520_0;  1 drivers
v0x11e77ecd0_0 .var/i "i", 31 0;
v0x11e77ed90_0 .var "prev_bin", 7 0;
v0x11e77ee40_0 .var "tmp", 15 0;
E_0x11e77eb20 .event edge, v0x11e77ed90_0, v0x11e77ec20_0, v0x11e77ee40_0;
S_0x11e77ef60 .scope module, "u5" "decoder" 4 81, 2 16 0, S_0x11e7791a0;
 .timescale -9 -12;
    .port_info 0 /INPUT 8 "bin";
    .port_info 1 /OUTPUT 8 "BCD";
v0x11e77f1a0_0 .var "BCD", 7 0;
v0x11e77f250_0 .net "bin", 7 0, v0x11e783280_0;  1 drivers
v0x11e77f300_0 .var/i "i", 31 0;
v0x11e77f3c0_0 .var "prev_bin", 7 0;
v0x11e77f470_0 .var "tmp", 15 0;
E_0x11e77f150 .event edge, v0x11e77f3c0_0, v0x11e77f250_0, v0x11e77f470_0;
S_0x11e77f590 .scope module, "u6" "decoder" 4 82, 2 16 0, S_0x11e7791a0;
 .timescale -9 -12;
    .port_info 0 /INPUT 8 "bin";
    .port_info 1 /OUTPUT 8 "BCD";
v0x11e77f7d0_0 .var "BCD", 7 0;
v0x11e77f880_0 .net "bin", 7 0, v0x11e784ea0_0;  1 drivers
v0x11e77f930_0 .var/i "i", 31 0;
v0x11e77f9f0_0 .var "prev_bin", 7 0;
v0x11e77faa0_0 .var "tmp", 15 0;
E_0x11e77f780 .event edge, v0x11e77f9f0_0, v0x11e77f880_0, v0x11e77faa0_0;
S_0x11e77fbc0 .scope module, "utt" "scan_data" 4 128, 7 3 0, S_0x11e7791a0;
 .timescale -9 -12;
    .port_info 0 /INPUT 1 "reset";
    .port_info 1 /INPUT 32 "data";
    .port_info 2 /INPUT 1 "clk";
    .port_info 3 /OUTPUT 8 "an";
    .port_info 4 /OUTPUT 8 "seg";
v0x11e780c60_0 .net8 "an", 7 0, RS_0x120041990;  alias, 2 drivers
v0x11e780cf0_0 .net "clk", 0 0, v0x11e7851c0_0;  alias, 1 drivers
v0x11e780e00_0 .net "clk_5ms", 0 0, v0x11e7807b0_0;  1 drivers
v0x11e780e90_0 .net "data", 31 0, L_0x11e786a10;  alias, 1 drivers
v0x11e780f20_0 .var "data_in", 3 0;
v0x11e780fb0_0 .net "reset", 0 0, L_0x11e785d00;  alias, 1 drivers
v0x11e781040_0 .net "seg", 7 0, v0x11e7803a0_0;  alias, 1 drivers
v0x11e7810d0_0 .var "select", 2 0;
E_0x11e77fe30 .event edge, v0x11e780450_0, v0x11e780e90_0;
E_0x11e77fe60 .event posedge, v0x11e779b70_0, v0x11e7807b0_0;
S_0x11e77fe90 .scope module, "sh" "show" 7 23, 7 39 0, S_0x11e77fbc0;
 .timescale -9 -12;
    .port_info 0 /INPUT 4 "data";
    .port_info 1 /INPUT 3 "seletct";
    .port_info 2 /OUTPUT 8 "AN";
    .port_info 3 /OUTPUT 8 "seg";
v0x11e780170_0 .var "AN", 7 0;
v0x11e780230_0 .var "an", 7 0;
v0x11e7802e0_0 .net "data", 3 0, v0x11e780f20_0;  1 drivers
v0x11e7803a0_0 .var "seg", 7 0;
v0x11e780450_0 .net "seletct", 2 0, v0x11e7810d0_0;  1 drivers
E_0x11e7800e0 .event edge, v0x11e7802e0_0;
E_0x11e780130 .event edge, v0x11e780450_0;
S_0x11e780580 .scope module, "utt" "Fdiv" 7 11, 5 3 0, S_0x11e77fbc0;
 .timescale -9 -12;
    .port_info 0 /INPUT 1 "reset";
    .port_info 1 /INPUT 32 "mult";
    .port_info 2 /INPUT 1 "clk_1M";
    .port_info 3 /OUTPUT 1 "clk_1K";
v0x11e7807b0_0 .var "clk_1K", 0 0;
v0x11e780850_0 .net "clk_1M", 0 0, v0x11e7851c0_0;  alias, 1 drivers
v0x11e7808f0_0 .var "counter", 31 0;
L_0x1200787a8 .functor BUFT 1, C4<00000000000000001100001101010000>, C4<0>, C4<0>, C4<0>;
v0x11e7809a0_0 .net "mult", 31 0, L_0x1200787a8;  1 drivers
v0x11e780a50_0 .net "reset", 0 0, L_0x11e785d00;  alias, 1 drivers
S_0x11e7811f0 .scope module, "week" "Counter" 4 53, 6 3 0, S_0x11e7791a0;
 .timescale -9 -12;
    .port_info 0 /INPUT 1 "RST";
    .port_info 1 /INPUT 1 "LD";
    .port_info 2 /INPUT 1 "EN";
    .port_info 3 /INPUT 1 "CP";
    .port_info 4 /INPUT 8 "LMT";
    .port_info 5 /INPUT 8 "D";
    .port_info 6 /OUTPUT 8 "Q";
    .port_info 7 /OUTPUT 1 "CO";
v0x11e7814e0_0 .var "CO", 0 0;
v0x11e781590_0 .net "CP", 0 0, v0x11e77b4f0_0;  alias, 1 drivers
v0x11e781650_0 .net "D", 7 0, o0x1200405e0;  alias, 0 drivers
v0x11e781780_0 .net "EN", 0 0, v0x11e785260_0;  alias, 1 drivers
v0x11e781810_0 .net "LD", 0 0, L_0x11e7860b0;  1 drivers
L_0x120078208 .functor BUFT 1, C4<00000111>, C4<0>, C4<0>, C4<0>;
v0x11e7818a0_0 .net "LMT", 7 0, L_0x120078208;  1 drivers
v0x11e781940_0 .var "Q", 7 0;
v0x11e7819f0_0 .net "RST", 0 0, L_0x11e785d00;  alias, 1 drivers
E_0x11e77fd80 .event posedge, v0x11e781810_0, v0x11e77b4f0_0, v0x11e779b70_0;
    .scope S_0x11e747af0;
T_0 ;
    %wait E_0x11e767d00;
    %load/vec4 v0x11e778f10_0;
    %pad/u 32;
    %pushi/vec4 10, 0, 32;
    %div;
    %pad/u 4;
    %store/vec4 v0x11e778fc0_0, 0, 4;
    %load/vec4 v0x11e778f10_0;
    %pad/u 32;
    %pushi/vec4 10, 0, 32;
    %mod;
    %pad/u 4;
    %store/vec4 v0x11e779080_0, 0, 4;
    %load/vec4 v0x11e778fc0_0;
    %load/vec4 v0x11e779080_0;
    %concat/vec4; draw_concat_vec4
    %store/vec4 v0x11e71e680_0, 0, 8;
    %jmp T_0;
    .thread T_0, $push;
    .scope S_0x11e779c90;
T_1 ;
    %pushi/vec4 0, 0, 32;
    %store/vec4 v0x11e77a020_0, 0, 32;
    %end;
    .thread T_1;
    .scope S_0x11e779c90;
T_2 ;
    %pushi/vec4 0, 0, 1;
    %store/vec4 v0x11e779ec0_0, 0, 1;
    %end;
    .thread T_2;
    .scope S_0x11e779c90;
T_3 ;
    %wait E_0x11e779860;
    %load/vec4 v0x11e77a170_0;
    %nor/r;
    %flag_set/vec4 8;
    %jmp/0xz  T_3.0, 8;
    %pushi/vec4 0, 0, 32;
    %assign/vec4 v0x11e77a020_0, 0;
    %pushi/vec4 0, 0, 1;
    %assign/vec4 v0x11e779ec0_0, 0;
    %jmp T_3.1;
T_3.0 ;
    %load/vec4 v0x11e77a020_0;
    %load/vec4 v0x11e77a0d0_0;
    %cmp/e;
    %jmp/0xz  T_3.2, 4;
    %load/vec4 v0x11e779ec0_0;
    %inv;
    %assign/vec4 v0x11e779ec0_0, 0;
    %pushi/vec4 0, 0, 32;
    %assign/vec4 v0x11e77a020_0, 0;
    %jmp T_3.3;
T_3.2 ;
    %load/vec4 v0x11e77a020_0;
    %addi 1, 0, 32;
    %assign/vec4 v0x11e77a020_0, 0;
T_3.3 ;
T_3.1 ;
    %jmp T_3;
    .thread T_3;
    .scope S_0x11e77a290;
T_4 ;
    %pushi/vec4 0, 0, 32;
    %store/vec4 v0x11e77a650_0, 0, 32;
    %end;
    .thread T_4;
    .scope S_0x11e77a290;
T_5 ;
    %pushi/vec4 0, 0, 1;
    %store/vec4 v0x11e77a4d0_0, 0, 1;
    %end;
    .thread T_5;
    .scope S_0x11e77a290;
T_6 ;
    %wait E_0x11e779860;
    %load/vec4 v0x11e77a790_0;
    %nor/r;
    %flag_set/vec4 8;
    %jmp/0xz  T_6.0, 8;
    %pushi/vec4 0, 0, 32;
    %assign/vec4 v0x11e77a650_0, 0;
    %pushi/vec4 0, 0, 1;
    %assign/vec4 v0x11e77a4d0_0, 0;
    %jmp T_6.1;
T_6.0 ;
    %load/vec4 v0x11e77a650_0;
    %load/vec4 v0x11e77a6e0_0;
    %cmp/e;
    %jmp/0xz  T_6.2, 4;
    %load/vec4 v0x11e77a4d0_0;
    %inv;
    %assign/vec4 v0x11e77a4d0_0, 0;
    %pushi/vec4 0, 0, 32;
    %assign/vec4 v0x11e77a650_0, 0;
    %jmp T_6.3;
T_6.2 ;
    %load/vec4 v0x11e77a650_0;
    %addi 1, 0, 32;
    %assign/vec4 v0x11e77a650_0, 0;
T_6.3 ;
T_6.1 ;
    %jmp T_6;
    .thread T_6;
    .scope S_0x11e779620;
T_7 ;
    %pushi/vec4 0, 0, 32;
    %store/vec4 v0x11e779a00_0, 0, 32;
    %end;
    .thread T_7;
    .scope S_0x11e779620;
T_8 ;
    %pushi/vec4 0, 0, 1;
    %store/vec4 v0x11e7798b0_0, 0, 1;
    %end;
    .thread T_8;
    .scope S_0x11e779620;
T_9 ;
    %wait E_0x11e779860;
    %load/vec4 v0x11e779b70_0;
    %nor/r;
    %flag_set/vec4 8;
    %jmp/0xz  T_9.0, 8;
    %pushi/vec4 0, 0, 32;
    %assign/vec4 v0x11e779a00_0, 0;
    %pushi/vec4 0, 0, 1;
    %assign/vec4 v0x11e7798b0_0, 0;
    %jmp T_9.1;
T_9.0 ;
    %load/vec4 v0x11e779a00_0;
    %load/vec4 v0x11e779ac0_0;
    %cmp/e;
    %jmp/0xz  T_9.2, 4;
    %load/vec4 v0x11e7798b0_0;
    %inv;
    %assign/vec4 v0x11e7798b0_0, 0;
    %pushi/vec4 0, 0, 32;
    %assign/vec4 v0x11e779a00_0, 0;
    %jmp T_9.3;
T_9.2 ;
    %load/vec4 v0x11e779a00_0;
    %addi 1, 0, 32;
    %assign/vec4 v0x11e779a00_0, 0;
T_9.3 ;
T_9.1 ;
    %jmp T_9;
    .thread T_9;
    .scope S_0x11e77cd60;
T_10 ;
    %pushi/vec4 0, 0, 8;
    %assign/vec4 v0x11e77d490_0, 0;
    %end;
    .thread T_10;
    .scope S_0x11e77cd60;
T_11 ;
    %wait E_0x11e77cfe0;
    %load/vec4 v0x11e77d540_0;
    %flag_set/vec4 8;
    %jmp/0xz  T_11.0, 8;
    %pushi/vec4 0, 0, 8;
    %assign/vec4 v0x11e77d490_0, 0;
    %pushi/vec4 0, 0, 1;
    %assign/vec4 v0x11e77d030_0, 0;
    %jmp T_11.1;
T_11.0 ;
    %load/vec4 v0x11e77d350_0;
    %flag_set/vec4 8;
    %jmp/0xz  T_11.2, 8;
    %load/vec4 v0x11e77d190_0;
    %load/vec4 v0x11e77d3e0_0;
    %cmp/u;
    %jmp/0xz  T_11.4, 5;
    %load/vec4 v0x11e77d190_0;
    %assign/vec4 v0x11e77d490_0, 0;
    %pushi/vec4 0, 0, 1;
    %assign/vec4 v0x11e77d030_0, 0;
    %jmp T_11.5;
T_11.4 ;
    %load/vec4 v0x11e77d490_0;
    %assign/vec4 v0x11e77d490_0, 0;
    %load/vec4 v0x11e77d030_0;
    %assign/vec4 v0x11e77d030_0, 0;
T_11.5 ;
    %jmp T_11.3;
T_11.2 ;
    %load/vec4 v0x11e77d240_0;
    %flag_set/vec4 8;
    %jmp/0xz  T_11.6, 8;
    %load/vec4 v0x11e77d490_0;
    %addi 1, 0, 8;
    %load/vec4 v0x11e77d3e0_0;
    %cmp/e;
    %jmp/0xz  T_11.8, 4;
    %pushi/vec4 0, 0, 8;
    %assign/vec4 v0x11e77d490_0, 0;
    %pushi/vec4 1, 0, 1;
    %assign/vec4 v0x11e77d030_0, 0;
    %jmp T_11.9;
T_11.8 ;
    %load/vec4 v0x11e77d490_0;
    %addi 1, 0, 8;
    %assign/vec4 v0x11e77d490_0, 0;
    %pushi/vec4 0, 0, 1;
    %assign/vec4 v0x11e77d030_0, 0;
T_11.9 ;
    %jmp T_11.7;
T_11.6 ;
    %load/vec4 v0x11e77d490_0;
    %assign/vec4 v0x11e77d490_0, 0;
    %load/vec4 v0x11e77d030_0;
    %assign/vec4 v0x11e77d030_0, 0;
T_11.7 ;
T_11.3 ;
T_11.1 ;
    %jmp T_11;
    .thread T_11;
    .scope S_0x11e77c480;
T_12 ;
    %pushi/vec4 0, 0, 8;
    %assign/vec4 v0x11e77cb60_0, 0;
    %end;
    .thread T_12;
    .scope S_0x11e77c480;
T_13 ;
    %wait E_0x11e77c700;
    %load/vec4 v0x11e77cc10_0;
    %flag_set/vec4 8;
    %jmp/0xz  T_13.0, 8;
    %pushi/vec4 0, 0, 8;
    %assign/vec4 v0x11e77cb60_0, 0;
    %pushi/vec4 0, 0, 1;
    %assign/vec4 v0x11e77c750_0, 0;
    %jmp T_13.1;
T_13.0 ;
    %load/vec4 v0x11e77c9d0_0;
    %flag_set/vec4 8;
    %jmp/0xz  T_13.2, 8;
    %load/vec4 v0x11e77c890_0;
    %load/vec4 v0x11e77cab0_0;
    %cmp/u;
    %jmp/0xz  T_13.4, 5;
    %load/vec4 v0x11e77c890_0;
    %assign/vec4 v0x11e77cb60_0, 0;
    %pushi/vec4 0, 0, 1;
    %assign/vec4 v0x11e77c750_0, 0;
    %jmp T_13.5;
T_13.4 ;
    %load/vec4 v0x11e77cb60_0;
    %assign/vec4 v0x11e77cb60_0, 0;
    %load/vec4 v0x11e77c750_0;
    %assign/vec4 v0x11e77c750_0, 0;
T_13.5 ;
    %jmp T_13.3;
T_13.2 ;
    %load/vec4 v0x11e77c940_0;
    %flag_set/vec4 8;
    %jmp/0xz  T_13.6, 8;
    %load/vec4 v0x11e77cb60_0;
    %addi 1, 0, 8;
    %load/vec4 v0x11e77cab0_0;
    %cmp/e;
    %jmp/0xz  T_13.8, 4;
    %pushi/vec4 0, 0, 8;
    %assign/vec4 v0x11e77cb60_0, 0;
    %pushi/vec4 1, 0, 1;
    %assign/vec4 v0x11e77c750_0, 0;
    %jmp T_13.9;
T_13.8 ;
    %load/vec4 v0x11e77cb60_0;
    %addi 1, 0, 8;
    %assign/vec4 v0x11e77cb60_0, 0;
    %pushi/vec4 0, 0, 1;
    %assign/vec4 v0x11e77c750_0, 0;
T_13.9 ;
    %jmp T_13.7;
T_13.6 ;
    %load/vec4 v0x11e77cb60_0;
    %assign/vec4 v0x11e77cb60_0, 0;
    %load/vec4 v0x11e77c750_0;
    %assign/vec4 v0x11e77c750_0, 0;
T_13.7 ;
T_13.3 ;
T_13.1 ;
    %jmp T_13;
    .thread T_13;
    .scope S_0x11e77b200;
T_14 ;
    %pushi/vec4 0, 0, 8;
    %assign/vec4 v0x11e77b920_0, 0;
    %end;
    .thread T_14;
    .scope S_0x11e77b200;
T_15 ;
    %wait E_0x11e77b4c0;
    %load/vec4 v0x11e77b9d0_0;
    %flag_set/vec4 8;
    %jmp/0xz  T_15.0, 8;
    %pushi/vec4 0, 0, 8;
    %assign/vec4 v0x11e77b920_0, 0;
    %pushi/vec4 0, 0, 1;
    %assign/vec4 v0x11e77b4f0_0, 0;
    %jmp T_15.1;
T_15.0 ;
    %load/vec4 v0x11e77b7b0_0;
    %flag_set/vec4 8;
    %jmp/0xz  T_15.2, 8;
    %load/vec4 v0x11e77b630_0;
    %load/vec4 v0x11e77b880_0;
    %cmp/u;
    %jmp/0xz  T_15.4, 5;
    %load/vec4 v0x11e77b630_0;
    %assign/vec4 v0x11e77b920_0, 0;
    %pushi/vec4 0, 0, 1;
    %assign/vec4 v0x11e77b4f0_0, 0;
    %jmp T_15.5;
T_15.4 ;
    %load/vec4 v0x11e77b920_0;
    %assign/vec4 v0x11e77b920_0, 0;
    %load/vec4 v0x11e77b4f0_0;
    %assign/vec4 v0x11e77b4f0_0, 0;
T_15.5 ;
    %jmp T_15.3;
T_15.2 ;
    %load/vec4 v0x11e77b700_0;
    %flag_set/vec4 8;
    %jmp/0xz  T_15.6, 8;
    %load/vec4 v0x11e77b920_0;
    %addi 1, 0, 8;
    %load/vec4 v0x11e77b880_0;
    %cmp/e;
    %jmp/0xz  T_15.8, 4;
    %pushi/vec4 0, 0, 8;
    %assign/vec4 v0x11e77b920_0, 0;
    %pushi/vec4 1, 0, 1;
    %assign/vec4 v0x11e77b4f0_0, 0;
    %jmp T_15.9;
T_15.8 ;
    %load/vec4 v0x11e77b920_0;
    %addi 1, 0, 8;
    %assign/vec4 v0x11e77b920_0, 0;
    %pushi/vec4 0, 0, 1;
    %assign/vec4 v0x11e77b4f0_0, 0;
T_15.9 ;
    %jmp T_15.7;
T_15.6 ;
    %load/vec4 v0x11e77b920_0;
    %assign/vec4 v0x11e77b920_0, 0;
    %load/vec4 v0x11e77b4f0_0;
    %assign/vec4 v0x11e77b4f0_0, 0;
T_15.7 ;
T_15.3 ;
T_15.1 ;
    %jmp T_15;
    .thread T_15;
    .scope S_0x11e7811f0;
T_16 ;
    %pushi/vec4 0, 0, 8;
    %assign/vec4 v0x11e781940_0, 0;
    %end;
    .thread T_16;
    .scope S_0x11e7811f0;
T_17 ;
    %wait E_0x11e77fd80;
    %load/vec4 v0x11e7819f0_0;
    %flag_set/vec4 8;
    %jmp/0xz  T_17.0, 8;
    %pushi/vec4 0, 0, 8;
    %assign/vec4 v0x11e781940_0, 0;
    %pushi/vec4 0, 0, 1;
    %assign/vec4 v0x11e7814e0_0, 0;
    %jmp T_17.1;
T_17.0 ;
    %load/vec4 v0x11e781810_0;
    %flag_set/vec4 8;
    %jmp/0xz  T_17.2, 8;
    %load/vec4 v0x11e781650_0;
    %load/vec4 v0x11e7818a0_0;
    %cmp/u;
    %jmp/0xz  T_17.4, 5;
    %load/vec4 v0x11e781650_0;
    %assign/vec4 v0x11e781940_0, 0;
    %pushi/vec4 0, 0, 1;
    %assign/vec4 v0x11e7814e0_0, 0;
    %jmp T_17.5;
T_17.4 ;
    %load/vec4 v0x11e781940_0;
    %assign/vec4 v0x11e781940_0, 0;
    %load/vec4 v0x11e7814e0_0;
    %assign/vec4 v0x11e7814e0_0, 0;
T_17.5 ;
    %jmp T_17.3;
T_17.2 ;
    %load/vec4 v0x11e781780_0;
    %flag_set/vec4 8;
    %jmp/0xz  T_17.6, 8;
    %load/vec4 v0x11e781940_0;
    %addi 1, 0, 8;
    %load/vec4 v0x11e7818a0_0;
    %cmp/e;
    %jmp/0xz  T_17.8, 4;
    %pushi/vec4 0, 0, 8;
    %assign/vec4 v0x11e781940_0, 0;
    %pushi/vec4 1, 0, 1;
    %assign/vec4 v0x11e7814e0_0, 0;
    %jmp T_17.9;
T_17.8 ;
    %load/vec4 v0x11e781940_0;
    %addi 1, 0, 8;
    %assign/vec4 v0x11e781940_0, 0;
    %pushi/vec4 0, 0, 1;
    %assign/vec4 v0x11e7814e0_0, 0;
T_17.9 ;
    %jmp T_17.7;
T_17.6 ;
    %load/vec4 v0x11e781940_0;
    %assign/vec4 v0x11e781940_0, 0;
    %load/vec4 v0x11e7814e0_0;
    %assign/vec4 v0x11e7814e0_0, 0;
T_17.7 ;
T_17.3 ;
T_17.1 ;
    %jmp T_17;
    .thread T_17;
    .scope S_0x11e77a8c0;
T_18 ;
    %pushi/vec4 0, 0, 8;
    %assign/vec4 v0x11e77b000_0, 0;
    %end;
    .thread T_18;
    .scope S_0x11e77a8c0;
T_19 ;
    %wait E_0x11e77ab80;
    %load/vec4 v0x11e77b0b0_0;
    %flag_set/vec4 8;
    %jmp/0xz  T_19.0, 8;
    %pushi/vec4 0, 0, 8;
    %assign/vec4 v0x11e77b000_0, 0;
    %pushi/vec4 0, 0, 1;
    %assign/vec4 v0x11e77abc0_0, 0;
    %jmp T_19.1;
T_19.0 ;
    %load/vec4 v0x11e77ae70_0;
    %flag_set/vec4 8;
    %jmp/0xz  T_19.2, 8;
    %load/vec4 v0x11e77ad10_0;
    %load/vec4 v0x11e77af50_0;
    %cmp/u;
    %jmp/0xz  T_19.4, 5;
    %load/vec4 v0x11e77ad10_0;
    %assign/vec4 v0x11e77b000_0, 0;
    %pushi/vec4 0, 0, 1;
    %assign/vec4 v0x11e77abc0_0, 0;
    %jmp T_19.5;
T_19.4 ;
    %load/vec4 v0x11e77b000_0;
    %assign/vec4 v0x11e77b000_0, 0;
    %load/vec4 v0x11e77abc0_0;
    %assign/vec4 v0x11e77abc0_0, 0;
T_19.5 ;
    %jmp T_19.3;
T_19.2 ;
    %load/vec4 v0x11e77add0_0;
    %flag_set/vec4 8;
    %jmp/0xz  T_19.6, 8;
    %load/vec4 v0x11e77b000_0;
    %addi 1, 0, 8;
    %load/vec4 v0x11e77af50_0;
    %cmp/e;
    %jmp/0xz  T_19.8, 4;
    %pushi/vec4 0, 0, 8;
    %assign/vec4 v0x11e77b000_0, 0;
    %pushi/vec4 1, 0, 1;
    %assign/vec4 v0x11e77abc0_0, 0;
    %jmp T_19.9;
T_19.8 ;
    %load/vec4 v0x11e77b000_0;
    %addi 1, 0, 8;
    %assign/vec4 v0x11e77b000_0, 0;
    %pushi/vec4 0, 0, 1;
    %assign/vec4 v0x11e77abc0_0, 0;
T_19.9 ;
    %jmp T_19.7;
T_19.6 ;
    %load/vec4 v0x11e77b000_0;
    %assign/vec4 v0x11e77b000_0, 0;
    %load/vec4 v0x11e77abc0_0;
    %assign/vec4 v0x11e77abc0_0, 0;
T_19.7 ;
T_19.3 ;
T_19.1 ;
    %jmp T_19;
    .thread T_19;
    .scope S_0x11e77bb40;
T_20 ;
    %pushi/vec4 0, 0, 8;
    %assign/vec4 v0x11e77c290_0, 0;
    %end;
    .thread T_20;
    .scope S_0x11e77bb40;
T_21 ;
    %wait E_0x11e77bdc0;
    %load/vec4 v0x11e77c330_0;
    %flag_set/vec4 8;
    %jmp/0xz  T_21.0, 8;
    %pushi/vec4 0, 0, 8;
    %assign/vec4 v0x11e77c290_0, 0;
    %pushi/vec4 0, 0, 1;
    %assign/vec4 v0x11e77be20_0, 0;
    %jmp T_21.1;
T_21.0 ;
    %load/vec4 v0x11e77c130_0;
    %flag_set/vec4 8;
    %jmp/0xz  T_21.2, 8;
    %load/vec4 v0x11e77bf70_0;
    %load/vec4 v0x11e77c200_0;
    %cmp/u;
    %jmp/0xz  T_21.4, 5;
    %load/vec4 v0x11e77bf70_0;
    %assign/vec4 v0x11e77c290_0, 0;
    %pushi/vec4 0, 0, 1;
    %assign/vec4 v0x11e77be20_0, 0;
    %jmp T_21.5;
T_21.4 ;
    %load/vec4 v0x11e77c290_0;
    %assign/vec4 v0x11e77c290_0, 0;
    %load/vec4 v0x11e77be20_0;
    %assign/vec4 v0x11e77be20_0, 0;
T_21.5 ;
    %jmp T_21.3;
T_21.2 ;
    %load/vec4 v0x11e77c060_0;
    %flag_set/vec4 8;
    %jmp/0xz  T_21.6, 8;
    %load/vec4 v0x11e77c290_0;
    %addi 1, 0, 8;
    %load/vec4 v0x11e77c200_0;
    %cmp/e;
    %jmp/0xz  T_21.8, 4;
    %pushi/vec4 0, 0, 8;
    %assign/vec4 v0x11e77c290_0, 0;
    %pushi/vec4 1, 0, 1;
    %assign/vec4 v0x11e77be20_0, 0;
    %jmp T_21.9;
T_21.8 ;
    %load/vec4 v0x11e77c290_0;
    %addi 1, 0, 8;
    %assign/vec4 v0x11e77c290_0, 0;
    %pushi/vec4 0, 0, 1;
    %assign/vec4 v0x11e77be20_0, 0;
T_21.9 ;
    %jmp T_21.7;
T_21.6 ;
    %load/vec4 v0x11e77c290_0;
    %assign/vec4 v0x11e77c290_0, 0;
    %load/vec4 v0x11e77be20_0;
    %assign/vec4 v0x11e77be20_0, 0;
T_21.7 ;
T_21.3 ;
T_21.1 ;
    %jmp T_21;
    .thread T_21;
    .scope S_0x11e77d690;
T_22 ;
    %pushi/vec4 0, 0, 8;
    %store/vec4 v0x11e77d920_0, 0, 8;
    %pushi/vec4 0, 0, 8;
    %store/vec4 v0x11e77db00_0, 0, 8;
    %pushi/vec4 0, 0, 16;
    %store/vec4 v0x11e77dbb0_0, 0, 16;
    %pushi/vec4 0, 0, 32;
    %store/vec4 v0x11e77da70_0, 0, 32;
    %end;
    .thread T_22;
    .scope S_0x11e77d690;
T_23 ;
    %wait E_0x11e77d8d0;
    %load/vec4 v0x11e77db00_0;
    %load/vec4 v0x11e77d9d0_0;
    %cmp/ne;
    %jmp/0xz  T_23.0, 4;
    %pushi/vec4 0, 0, 8;
    %load/vec4 v0x11e77d9d0_0;
    %concat/vec4; draw_concat_vec4
    %store/vec4 v0x11e77dbb0_0, 0, 16;
    %load/vec4 v0x11e77d9d0_0;
    %store/vec4 v0x11e77db00_0, 0, 8;
    %pushi/vec4 0, 0, 32;
    %store/vec4 v0x11e77da70_0, 0, 32;
    %pushi/vec4 0, 0, 32;
    %store/vec4 v0x11e77da70_0, 0, 32;
T_23.2 ;
    %load/vec4 v0x11e77da70_0;
    %cmpi/s 8, 0, 32;
    %jmp/0xz T_23.3, 5;
    %load/vec4 v0x11e77dbb0_0;
    %parti/s 4, 12, 5;
    %pad/u 32;
    %cmpi/u 4, 0, 32;
    %flag_or 5, 4; GT is !LE
    %flag_inv 5;
    %jmp/0xz  T_23.4, 5;
    %load/vec4 v0x11e77dbb0_0;
    %parti/s 4, 12, 5;
    %addi 3, 0, 4;
    %ix/load 4, 12, 0;
    %flag_set/imm 4, 0;
    %store/vec4 v0x11e77dbb0_0, 4, 4;
T_23.4 ;
    %load/vec4 v0x11e77dbb0_0;
    %parti/s 4, 8, 5;
    %pad/u 32;
    %cmpi/u 4, 0, 32;
    %flag_or 5, 4; GT is !LE
    %flag_inv 5;
    %jmp/0xz  T_23.6, 5;
    %load/vec4 v0x11e77dbb0_0;
    %parti/s 4, 8, 5;
    %addi 3, 0, 4;
    %ix/load 4, 8, 0;
    %flag_set/imm 4, 0;
    %store/vec4 v0x11e77dbb0_0, 4, 4;
T_23.6 ;
    %load/vec4 v0x11e77dbb0_0;
    %ix/load 4, 1, 0;
    %flag_set/imm 4, 0;
    %shiftl 4;
    %store/vec4 v0x11e77dbb0_0, 0, 16;
    %load/vec4 v0x11e77da70_0;
    %addi 1, 0, 32;
    %store/vec4 v0x11e77da70_0, 0, 32;
    %jmp T_23.2;
T_23.3 ;
    %load/vec4 v0x11e77dbb0_0;
    %parti/s 8, 8, 5;
    %store/vec4 v0x11e77d920_0, 0, 8;
T_23.0 ;
    %jmp T_23;
    .thread T_23, $push;
    .scope S_0x11e77dcd0;
T_24 ;
    %pushi/vec4 0, 0, 8;
    %store/vec4 v0x11e77df10_0, 0, 8;
    %pushi/vec4 0, 0, 8;
    %store/vec4 v0x11e77e130_0, 0, 8;
    %pushi/vec4 0, 0, 16;
    %store/vec4 v0x11e77e1e0_0, 0, 16;
    %pushi/vec4 0, 0, 32;
    %store/vec4 v0x11e77e070_0, 0, 32;
    %end;
    .thread T_24;
    .scope S_0x11e77dcd0;
T_25 ;
    %wait E_0x11e77dec0;
    %load/vec4 v0x11e77e130_0;
    %load/vec4 v0x11e77dfc0_0;
    %cmp/ne;
    %jmp/0xz  T_25.0, 4;
    %pushi/vec4 0, 0, 8;
    %load/vec4 v0x11e77dfc0_0;
    %concat/vec4; draw_concat_vec4
    %store/vec4 v0x11e77e1e0_0, 0, 16;
    %load/vec4 v0x11e77dfc0_0;
    %store/vec4 v0x11e77e130_0, 0, 8;
    %pushi/vec4 0, 0, 32;
    %store/vec4 v0x11e77e070_0, 0, 32;
    %pushi/vec4 0, 0, 32;
    %store/vec4 v0x11e77e070_0, 0, 32;
T_25.2 ;
    %load/vec4 v0x11e77e070_0;
    %cmpi/s 8, 0, 32;
    %jmp/0xz T_25.3, 5;
    %load/vec4 v0x11e77e1e0_0;
    %parti/s 4, 12, 5;
    %pad/u 32;
    %cmpi/u 4, 0, 32;
    %flag_or 5, 4; GT is !LE
    %flag_inv 5;
    %jmp/0xz  T_25.4, 5;
    %load/vec4 v0x11e77e1e0_0;
    %parti/s 4, 12, 5;
    %addi 3, 0, 4;
    %ix/load 4, 12, 0;
    %flag_set/imm 4, 0;
    %store/vec4 v0x11e77e1e0_0, 4, 4;
T_25.4 ;
    %load/vec4 v0x11e77e1e0_0;
    %parti/s 4, 8, 5;
    %pad/u 32;
    %cmpi/u 4, 0, 32;
    %flag_or 5, 4; GT is !LE
    %flag_inv 5;
    %jmp/0xz  T_25.6, 5;
    %load/vec4 v0x11e77e1e0_0;
    %parti/s 4, 8, 5;
    %addi 3, 0, 4;
    %ix/load 4, 8, 0;
    %flag_set/imm 4, 0;
    %store/vec4 v0x11e77e1e0_0, 4, 4;
T_25.6 ;
    %load/vec4 v0x11e77e1e0_0;
    %ix/load 4, 1, 0;
    %flag_set/imm 4, 0;
    %shiftl 4;
    %store/vec4 v0x11e77e1e0_0, 0, 16;
    %load/vec4 v0x11e77e070_0;
    %addi 1, 0, 32;
    %store/vec4 v0x11e77e070_0, 0, 32;
    %jmp T_25.2;
T_25.3 ;
    %load/vec4 v0x11e77e1e0_0;
    %parti/s 8, 8, 5;
    %store/vec4 v0x11e77df10_0, 0, 8;
T_25.0 ;
    %jmp T_25;
    .thread T_25, $push;
    .scope S_0x11e77e300;
T_26 ;
    %pushi/vec4 0, 0, 8;
    %store/vec4 v0x11e77e540_0, 0, 8;
    %pushi/vec4 0, 0, 8;
    %store/vec4 v0x11e77e760_0, 0, 8;
    %pushi/vec4 0, 0, 16;
    %store/vec4 v0x11e77e810_0, 0, 16;
    %pushi/vec4 0, 0, 32;
    %store/vec4 v0x11e77e6a0_0, 0, 32;
    %end;
    .thread T_26;
    .scope S_0x11e77e300;
T_27 ;
    %wait E_0x11e77e4f0;
    %load/vec4 v0x11e77e760_0;
    %load/vec4 v0x11e77e5f0_0;
    %cmp/ne;
    %jmp/0xz  T_27.0, 4;
    %pushi/vec4 0, 0, 8;
    %load/vec4 v0x11e77e5f0_0;
    %concat/vec4; draw_concat_vec4
    %store/vec4 v0x11e77e810_0, 0, 16;
    %load/vec4 v0x11e77e5f0_0;
    %store/vec4 v0x11e77e760_0, 0, 8;
    %pushi/vec4 0, 0, 32;
    %store/vec4 v0x11e77e6a0_0, 0, 32;
    %pushi/vec4 0, 0, 32;
    %store/vec4 v0x11e77e6a0_0, 0, 32;
T_27.2 ;
    %load/vec4 v0x11e77e6a0_0;
    %cmpi/s 8, 0, 32;
    %jmp/0xz T_27.3, 5;
    %load/vec4 v0x11e77e810_0;
    %parti/s 4, 12, 5;
    %pad/u 32;
    %cmpi/u 4, 0, 32;
    %flag_or 5, 4; GT is !LE
    %flag_inv 5;
    %jmp/0xz  T_27.4, 5;
    %load/vec4 v0x11e77e810_0;
    %parti/s 4, 12, 5;
    %addi 3, 0, 4;
    %ix/load 4, 12, 0;
    %flag_set/imm 4, 0;
    %store/vec4 v0x11e77e810_0, 4, 4;
T_27.4 ;
    %load/vec4 v0x11e77e810_0;
    %parti/s 4, 8, 5;
    %pad/u 32;
    %cmpi/u 4, 0, 32;
    %flag_or 5, 4; GT is !LE
    %flag_inv 5;
    %jmp/0xz  T_27.6, 5;
    %load/vec4 v0x11e77e810_0;
    %parti/s 4, 8, 5;
    %addi 3, 0, 4;
    %ix/load 4, 8, 0;
    %flag_set/imm 4, 0;
    %store/vec4 v0x11e77e810_0, 4, 4;
T_27.6 ;
    %load/vec4 v0x11e77e810_0;
    %ix/load 4, 1, 0;
    %flag_set/imm 4, 0;
    %shiftl 4;
    %store/vec4 v0x11e77e810_0, 0, 16;
    %load/vec4 v0x11e77e6a0_0;
    %addi 1, 0, 32;
    %store/vec4 v0x11e77e6a0_0, 0, 32;
    %jmp T_27.2;
T_27.3 ;
    %load/vec4 v0x11e77e810_0;
    %parti/s 8, 8, 5;
    %store/vec4 v0x11e77e540_0, 0, 8;
T_27.0 ;
    %jmp T_27;
    .thread T_27, $push;
    .scope S_0x11e77e930;
T_28 ;
    %pushi/vec4 0, 0, 8;
    %store/vec4 v0x11e77eb70_0, 0, 8;
    %pushi/vec4 0, 0, 8;
    %store/vec4 v0x11e77ed90_0, 0, 8;
    %pushi/vec4 0, 0, 16;
    %store/vec4 v0x11e77ee40_0, 0, 16;
    %pushi/vec4 0, 0, 32;
    %store/vec4 v0x11e77ecd0_0, 0, 32;
    %end;
    .thread T_28;
    .scope S_0x11e77e930;
T_29 ;
    %wait E_0x11e77eb20;
    %load/vec4 v0x11e77ed90_0;
    %load/vec4 v0x11e77ec20_0;
    %cmp/ne;
    %jmp/0xz  T_29.0, 4;
    %pushi/vec4 0, 0, 8;
    %load/vec4 v0x11e77ec20_0;
    %concat/vec4; draw_concat_vec4
    %store/vec4 v0x11e77ee40_0, 0, 16;
    %load/vec4 v0x11e77ec20_0;
    %store/vec4 v0x11e77ed90_0, 0, 8;
    %pushi/vec4 0, 0, 32;
    %store/vec4 v0x11e77ecd0_0, 0, 32;
    %pushi/vec4 0, 0, 32;
    %store/vec4 v0x11e77ecd0_0, 0, 32;
T_29.2 ;
    %load/vec4 v0x11e77ecd0_0;
    %cmpi/s 8, 0, 32;
    %jmp/0xz T_29.3, 5;
    %load/vec4 v0x11e77ee40_0;
    %parti/s 4, 12, 5;
    %pad/u 32;
    %cmpi/u 4, 0, 32;
    %flag_or 5, 4; GT is !LE
    %flag_inv 5;
    %jmp/0xz  T_29.4, 5;
    %load/vec4 v0x11e77ee40_0;
    %parti/s 4, 12, 5;
    %addi 3, 0, 4;
    %ix/load 4, 12, 0;
    %flag_set/imm 4, 0;
    %store/vec4 v0x11e77ee40_0, 4, 4;
T_29.4 ;
    %load/vec4 v0x11e77ee40_0;
    %parti/s 4, 8, 5;
    %pad/u 32;
    %cmpi/u 4, 0, 32;
    %flag_or 5, 4; GT is !LE
    %flag_inv 5;
    %jmp/0xz  T_29.6, 5;
    %load/vec4 v0x11e77ee40_0;
    %parti/s 4, 8, 5;
    %addi 3, 0, 4;
    %ix/load 4, 8, 0;
    %flag_set/imm 4, 0;
    %store/vec4 v0x11e77ee40_0, 4, 4;
T_29.6 ;
    %load/vec4 v0x11e77ee40_0;
    %ix/load 4, 1, 0;
    %flag_set/imm 4, 0;
    %shiftl 4;
    %store/vec4 v0x11e77ee40_0, 0, 16;
    %load/vec4 v0x11e77ecd0_0;
    %addi 1, 0, 32;
    %store/vec4 v0x11e77ecd0_0, 0, 32;
    %jmp T_29.2;
T_29.3 ;
    %load/vec4 v0x11e77ee40_0;
    %parti/s 8, 8, 5;
    %store/vec4 v0x11e77eb70_0, 0, 8;
T_29.0 ;
    %jmp T_29;
    .thread T_29, $push;
    .scope S_0x11e77ef60;
T_30 ;
    %pushi/vec4 0, 0, 8;
    %store/vec4 v0x11e77f1a0_0, 0, 8;
    %pushi/vec4 0, 0, 8;
    %store/vec4 v0x11e77f3c0_0, 0, 8;
    %pushi/vec4 0, 0, 16;
    %store/vec4 v0x11e77f470_0, 0, 16;
    %pushi/vec4 0, 0, 32;
    %store/vec4 v0x11e77f300_0, 0, 32;
    %end;
    .thread T_30;
    .scope S_0x11e77ef60;
T_31 ;
    %wait E_0x11e77f150;
    %load/vec4 v0x11e77f3c0_0;
    %load/vec4 v0x11e77f250_0;
    %cmp/ne;
    %jmp/0xz  T_31.0, 4;
    %pushi/vec4 0, 0, 8;
    %load/vec4 v0x11e77f250_0;
    %concat/vec4; draw_concat_vec4
    %store/vec4 v0x11e77f470_0, 0, 16;
    %load/vec4 v0x11e77f250_0;
    %store/vec4 v0x11e77f3c0_0, 0, 8;
    %pushi/vec4 0, 0, 32;
    %store/vec4 v0x11e77f300_0, 0, 32;
    %pushi/vec4 0, 0, 32;
    %store/vec4 v0x11e77f300_0, 0, 32;
T_31.2 ;
    %load/vec4 v0x11e77f300_0;
    %cmpi/s 8, 0, 32;
    %jmp/0xz T_31.3, 5;
    %load/vec4 v0x11e77f470_0;
    %parti/s 4, 12, 5;
    %pad/u 32;
    %cmpi/u 4, 0, 32;
    %flag_or 5, 4; GT is !LE
    %flag_inv 5;
    %jmp/0xz  T_31.4, 5;
    %load/vec4 v0x11e77f470_0;
    %parti/s 4, 12, 5;
    %addi 3, 0, 4;
    %ix/load 4, 12, 0;
    %flag_set/imm 4, 0;
    %store/vec4 v0x11e77f470_0, 4, 4;
T_31.4 ;
    %load/vec4 v0x11e77f470_0;
    %parti/s 4, 8, 5;
    %pad/u 32;
    %cmpi/u 4, 0, 32;
    %flag_or 5, 4; GT is !LE
    %flag_inv 5;
    %jmp/0xz  T_31.6, 5;
    %load/vec4 v0x11e77f470_0;
    %parti/s 4, 8, 5;
    %addi 3, 0, 4;
    %ix/load 4, 8, 0;
    %flag_set/imm 4, 0;
    %store/vec4 v0x11e77f470_0, 4, 4;
T_31.6 ;
    %load/vec4 v0x11e77f470_0;
    %ix/load 4, 1, 0;
    %flag_set/imm 4, 0;
    %shiftl 4;
    %store/vec4 v0x11e77f470_0, 0, 16;
    %load/vec4 v0x11e77f300_0;
    %addi 1, 0, 32;
    %store/vec4 v0x11e77f300_0, 0, 32;
    %jmp T_31.2;
T_31.3 ;
    %load/vec4 v0x11e77f470_0;
    %parti/s 8, 8, 5;
    %store/vec4 v0x11e77f1a0_0, 0, 8;
T_31.0 ;
    %jmp T_31;
    .thread T_31, $push;
    .scope S_0x11e77f590;
T_32 ;
    %pushi/vec4 0, 0, 8;
    %store/vec4 v0x11e77f7d0_0, 0, 8;
    %pushi/vec4 0, 0, 8;
    %store/vec4 v0x11e77f9f0_0, 0, 8;
    %pushi/vec4 0, 0, 16;
    %store/vec4 v0x11e77faa0_0, 0, 16;
    %pushi/vec4 0, 0, 32;
    %store/vec4 v0x11e77f930_0, 0, 32;
    %end;
    .thread T_32;
    .scope S_0x11e77f590;
T_33 ;
    %wait E_0x11e77f780;
    %load/vec4 v0x11e77f9f0_0;
    %load/vec4 v0x11e77f880_0;
    %cmp/ne;
    %jmp/0xz  T_33.0, 4;
    %pushi/vec4 0, 0, 8;
    %load/vec4 v0x11e77f880_0;
    %concat/vec4; draw_concat_vec4
    %store/vec4 v0x11e77faa0_0, 0, 16;
    %load/vec4 v0x11e77f880_0;
    %store/vec4 v0x11e77f9f0_0, 0, 8;
    %pushi/vec4 0, 0, 32;
    %store/vec4 v0x11e77f930_0, 0, 32;
    %pushi/vec4 0, 0, 32;
    %store/vec4 v0x11e77f930_0, 0, 32;
T_33.2 ;
    %load/vec4 v0x11e77f930_0;
    %cmpi/s 8, 0, 32;
    %jmp/0xz T_33.3, 5;
    %load/vec4 v0x11e77faa0_0;
    %parti/s 4, 12, 5;
    %pad/u 32;
    %cmpi/u 4, 0, 32;
    %flag_or 5, 4; GT is !LE
    %flag_inv 5;
    %jmp/0xz  T_33.4, 5;
    %load/vec4 v0x11e77faa0_0;
    %parti/s 4, 12, 5;
    %addi 3, 0, 4;
    %ix/load 4, 12, 0;
    %flag_set/imm 4, 0;
    %store/vec4 v0x11e77faa0_0, 4, 4;
T_33.4 ;
    %load/vec4 v0x11e77faa0_0;
    %parti/s 4, 8, 5;
    %pad/u 32;
    %cmpi/u 4, 0, 32;
    %flag_or 5, 4; GT is !LE
    %flag_inv 5;
    %jmp/0xz  T_33.6, 5;
    %load/vec4 v0x11e77faa0_0;
    %parti/s 4, 8, 5;
    %addi 3, 0, 4;
    %ix/load 4, 8, 0;
    %flag_set/imm 4, 0;
    %store/vec4 v0x11e77faa0_0, 4, 4;
T_33.6 ;
    %load/vec4 v0x11e77faa0_0;
    %ix/load 4, 1, 0;
    %flag_set/imm 4, 0;
    %shiftl 4;
    %store/vec4 v0x11e77faa0_0, 0, 16;
    %load/vec4 v0x11e77f930_0;
    %addi 1, 0, 32;
    %store/vec4 v0x11e77f930_0, 0, 32;
    %jmp T_33.2;
T_33.3 ;
    %load/vec4 v0x11e77faa0_0;
    %parti/s 8, 8, 5;
    %store/vec4 v0x11e77f7d0_0, 0, 8;
T_33.0 ;
    %jmp T_33;
    .thread T_33, $push;
    .scope S_0x11e780580;
T_34 ;
    %pushi/vec4 0, 0, 32;
    %store/vec4 v0x11e7808f0_0, 0, 32;
    %end;
    .thread T_34;
    .scope S_0x11e780580;
T_35 ;
    %pushi/vec4 0, 0, 1;
    %store/vec4 v0x11e7807b0_0, 0, 1;
    %end;
    .thread T_35;
    .scope S_0x11e780580;
T_36 ;
    %wait E_0x11e779860;
    %load/vec4 v0x11e780a50_0;
    %nor/r;
    %flag_set/vec4 8;
    %jmp/0xz  T_36.0, 8;
    %pushi/vec4 0, 0, 32;
    %assign/vec4 v0x11e7808f0_0, 0;
    %pushi/vec4 0, 0, 1;
    %assign/vec4 v0x11e7807b0_0, 0;
    %jmp T_36.1;
T_36.0 ;
    %load/vec4 v0x11e7808f0_0;
    %load/vec4 v0x11e7809a0_0;
    %cmp/e;
    %jmp/0xz  T_36.2, 4;
    %load/vec4 v0x11e7807b0_0;
    %inv;
    %assign/vec4 v0x11e7807b0_0, 0;
    %pushi/vec4 0, 0, 32;
    %assign/vec4 v0x11e7808f0_0, 0;
    %jmp T_36.3;
T_36.2 ;
    %load/vec4 v0x11e7808f0_0;
    %addi 1, 0, 32;
    %assign/vec4 v0x11e7808f0_0, 0;
T_36.3 ;
T_36.1 ;
    %jmp T_36;
    .thread T_36;
    .scope S_0x11e77fe90;
T_37 ;
    %wait E_0x11e780130;
    %load/vec4 v0x11e780450_0;
    %dup/vec4;
    %pushi/vec4 0, 0, 3;
    %cmp/u;
    %jmp/1 T_37.0, 6;
    %dup/vec4;
    %pushi/vec4 1, 0, 3;
    %cmp/u;
    %jmp/1 T_37.1, 6;
    %dup/vec4;
    %pushi/vec4 2, 0, 3;
    %cmp/u;
    %jmp/1 T_37.2, 6;
    %dup/vec4;
    %pushi/vec4 3, 0, 3;
    %cmp/u;
    %jmp/1 T_37.3, 6;
    %dup/vec4;
    %pushi/vec4 4, 0, 3;
    %cmp/u;
    %jmp/1 T_37.4, 6;
    %dup/vec4;
    %pushi/vec4 5, 0, 3;
    %cmp/u;
    %jmp/1 T_37.5, 6;
    %dup/vec4;
    %pushi/vec4 6, 0, 3;
    %cmp/u;
    %jmp/1 T_37.6, 6;
    %dup/vec4;
    %pushi/vec4 7, 0, 3;
    %cmp/u;
    %jmp/1 T_37.7, 6;
    %pushi/vec4 255, 0, 8;
    %store/vec4 v0x11e780230_0, 0, 8;
    %jmp T_37.9;
T_37.0 ;
    %pushi/vec4 254, 0, 8;
    %store/vec4 v0x11e780230_0, 0, 8;
    %jmp T_37.9;
T_37.1 ;
    %pushi/vec4 253, 0, 8;
    %store/vec4 v0x11e780230_0, 0, 8;
    %jmp T_37.9;
T_37.2 ;
    %pushi/vec4 251, 0, 8;
    %store/vec4 v0x11e780230_0, 0, 8;
    %jmp T_37.9;
T_37.3 ;
    %pushi/vec4 247, 0, 8;
    %store/vec4 v0x11e780230_0, 0, 8;
    %jmp T_37.9;
T_37.4 ;
    %pushi/vec4 239, 0, 8;
    %store/vec4 v0x11e780230_0, 0, 8;
    %jmp T_37.9;
T_37.5 ;
    %pushi/vec4 223, 0, 8;
    %store/vec4 v0x11e780230_0, 0, 8;
    %jmp T_37.9;
T_37.6 ;
    %pushi/vec4 191, 0, 8;
    %store/vec4 v0x11e780230_0, 0, 8;
    %jmp T_37.9;
T_37.7 ;
    %pushi/vec4 127, 0, 8;
    %store/vec4 v0x11e780230_0, 0, 8;
    %jmp T_37.9;
T_37.9 ;
    %pop/vec4 1;
    %jmp T_37;
    .thread T_37, $push;
    .scope S_0x11e77fe90;
T_38 ;
    %wait E_0x11e7800e0;
    %load/vec4 v0x11e7802e0_0;
    %dup/vec4;
    %pushi/vec4 0, 0, 4;
    %cmp/u;
    %jmp/1 T_38.0, 6;
    %dup/vec4;
    %pushi/vec4 1, 0, 4;
    %cmp/u;
    %jmp/1 T_38.1, 6;
    %dup/vec4;
    %pushi/vec4 2, 0, 4;
    %cmp/u;
    %jmp/1 T_38.2, 6;
    %dup/vec4;
    %pushi/vec4 3, 0, 4;
    %cmp/u;
    %jmp/1 T_38.3, 6;
    %dup/vec4;
    %pushi/vec4 4, 0, 4;
    %cmp/u;
    %jmp/1 T_38.4, 6;
    %dup/vec4;
    %pushi/vec4 5, 0, 4;
    %cmp/u;
    %jmp/1 T_38.5, 6;
    %dup/vec4;
    %pushi/vec4 6, 0, 4;
    %cmp/u;
    %jmp/1 T_38.6, 6;
    %dup/vec4;
    %pushi/vec4 7, 0, 4;
    %cmp/u;
    %jmp/1 T_38.7, 6;
    %dup/vec4;
    %pushi/vec4 8, 0, 4;
    %cmp/u;
    %jmp/1 T_38.8, 6;
    %dup/vec4;
    %pushi/vec4 9, 0, 4;
    %cmp/u;
    %jmp/1 T_38.9, 6;
    %dup/vec4;
    %pushi/vec4 10, 0, 4;
    %cmp/u;
    %jmp/1 T_38.10, 6;
    %pushi/vec4 255, 0, 8;
    %store/vec4 v0x11e7803a0_0, 0, 8;
    %jmp T_38.12;
T_38.0 ;
    %pushi/vec4 3, 0, 8;
    %store/vec4 v0x11e7803a0_0, 0, 8;
    %jmp T_38.12;
T_38.1 ;
    %pushi/vec4 159, 0, 8;
    %store/vec4 v0x11e7803a0_0, 0, 8;
    %jmp T_38.12;
T_38.2 ;
    %pushi/vec4 37, 0, 8;
    %store/vec4 v0x11e7803a0_0, 0, 8;
    %jmp T_38.12;
T_38.3 ;
    %pushi/vec4 13, 0, 8;
    %store/vec4 v0x11e7803a0_0, 0, 8;
    %jmp T_38.12;
T_38.4 ;
    %pushi/vec4 153, 0, 8;
    %store/vec4 v0x11e7803a0_0, 0, 8;
    %jmp T_38.12;
T_38.5 ;
    %pushi/vec4 73, 0, 8;
    %store/vec4 v0x11e7803a0_0, 0, 8;
    %jmp T_38.12;
T_38.6 ;
    %pushi/vec4 65, 0, 8;
    %store/vec4 v0x11e7803a0_0, 0, 8;
    %jmp T_38.12;
T_38.7 ;
    %pushi/vec4 31, 0, 8;
    %store/vec4 v0x11e7803a0_0, 0, 8;
    %jmp T_38.12;
T_38.8 ;
    %pushi/vec4 1, 0, 8;
    %store/vec4 v0x11e7803a0_0, 0, 8;
    %jmp T_38.12;
T_38.9 ;
    %pushi/vec4 9, 0, 8;
    %store/vec4 v0x11e7803a0_0, 0, 8;
    %jmp T_38.12;
T_38.10 ;
    %pushi/vec4 253, 0, 8;
    %store/vec4 v0x11e7803a0_0, 0, 8;
    %jmp T_38.12;
T_38.12 ;
    %pop/vec4 1;
    %jmp T_38;
    .thread T_38, $push;
    .scope S_0x11e77fbc0;
T_39 ;
    %wait E_0x11e77fe60;
    %load/vec4 v0x11e780fb0_0;
    %nor/r;
    %flag_set/vec4 8;
    %jmp/0xz  T_39.0, 8;
    %pushi/vec4 0, 0, 3;
    %assign/vec4 v0x11e7810d0_0, 0;
    %jmp T_39.1;
T_39.0 ;
    %load/vec4 v0x11e7810d0_0;
    %addi 1, 0, 3;
    %assign/vec4 v0x11e7810d0_0, 0;
T_39.1 ;
    %jmp T_39;
    .thread T_39;
    .scope S_0x11e77fbc0;
T_40 ;
    %wait E_0x11e77fe30;
    %load/vec4 v0x11e7810d0_0;
    %dup/vec4;
    %pushi/vec4 7, 0, 3;
    %cmp/u;
    %jmp/1 T_40.0, 6;
    %dup/vec4;
    %pushi/vec4 6, 0, 3;
    %cmp/u;
    %jmp/1 T_40.1, 6;
    %dup/vec4;
    %pushi/vec4 5, 0, 3;
    %cmp/u;
    %jmp/1 T_40.2, 6;
    %dup/vec4;
    %pushi/vec4 4, 0, 3;
    %cmp/u;
    %jmp/1 T_40.3, 6;
    %dup/vec4;
    %pushi/vec4 3, 0, 3;
    %cmp/u;
    %jmp/1 T_40.4, 6;
    %dup/vec4;
    %pushi/vec4 2, 0, 3;
    %cmp/u;
    %jmp/1 T_40.5, 6;
    %dup/vec4;
    %pushi/vec4 1, 0, 3;
    %cmp/u;
    %jmp/1 T_40.6, 6;
    %dup/vec4;
    %pushi/vec4 0, 0, 3;
    %cmp/u;
    %jmp/1 T_40.7, 6;
    %jmp T_40.8;
T_40.0 ;
    %load/vec4 v0x11e780e90_0;
    %parti/s 4, 28, 6;
    %store/vec4 v0x11e780f20_0, 0, 4;
    %jmp T_40.8;
T_40.1 ;
    %load/vec4 v0x11e780e90_0;
    %parti/s 4, 24, 6;
    %store/vec4 v0x11e780f20_0, 0, 4;
    %jmp T_40.8;
T_40.2 ;
    %load/vec4 v0x11e780e90_0;
    %parti/s 4, 20, 6;
    %store/vec4 v0x11e780f20_0, 0, 4;
    %jmp T_40.8;
T_40.3 ;
    %load/vec4 v0x11e780e90_0;
    %parti/s 4, 16, 6;
    %store/vec4 v0x11e780f20_0, 0, 4;
    %jmp T_40.8;
T_40.4 ;
    %load/vec4 v0x11e780e90_0;
    %parti/s 4, 12, 5;
    %store/vec4 v0x11e780f20_0, 0, 4;
    %jmp T_40.8;
T_40.5 ;
    %load/vec4 v0x11e780e90_0;
    %parti/s 4, 8, 5;
    %store/vec4 v0x11e780f20_0, 0, 4;
    %jmp T_40.8;
T_40.6 ;
    %load/vec4 v0x11e780e90_0;
    %parti/s 4, 4, 4;
    %store/vec4 v0x11e780f20_0, 0, 4;
    %jmp T_40.8;
T_40.7 ;
    %load/vec4 v0x11e780e90_0;
    %parti/s 4, 0, 2;
    %store/vec4 v0x11e780f20_0, 0, 4;
    %jmp T_40.8;
T_40.8 ;
    %pop/vec4 1;
    %jmp T_40;
    .thread T_40, $push;
    .scope S_0x11e7791a0;
T_41 ;
    %wait E_0x11e7795a0;
    %load/vec4 v0x11e784680_0;
    %store/vec4 v0x11e784470_0, 0, 8;
    %load/vec4 v0x11e784900_0;
    %store/vec4 v0x11e7831d0_0, 0, 8;
    %load/vec4 v0x11e784d40_0;
    %store/vec4 v0x11e784c90_0, 0, 8;
    %load/vec4 v0x11e784f50_0;
    %store/vec4 v0x11e784ea0_0, 0, 8;
    %load/vec4 v0x11e7845d0_0;
    %store/vec4 v0x11e784520_0, 0, 8;
    %load/vec4 v0x11e784870_0;
    %store/vec4 v0x11e783280_0, 0, 8;
    %jmp T_41;
    .thread T_41, $push;
    .scope S_0x11e7791a0;
T_42 ;
    %wait E_0x11e779560;
    %load/vec4 v0x11e782870_0;
    %flag_set/vec4 8;
    %jmp/0xz  T_42.0, 8;
    %pushi/vec4 0, 0, 2;
    %assign/vec4 v0x11e7823d0_0, 0;
    %pushi/vec4 0, 0, 1;
    %assign/vec4 v0x11e782460_0, 0;
    %jmp T_42.1;
T_42.0 ;
    %load/vec4 v0x11e7824f0_0;
    %nor/r;
    %flag_set/vec4 8;
    %jmp/0xz  T_42.2, 8;
    %load/vec4 v0x11e782a20_0;
    %flag_set/vec4 8;
    %jmp/0xz  T_42.4, 8;
    %load/vec4 v0x11e782460_0;
    %pad/u 2;
    %addi 1, 0, 2;
    %pad/u 1;
    %assign/vec4 v0x11e782460_0, 0;
    %jmp T_42.5;
T_42.4 ;
    %load/vec4 v0x11e7823d0_0;
    %addi 1, 0, 2;
    %assign/vec4 v0x11e7823d0_0, 0;
T_42.5 ;
    %jmp T_42.3;
T_42.2 ;
    %load/vec4 v0x11e7823d0_0;
    %assign/vec4 v0x11e7823d0_0, 0;
    %load/vec4 v0x11e782460_0;
    %assign/vec4 v0x11e782460_0, 0;
T_42.3 ;
T_42.1 ;
    %jmp T_42;
    .thread T_42;
    .scope S_0x11e7791a0;
T_43 ;
    %wait E_0x11e7794f0;
    %load/vec4 v0x11e782870_0;
    %flag_set/vec4 8;
    %jmp/0xz  T_43.0, 8;
    %load/vec4 v0x11e782a20_0;
    %flag_set/vec4 8;
    %jmp/0xz  T_43.2, 8;
    %load/vec4 v0x11e7824f0_0;
    %ix/getv 4, v0x11e782460_0;
    %store/vec4 v0x11e782340_0, 4, 1;
    %jmp T_43.3;
T_43.2 ;
    %load/vec4 v0x11e7824f0_0;
    %ix/getv 4, v0x11e7823d0_0;
    %store/vec4 v0x11e7822b0_0, 4, 1;
T_43.3 ;
    %jmp T_43.1;
T_43.0 ;
    %pushi/vec4 0, 0, 4;
    %store/vec4 v0x11e7822b0_0, 0, 4;
    %pushi/vec4 0, 0, 2;
    %store/vec4 v0x11e782340_0, 0, 2;
T_43.1 ;
    %jmp T_43;
    .thread T_43, $push;
    .scope S_0x11e732cc0;
T_44 ;
    %vpi_call 3 19 "$display", "start" {0 0 0};
    %vpi_call 3 20 "$dumpfile", "main_wave.vcd" {0 0 0};
    %vpi_call 3 21 "$dumpvars", 32'sb00000000000000000000000000000000, S_0x11e732cc0 {0 0 0};
    %pushi/vec4 0, 0, 8;
    %store/vec4 v0x11e785850_0, 0, 8;
    %pushi/vec4 0, 0, 1;
    %store/vec4 v0x11e7851c0_0, 0, 1;
    %pushi/vec4 1, 0, 1;
    %store/vec4 v0x11e7858e0_0, 0, 1;
    %pushi/vec4 1, 0, 1;
    %store/vec4 v0x11e785260_0, 0, 1;
    %pushi/vec4 0, 0, 1;
    %store/vec4 v0x11e785730_0, 0, 1;
    %pushi/vec4 0, 0, 1;
    %store/vec4 v0x11e785410_0, 0, 1;
    %pushi/vec4 0, 0, 1;
    %store/vec4 v0x11e785550_0, 0, 1;
    %pushi/vec4 0, 0, 1;
    %store/vec4 v0x11e785380_0, 0, 1;
    %delay 6000000, 0;
    %vpi_call 3 30 "$finish" {0 0 0};
    %end;
    .thread T_44;
    .scope S_0x11e732cc0;
T_45 ;
    %wait E_0x11e779160;
    %delay 5000, 0;
    %load/vec4 v0x11e7851c0_0;
    %nor/r;
    %assign/vec4 v0x11e7851c0_0, 0;
    %jmp T_45;
    .thread T_45, $push;
# The file index is used to find the file name in the following table.
:file_names 8;
    "N/A";
    "<interactive>";
    "/Users/mrx/Library/CloudStorage/OneDrive-/programing/digitcircuit/tmpt/dc_1/digitcircuit/teamwork/project_1/project_1.srcs/sources_1/new/Translator.v";
    "main_simu.v";
    "/Users/mrx/Library/CloudStorage/OneDrive-/programing/digitcircuit/tmpt/dc_1/digitcircuit/teamwork/project_1/project_1.srcs/sources_1/new/Clock.v";
    "/Users/mrx/Library/CloudStorage/OneDrive-/programing/digitcircuit/tmpt/dc_1/digitcircuit/teamwork/project_1/project_1.srcs/sources_1/new/Fdiv.v";
    "/Users/mrx/Library/CloudStorage/OneDrive-/programing/digitcircuit/tmpt/dc_1/digitcircuit/teamwork/project_1/project_1.srcs/sources_1/new/Counter.v";
    "/Users/mrx/Library/CloudStorage/OneDrive-/programing/digitcircuit/tmpt/dc_1/digitcircuit/teamwork/project_1/project_1.srcs/sources_1/new/Tube.v";
