#! /opt/homebrew/Cellar/icarus-verilog/11.0/bin/vvp
:ivl_version "11.0 (stable)";
:ivl_delay_selection "TYPICAL";
:vpi_time_precision - 12;
:vpi_module "/opt/homebrew/Cellar/icarus-verilog/11.0/lib/ivl/system.vpi";
:vpi_module "/opt/homebrew/Cellar/icarus-verilog/11.0/lib/ivl/vhdl_sys.vpi";
:vpi_module "/opt/homebrew/Cellar/icarus-verilog/11.0/lib/ivl/vhdl_textio.vpi";
:vpi_module "/opt/homebrew/Cellar/icarus-verilog/11.0/lib/ivl/v2005_math.vpi";
:vpi_module "/opt/homebrew/Cellar/icarus-verilog/11.0/lib/ivl/va_math.vpi";
S_0x146709850 .scope module, "decoder_brute" "decoder_brute" 2 3;
 .timescale -9 -12;
    .port_info 0 /INPUT 8 "D";
    .port_info 1 /OUTPUT 8 "BCD";
v0x146709b30_0 .var "BCD", 7 0;
o0x138030040 .functor BUFZ 8, C4<zzzzzzzz>; HiZ drive
v0x146719bc0_0 .net "D", 7 0, o0x138030040;  0 drivers
v0x146719c70_0 .var "high", 3 0;
v0x146719d30_0 .var "low", 3 0;
E_0x146704cd0 .event edge, v0x146719bc0_0, v0x146719c70_0, v0x146719d30_0;
S_0x1467099c0 .scope module, "simulation_decoder" "simulation_decoder" 3 24;
 .timescale -9 -12;
v0x14671a4c0_0 .net "ans", 7 0, v0x14671a0c0_0;  1 drivers
v0x14671a570_0 .var "bin", 7 0;
E_0x146719e10 .event edge, v0x14671a180_0;
S_0x146719e50 .scope module, "utt" "decoder" 3 29, 2 16 0, S_0x1467099c0;
 .timescale -9 -12;
    .port_info 0 /INPUT 8 "bin";
    .port_info 1 /OUTPUT 8 "BCD";
v0x14671a0c0_0 .var "BCD", 7 0;
v0x14671a180_0 .net "bin", 7 0, v0x14671a570_0;  1 drivers
v0x14671a230_0 .var/i "i", 31 0;
v0x14671a2f0_0 .var "prev_bin", 7 0;
v0x14671a3a0_0 .var "tmp", 15 0;
E_0x14671a060 .event edge, v0x14671a2f0_0, v0x14671a180_0, v0x14671a3a0_0;
    .scope S_0x146709850;
T_0 ;
    %wait E_0x146704cd0;
    %load/vec4 v0x146719bc0_0;
    %pad/u 32;
    %pushi/vec4 10, 0, 32;
    %div;
    %pad/u 4;
    %store/vec4 v0x146719c70_0, 0, 4;
    %load/vec4 v0x146719bc0_0;
    %pad/u 32;
    %pushi/vec4 10, 0, 32;
    %mod;
    %pad/u 4;
    %store/vec4 v0x146719d30_0, 0, 4;
    %load/vec4 v0x146719c70_0;
    %load/vec4 v0x146719d30_0;
    %concat/vec4; draw_concat_vec4
    %store/vec4 v0x146709b30_0, 0, 8;
    %jmp T_0;
    .thread T_0, $push;
    .scope S_0x146719e50;
T_1 ;
    %pushi/vec4 0, 0, 8;
    %store/vec4 v0x14671a0c0_0, 0, 8;
    %pushi/vec4 0, 0, 8;
    %store/vec4 v0x14671a2f0_0, 0, 8;
    %pushi/vec4 0, 0, 16;
    %store/vec4 v0x14671a3a0_0, 0, 16;
    %pushi/vec4 0, 0, 32;
    %store/vec4 v0x14671a230_0, 0, 32;
    %end;
    .thread T_1;
    .scope S_0x146719e50;
T_2 ;
    %wait E_0x14671a060;
    %load/vec4 v0x14671a2f0_0;
    %load/vec4 v0x14671a180_0;
    %cmp/ne;
    %jmp/0xz  T_2.0, 4;
    %pushi/vec4 0, 0, 8;
    %load/vec4 v0x14671a180_0;
    %concat/vec4; draw_concat_vec4
    %store/vec4 v0x14671a3a0_0, 0, 16;
    %load/vec4 v0x14671a180_0;
    %assign/vec4 v0x14671a2f0_0, 0;
    %pushi/vec4 0, 0, 32;
    %store/vec4 v0x14671a230_0, 0, 32;
    %pushi/vec4 0, 0, 32;
    %store/vec4 v0x14671a230_0, 0, 32;
T_2.2 ;
    %load/vec4 v0x14671a230_0;
    %cmpi/s 8, 0, 32;
    %jmp/0xz T_2.3, 5;
    %load/vec4 v0x14671a3a0_0;
    %parti/s 4, 12, 5;
    %pad/u 32;
    %cmpi/u 4, 0, 32;
    %flag_or 5, 4; GT is !LE
    %flag_inv 5;
    %jmp/0xz  T_2.4, 5;
    %load/vec4 v0x14671a3a0_0;
    %parti/s 4, 12, 5;
    %addi 3, 0, 4;
    %ix/load 4, 12, 0;
    %flag_set/imm 4, 0;
    %store/vec4 v0x14671a3a0_0, 4, 4;
T_2.4 ;
    %load/vec4 v0x14671a3a0_0;
    %parti/s 4, 8, 5;
    %pad/u 32;
    %cmpi/u 4, 0, 32;
    %flag_or 5, 4; GT is !LE
    %flag_inv 5;
    %jmp/0xz  T_2.6, 5;
    %load/vec4 v0x14671a3a0_0;
    %parti/s 4, 8, 5;
    %addi 3, 0, 4;
    %ix/load 4, 8, 0;
    %flag_set/imm 4, 0;
    %store/vec4 v0x14671a3a0_0, 4, 4;
T_2.6 ;
    %load/vec4 v0x14671a3a0_0;
    %ix/load 4, 1, 0;
    %flag_set/imm 4, 0;
    %shiftl 4;
    %store/vec4 v0x14671a3a0_0, 0, 16;
    %load/vec4 v0x14671a230_0;
    %addi 1, 0, 32;
    %store/vec4 v0x14671a230_0, 0, 32;
    %jmp T_2.2;
T_2.3 ;
    %load/vec4 v0x14671a3a0_0;
    %parti/s 8, 8, 5;
    %store/vec4 v0x14671a0c0_0, 0, 8;
T_2.0 ;
    %jmp T_2;
    .thread T_2, $push;
    .scope S_0x1467099c0;
T_3 ;
    %vpi_call 3 32 "$display", "start a clock pulse" {0 0 0};
    %vpi_call 3 33 "$dumpfile", "wave.vcd" {0 0 0};
    %vpi_call 3 34 "$dumpvars", 32'sb00000000000000000000000000000000, S_0x1467099c0 {0 0 0};
    %pushi/vec4 0, 0, 8;
    %store/vec4 v0x14671a570_0, 0, 8;
    %delay 6000000, 0;
    %vpi_call 3 36 "$finish" {0 0 0};
    %end;
    .thread T_3;
    .scope S_0x1467099c0;
T_4 ;
    %wait E_0x146719e10;
    %delay 20000, 0;
    %load/vec4 v0x14671a570_0;
    %addi 1, 0, 8;
    %assign/vec4 v0x14671a570_0, 0;
    %jmp T_4;
    .thread T_4, $push;
# The file index is used to find the file name in the following table.
:file_names 4;
    "N/A";
    "<interactive>";
    "./../../sources_1/new/Translator.v";
    "simulation_decoder.v";
