
*** Running vivado
    with args -log Clock.vds -m64 -product Vivado -mode batch -messageDb vivado.pb -notrace -source Clock.tcl



****** Vivado v2020.1 (64-bit)
  **** SW Build 2902540 on Wed May 27 19:54:49 MDT 2020
  **** IP Build 2902112 on Wed May 27 22:43:36 MDT 2020
    ** Copyright 1986-2020 Xilinx, Inc. All Rights Reserved.

source Clock.tcl -notrace
Command: synth_design -top Clock -part xc7a100tcsg324-2L
Starting synth_design
Attempting to get a license for feature 'Synthesis' and/or device 'xc7a100t'
INFO: [Common 17-349] Got license for feature 'Synthesis' and/or device 'xc7a100t'
INFO: [Device 21-403] Loading part xc7a100tcsg324-2L
INFO: [Synth 8-7079] Multithreading enabled for synth_design using a maximum of 2 processes.
INFO: [Synth 8-7078] Launching helper process for spawning children vivado processes
INFO: [Synth 8-7075] Helper process launched with PID 34420
---------------------------------------------------------------------------------
Starting RTL Elaboration : Time (s): cpu = 00:00:04 ; elapsed = 00:00:05 . Memory (MB): peak = 1014.816 ; gain = 0.000
---------------------------------------------------------------------------------
INFO: [Synth 8-6157] synthesizing module 'Clock' [C:/Users/LAYSKY/VSCode/DC_1/digitcircuit/teamwork/project_1/project_1.srcs/sources_1/new/Clock.v:5]
INFO: [Synth 8-6157] synthesizing module 'Fdiv' [C:/Users/LAYSKY/VSCode/DC_1/digitcircuit/teamwork/project_1/project_1.srcs/sources_1/new/Fdiv.v:3]
INFO: [Synth 8-6155] done synthesizing module 'Fdiv' (1#1) [C:/Users/LAYSKY/VSCode/DC_1/digitcircuit/teamwork/project_1/project_1.srcs/sources_1/new/Fdiv.v:3]
INFO: [Synth 8-6157] synthesizing module 'Counter' [C:/Users/LAYSKY/VSCode/DC_1/digitcircuit/teamwork/project_1/project_1.srcs/sources_1/new/Counter.v:3]
INFO: [Synth 8-6155] done synthesizing module 'Counter' (2#1) [C:/Users/LAYSKY/VSCode/DC_1/digitcircuit/teamwork/project_1/project_1.srcs/sources_1/new/Counter.v:3]
INFO: [Synth 8-6157] synthesizing module 'decoder' [C:/Users/LAYSKY/VSCode/DC_1/digitcircuit/teamwork/project_1/project_1.srcs/sources_1/new/Translator.v:16]
INFO: [Synth 8-6155] done synthesizing module 'decoder' (3#1) [C:/Users/LAYSKY/VSCode/DC_1/digitcircuit/teamwork/project_1/project_1.srcs/sources_1/new/Translator.v:16]
INFO: [Synth 8-6157] synthesizing module 'scan_data' [C:/Users/LAYSKY/VSCode/DC_1/digitcircuit/teamwork/project_1/project_1.srcs/sources_1/new/Tube.v:3]
INFO: [Synth 8-6157] synthesizing module 'show' [C:/Users/LAYSKY/VSCode/DC_1/digitcircuit/teamwork/project_1/project_1.srcs/sources_1/new/Tube.v:39]
INFO: [Synth 8-226] default block is never used [C:/Users/LAYSKY/VSCode/DC_1/digitcircuit/teamwork/project_1/project_1.srcs/sources_1/new/Tube.v:46]
INFO: [Synth 8-6155] done synthesizing module 'show' (4#1) [C:/Users/LAYSKY/VSCode/DC_1/digitcircuit/teamwork/project_1/project_1.srcs/sources_1/new/Tube.v:39]
INFO: [Synth 8-6155] done synthesizing module 'scan_data' (5#1) [C:/Users/LAYSKY/VSCode/DC_1/digitcircuit/teamwork/project_1/project_1.srcs/sources_1/new/Tube.v:3]
INFO: [Synth 8-6155] done synthesizing module 'Clock' (6#1) [C:/Users/LAYSKY/VSCode/DC_1/digitcircuit/teamwork/project_1/project_1.srcs/sources_1/new/Clock.v:5]
---------------------------------------------------------------------------------
Finished RTL Elaboration : Time (s): cpu = 00:00:06 ; elapsed = 00:00:06 . Memory (MB): peak = 1014.816 ; gain = 0.000
---------------------------------------------------------------------------------
---------------------------------------------------------------------------------
Start Handling Custom Attributes
---------------------------------------------------------------------------------
---------------------------------------------------------------------------------
Finished Handling Custom Attributes : Time (s): cpu = 00:00:06 ; elapsed = 00:00:07 . Memory (MB): peak = 1014.816 ; gain = 0.000
---------------------------------------------------------------------------------
---------------------------------------------------------------------------------
Finished RTL Optimization Phase 1 : Time (s): cpu = 00:00:06 ; elapsed = 00:00:07 . Memory (MB): peak = 1014.816 ; gain = 0.000
---------------------------------------------------------------------------------
Netlist sorting complete. Time (s): cpu = 00:00:00 ; elapsed = 00:00:00.031 . Memory (MB): peak = 1014.816 ; gain = 0.000
INFO: [Project 1-570] Preparing netlist for logic optimization

Processing XDC Constraints
Initializing timing engine
Parsing XDC File [C:/Users/LAYSKY/VSCode/DC_1/digitcircuit/teamwork/project_1/project_1.srcs/constrs_1/new/CLK_HCS.xdc]
Finished Parsing XDC File [C:/Users/LAYSKY/VSCode/DC_1/digitcircuit/teamwork/project_1/project_1.srcs/constrs_1/new/CLK_HCS.xdc]
INFO: [Project 1-236] Implementation specific constraints were found while reading constraint file [C:/Users/LAYSKY/VSCode/DC_1/digitcircuit/teamwork/project_1/project_1.srcs/constrs_1/new/CLK_HCS.xdc]. These constraints will be ignored for synthesis but will be used in implementation. Impacted constraints are listed in the file [.Xil/Clock_propImpl.xdc].
Resolution: To avoid this warning, move constraints listed in [.Xil/Clock_propImpl.xdc] to another XDC file and exclude this new file from synthesis with the used_in_synthesis property (File Properties dialog in GUI) and re-run elaboration/synthesis.
Completed Processing XDC Constraints

Netlist sorting complete. Time (s): cpu = 00:00:00 ; elapsed = 00:00:00.001 . Memory (MB): peak = 1014.816 ; gain = 0.000
INFO: [Project 1-111] Unisim Transformation Summary:
No Unisim elements were transformed.

Constraint Validation Runtime : Time (s): cpu = 00:00:00 ; elapsed = 00:00:00.006 . Memory (MB): peak = 1014.816 ; gain = 0.000
---------------------------------------------------------------------------------
Finished Constraint Validation : Time (s): cpu = 00:00:13 ; elapsed = 00:00:14 . Memory (MB): peak = 1014.816 ; gain = 0.000
---------------------------------------------------------------------------------
---------------------------------------------------------------------------------
Start Loading Part and Timing Information
---------------------------------------------------------------------------------
Loading part: xc7a100tcsg324-2L
---------------------------------------------------------------------------------
Finished Loading Part and Timing Information : Time (s): cpu = 00:00:13 ; elapsed = 00:00:14 . Memory (MB): peak = 1014.816 ; gain = 0.000
---------------------------------------------------------------------------------
---------------------------------------------------------------------------------
Start Applying 'set_property' XDC Constraints
---------------------------------------------------------------------------------
---------------------------------------------------------------------------------
Finished applying 'set_property' XDC Constraints : Time (s): cpu = 00:00:13 ; elapsed = 00:00:14 . Memory (MB): peak = 1014.816 ; gain = 0.000
---------------------------------------------------------------------------------
WARNING: [Synth 8-327] inferring latch for variable 'BCD_reg' [C:/Users/LAYSKY/VSCode/DC_1/digitcircuit/teamwork/project_1/project_1.srcs/sources_1/new/Translator.v:34]
WARNING: [Synth 8-327] inferring latch for variable 'prev_bin_reg' [C:/Users/LAYSKY/VSCode/DC_1/digitcircuit/teamwork/project_1/project_1.srcs/sources_1/new/Translator.v:25]
WARNING: [Synth 8-327] inferring latch for variable 'LD2_reg' [C:/Users/LAYSKY/VSCode/DC_1/digitcircuit/teamwork/project_1/project_1.srcs/sources_1/new/Clock.v:58]
WARNING: [Synth 8-327] inferring latch for variable 'LD_reg' [C:/Users/LAYSKY/VSCode/DC_1/digitcircuit/teamwork/project_1/project_1.srcs/sources_1/new/Clock.v:52]
---------------------------------------------------------------------------------
Finished RTL Optimization Phase 2 : Time (s): cpu = 00:00:13 ; elapsed = 00:00:14 . Memory (MB): peak = 1014.816 ; gain = 0.000
---------------------------------------------------------------------------------
---------------------------------------------------------------------------------
Start RTL Component Statistics 
---------------------------------------------------------------------------------
Detailed RTL Component Info : 
+---Adders : 
	   2 Input    8 Bit       Adders := 6     
	   2 Input    4 Bit       Adders := 66    
	   2 Input    3 Bit       Adders := 1     
	   2 Input    2 Bit       Adders := 1     
	   2 Input    1 Bit       Adders := 1     
+---Registers : 
	                8 Bit    Registers := 6     
	                3 Bit    Registers := 1     
	                2 Bit    Registers := 1     
	                1 Bit    Registers := 11    
+---Muxes : 
	   2 Input   32 Bit        Muxes := 1     
	   2 Input    8 Bit        Muxes := 43    
	   8 Input    8 Bit        Muxes := 1     
	   5 Input    8 Bit        Muxes := 1     
	   2 Input    7 Bit        Muxes := 1     
	   2 Input    4 Bit        Muxes := 43    
	   2 Input    2 Bit        Muxes := 1     
	   2 Input    1 Bit        Muxes := 6     
---------------------------------------------------------------------------------
Finished RTL Component Statistics 
---------------------------------------------------------------------------------
---------------------------------------------------------------------------------
Start Part Resource Summary
---------------------------------------------------------------------------------
Part Resources:
DSPs: 240 (col length:80)
BRAMs: 270 (col length: RAMB18 80 RAMB36 40)
---------------------------------------------------------------------------------
Finished Part Resource Summary
---------------------------------------------------------------------------------
---------------------------------------------------------------------------------
Start Cross Boundary and Area Optimization
---------------------------------------------------------------------------------
---------------------------------------------------------------------------------
Finished Cross Boundary and Area Optimization : Time (s): cpu = 00:00:17 ; elapsed = 00:00:18 . Memory (MB): peak = 1014.816 ; gain = 0.000
---------------------------------------------------------------------------------
---------------------------------------------------------------------------------
Start Applying XDC Timing Constraints
---------------------------------------------------------------------------------
---------------------------------------------------------------------------------
Finished Applying XDC Timing Constraints : Time (s): cpu = 00:00:25 ; elapsed = 00:00:26 . Memory (MB): peak = 1014.816 ; gain = 0.000
---------------------------------------------------------------------------------
---------------------------------------------------------------------------------
Start Timing Optimization
---------------------------------------------------------------------------------
---------------------------------------------------------------------------------
Finished Timing Optimization : Time (s): cpu = 00:00:25 ; elapsed = 00:00:26 . Memory (MB): peak = 1014.816 ; gain = 0.000
---------------------------------------------------------------------------------
---------------------------------------------------------------------------------
Start Technology Mapping
---------------------------------------------------------------------------------
---------------------------------------------------------------------------------
Finished Technology Mapping : Time (s): cpu = 00:00:25 ; elapsed = 00:00:26 . Memory (MB): peak = 1014.816 ; gain = 0.000
---------------------------------------------------------------------------------
---------------------------------------------------------------------------------
Start IO Insertion
---------------------------------------------------------------------------------
---------------------------------------------------------------------------------
Start Flattening Before IO Insertion
---------------------------------------------------------------------------------
---------------------------------------------------------------------------------
Finished Flattening Before IO Insertion
---------------------------------------------------------------------------------
---------------------------------------------------------------------------------
Start Final Netlist Cleanup
---------------------------------------------------------------------------------
---------------------------------------------------------------------------------
Finished Final Netlist Cleanup
---------------------------------------------------------------------------------
---------------------------------------------------------------------------------
Finished IO Insertion : Time (s): cpu = 00:00:29 ; elapsed = 00:00:30 . Memory (MB): peak = 1014.816 ; gain = 0.000
---------------------------------------------------------------------------------
---------------------------------------------------------------------------------
Start Renaming Generated Instances
---------------------------------------------------------------------------------
---------------------------------------------------------------------------------
Finished Renaming Generated Instances : Time (s): cpu = 00:00:29 ; elapsed = 00:00:30 . Memory (MB): peak = 1014.816 ; gain = 0.000
---------------------------------------------------------------------------------
CRITICAL WARNING: [Synth 8-6859] multi-driven net on pin AN_OBUF[6] with 1st driver pin 'AN_OBUF[6]_inst_i_1/O' [C:/Users/LAYSKY/VSCode/DC_1/digitcircuit/teamwork/project_1/project_1.srcs/sources_1/new/Counter.v:26]
CRITICAL WARNING: [Synth 8-6859] multi-driven net on pin AN_OBUF[6] with 2nd driver pin 'AN_OBUF[6]_inst_i_2/O' [C:/Users/LAYSKY/VSCode/DC_1/digitcircuit/teamwork/project_1/project_1.srcs/sources_1/new/Counter.v:26]
CRITICAL WARNING: [Synth 8-6859] multi-driven net on pin AN_OBUF[4] with 1st driver pin 'AN_OBUF[4]_inst_i_1/O' [C:/Users/LAYSKY/VSCode/DC_1/digitcircuit/teamwork/project_1/project_1.srcs/sources_1/new/Clock.v:5]
CRITICAL WARNING: [Synth 8-6859] multi-driven net on pin AN_OBUF[4] with 2nd driver pin 'AN_OBUF[4]_inst_i_2/O' [C:/Users/LAYSKY/VSCode/DC_1/digitcircuit/teamwork/project_1/project_1.srcs/sources_1/new/Counter.v:26]
CRITICAL WARNING: [Synth 8-6859] multi-driven net on pin AN_OBUF[3] with 1st driver pin 'AN_OBUF[3]_inst_i_1/O' [C:/Users/LAYSKY/VSCode/DC_1/digitcircuit/teamwork/project_1/project_1.srcs/sources_1/new/Counter.v:26]
CRITICAL WARNING: [Synth 8-6859] multi-driven net on pin AN_OBUF[3] with 2nd driver pin 'AN_OBUF[3]_inst_i_2/O' [C:/Users/LAYSKY/VSCode/DC_1/digitcircuit/teamwork/project_1/project_1.srcs/sources_1/new/Clock.v:5]
CRITICAL WARNING: [Synth 8-6859] multi-driven net on pin AN_OBUF[7] with 1st driver pin 'AN_OBUF[7]_inst_i_1/O' [C:/Users/LAYSKY/VSCode/DC_1/digitcircuit/teamwork/project_1/project_1.srcs/sources_1/new/Counter.v:26]
CRITICAL WARNING: [Synth 8-6859] multi-driven net on pin AN_OBUF[7] with 2nd driver pin 'AN_OBUF[7]_inst_i_2/O' [C:/Users/LAYSKY/VSCode/DC_1/digitcircuit/teamwork/project_1/project_1.srcs/sources_1/new/Counter.v:26]
CRITICAL WARNING: [Synth 8-6859] multi-driven net on pin AN_OBUF[2] with 1st driver pin 'AN_OBUF[2]_inst_i_1/O' [C:/Users/LAYSKY/VSCode/DC_1/digitcircuit/teamwork/project_1/project_1.srcs/sources_1/new/Counter.v:26]
CRITICAL WARNING: [Synth 8-6859] multi-driven net on pin AN_OBUF[2] with 2nd driver pin 'AN_OBUF[2]_inst_i_2/O' [C:/Users/LAYSKY/VSCode/DC_1/digitcircuit/teamwork/project_1/project_1.srcs/sources_1/new/Clock.v:5]
CRITICAL WARNING: [Synth 8-6859] multi-driven net on pin AN_OBUF[5] with 1st driver pin 'AN_OBUF[5]_inst_i_1/O' [C:/Users/LAYSKY/VSCode/DC_1/digitcircuit/teamwork/project_1/project_1.srcs/sources_1/new/Counter.v:26]
CRITICAL WARNING: [Synth 8-6859] multi-driven net on pin AN_OBUF[5] with 2nd driver pin 'AN_OBUF[5]_inst_i_2/O' [C:/Users/LAYSKY/VSCode/DC_1/digitcircuit/teamwork/project_1/project_1.srcs/sources_1/new/Clock.v:5]
CRITICAL WARNING: [Synth 8-6859] multi-driven net on pin AN_OBUF[1] with 1st driver pin 'AN_OBUF[1]_inst_i_1/O' [C:/Users/LAYSKY/VSCode/DC_1/digitcircuit/teamwork/project_1/project_1.srcs/sources_1/new/Counter.v:26]
CRITICAL WARNING: [Synth 8-6859] multi-driven net on pin AN_OBUF[1] with 2nd driver pin 'AN_OBUF[1]_inst_i_2/O' [C:/Users/LAYSKY/VSCode/DC_1/digitcircuit/teamwork/project_1/project_1.srcs/sources_1/new/Counter.v:26]
CRITICAL WARNING: [Synth 8-6859] multi-driven net on pin AN_OBUF[0] with 1st driver pin 'AN_OBUF[0]_inst_i_1/O' [C:/Users/LAYSKY/VSCode/DC_1/digitcircuit/teamwork/project_1/project_1.srcs/sources_1/new/Counter.v:26]
CRITICAL WARNING: [Synth 8-6859] multi-driven net on pin AN_OBUF[0] with 2nd driver pin 'AN_OBUF[0]_inst_i_2/O' [C:/Users/LAYSKY/VSCode/DC_1/digitcircuit/teamwork/project_1/project_1.srcs/sources_1/new/Counter.v:26]

Report Check Netlist: 
+------+------------------+-------+---------+-------+------------------+
|      |Item              |Errors |Warnings |Status |Description       |
+------+------------------+-------+---------+-------+------------------+
|1     |multi_driven_nets |      0|        8|Failed |Multi driven nets |
+------+------------------+-------+---------+-------+------------------+
---------------------------------------------------------------------------------
Start Rebuilding User Hierarchy
---------------------------------------------------------------------------------
---------------------------------------------------------------------------------
Finished Rebuilding User Hierarchy : Time (s): cpu = 00:00:29 ; elapsed = 00:00:30 . Memory (MB): peak = 1014.816 ; gain = 0.000
---------------------------------------------------------------------------------
---------------------------------------------------------------------------------
Start Renaming Generated Ports
---------------------------------------------------------------------------------
---------------------------------------------------------------------------------
Finished Renaming Generated Ports : Time (s): cpu = 00:00:29 ; elapsed = 00:00:30 . Memory (MB): peak = 1014.816 ; gain = 0.000
---------------------------------------------------------------------------------
---------------------------------------------------------------------------------
Start Handling Custom Attributes
---------------------------------------------------------------------------------
---------------------------------------------------------------------------------
Finished Handling Custom Attributes : Time (s): cpu = 00:00:29 ; elapsed = 00:00:30 . Memory (MB): peak = 1014.816 ; gain = 0.000
---------------------------------------------------------------------------------
---------------------------------------------------------------------------------
Start Renaming Generated Nets
---------------------------------------------------------------------------------
---------------------------------------------------------------------------------
Finished Renaming Generated Nets : Time (s): cpu = 00:00:29 ; elapsed = 00:00:30 . Memory (MB): peak = 1014.816 ; gain = 0.000
---------------------------------------------------------------------------------
---------------------------------------------------------------------------------
Start Writing Synthesis Report
---------------------------------------------------------------------------------

Report BlackBoxes: 
+-+--------------+----------+
| |BlackBox name |Instances |
+-+--------------+----------+
+-+--------------+----------+

Report Cell Usage: 
+------+-------+------+
|      |Cell   |Count |
+------+-------+------+
|1     |BUF    |     2|
|2     |BUFG   |     2|
|3     |CARRY4 |    35|
|4     |LUT1   |     7|
|5     |LUT2   |   100|
|6     |LUT3   |    71|
|7     |LUT4   |   108|
|8     |LUT5   |    84|
|9     |LUT6   |   105|
|10    |FDCE   |   140|
|11    |FDPE   |    24|
|12    |LD     |    86|
|13    |LDC    |    46|
|14    |IBUF   |    15|
|15    |OBUF   |    17|
|16    |OBUFT  |     8|
+------+-------+------+
---------------------------------------------------------------------------------
Finished Writing Synthesis Report : Time (s): cpu = 00:00:29 ; elapsed = 00:00:30 . Memory (MB): peak = 1014.816 ; gain = 0.000
---------------------------------------------------------------------------------
Synthesis finished with 0 errors, 16 critical warnings and 4 warnings.
Synthesis Optimization Runtime : Time (s): cpu = 00:00:21 ; elapsed = 00:00:28 . Memory (MB): peak = 1014.816 ; gain = 0.000
Synthesis Optimization Complete : Time (s): cpu = 00:00:29 ; elapsed = 00:00:31 . Memory (MB): peak = 1014.816 ; gain = 0.000
INFO: [Project 1-571] Translating synthesized netlist
Netlist sorting complete. Time (s): cpu = 00:00:00 ; elapsed = 00:00:00.014 . Memory (MB): peak = 1014.816 ; gain = 0.000
INFO: [Netlist 29-17] Analyzing 169 Unisim elements for replacement
INFO: [Netlist 29-28] Unisim Transformation completed in 0 CPU seconds
INFO: [Project 1-570] Preparing netlist for logic optimization
INFO: [Opt 31-138] Pushed 0 inverter(s) to 0 load pin(s).
Netlist sorting complete. Time (s): cpu = 00:00:00 ; elapsed = 00:00:00 . Memory (MB): peak = 1014.816 ; gain = 0.000
INFO: [Project 1-111] Unisim Transformation Summary:
  A total of 134 instances were transformed.
  BUF => LUT1: 2 instances
  LD => LDCE: 86 instances
  LDC => LDCE: 46 instances

INFO: [Common 17-83] Releasing license: Synthesis
28 Infos, 4 Warnings, 16 Critical Warnings and 0 Errors encountered.
synth_design completed successfully
synth_design: Time (s): cpu = 00:00:36 ; elapsed = 00:00:38 . Memory (MB): peak = 1014.816 ; gain = 0.000
INFO: [Common 17-1381] The checkpoint 'C:/Users/LAYSKY/VSCode/DC_1/digitcircuit/teamwork/project_1/project_1.runs/synth_1/Clock.dcp' has been generated.
INFO: [runtcl-4] Executing : report_utilization -file Clock_utilization_synth.rpt -pb Clock_utilization_synth.pb
INFO: [Common 17-206] Exiting Vivado at Fri Feb 24 19:19:52 2023...
