#! /opt/homebrew/Cellar/icarus-verilog/11.0/bin/vvp
:ivl_version "11.0 (stable)";
:ivl_delay_selection "TYPICAL";
:vpi_time_precision - 12;
:vpi_module "/opt/homebrew/Cellar/icarus-verilog/11.0/lib/ivl/system.vpi";
:vpi_module "/opt/homebrew/Cellar/icarus-verilog/11.0/lib/ivl/vhdl_sys.vpi";
:vpi_module "/opt/homebrew/Cellar/icarus-verilog/11.0/lib/ivl/vhdl_textio.vpi";
:vpi_module "/opt/homebrew/Cellar/icarus-verilog/11.0/lib/ivl/v2005_math.vpi";
:vpi_module "/opt/homebrew/Cellar/icarus-verilog/11.0/lib/ivl/va_math.vpi";
S_0x156704220 .scope module, "Clock" "Clock" 2 5;
 .timescale -9 -12;
    .port_info 0 /INPUT 1 "CLK";
    .port_info 1 /INPUT 1 "reset";
    .port_info 2 /INPUT 1 "EN";
    .port_info 3 /INPUT 1 "TYPEe";
    .port_info 4 /INPUT 1 "NEXT_CP_ini";
    .port_info 5 /INPUT 1 "SET";
    .port_info 6 /INPUT 1 "MODIFY";
    .port_info 7 /INPUT 8 "IN";
    .port_info 8 /OUTPUT 8 "AN";
    .port_info 9 /OUTPUT 8 "SEG";
    .port_info 10 /OUTPUT 8 "alert";
    .port_info 11 /OUTPUT 1 "TMP";
L_0x156720630 .functor BUFZ 1, L_0x1567208d0, C4<0>, C4<0>, C4<0>;
o0x148009ff0 .functor BUFZ 1, C4<z>; HiZ drive
L_0x1567206c0 .functor BUFZ 1, o0x148009ff0, C4<0>, C4<0>, C4<0>;
o0x148009f90 .functor BUFZ 1, C4<z>; HiZ drive
L_0x156720770 .functor BUFZ 1, o0x148009f90, C4<0>, C4<0>, C4<0>;
o0x14800a0e0 .functor BUFZ 1, C4<z>; HiZ drive
L_0x156720840 .functor BUFZ 1, o0x14800a0e0, C4<0>, C4<0>, C4<0>;
o0x14800a7a0 .functor BUFZ 1, C4<z>; HiZ drive
L_0x1567208d0 .functor BUFZ 1, o0x14800a7a0, C4<0>, C4<0>, C4<0>;
o0x14800a020 .functor BUFZ 1, C4<z>; HiZ drive
L_0x156722580 .functor AND 1, o0x14800a020, v0x156715630_0, C4<1>, C4<1>;
o0x14800a740 .functor BUFZ 8, C4<zzzzzzzz>; HiZ drive
L_0x156722630 .functor OR 8, o0x14800a740, L_0x156722430, C4<00000000>, C4<00000000>;
RS_0x148009870 .resolv tri, v0x15671b2d0_0, L_0x156722720;
v0x15671cca0_0 .net8 "AN", 7 0, RS_0x148009870;  2 drivers
o0x148008040 .functor BUFZ 1, C4<z>; HiZ drive
v0x15671cd30_0 .net "CLK", 0 0, o0x148008040;  0 drivers
v0x15671cdd0_0 .net "CO1", 0 0, v0x156718190_0;  1 drivers
v0x15671cea0_0 .net "CO2", 0 0, v0x1567178b0_0;  1 drivers
v0x15671cf70_0 .net "CO3", 0 0, v0x156716650_0;  1 drivers
v0x15671d080_0 .net "CP_100MS", 0 0, v0x156704a10_0;  1 drivers
v0x15671d110_0 .net "CP_1S", 0 0, v0x156715020_0;  1 drivers
v0x15671d1e0_0 .net "CP_500MS", 0 0, v0x156715630_0;  1 drivers
o0x1480084f0 .functor BUFZ 1, C4<z>; HiZ drive
v0x15671d270_0 .net "EN", 0 0, o0x1480084f0;  0 drivers
o0x1480084c0 .functor BUFZ 8, C4<zzzzzzzz>; HiZ drive
v0x15671d380_0 .net "IN", 7 0, o0x1480084c0;  0 drivers
v0x15671d410_0 .var "LD", 3 0;
v0x15671d4a0_0 .var "LD2", 1 0;
v0x15671d530_0 .var "MODE0", 1 0;
v0x15671d5c0_0 .var "MODE1", 0 0;
v0x15671d650_0 .net "MODIFY", 0 0, o0x148009f90;  0 drivers
v0x15671d6e0_0 .net "NEXT_CP", 0 0, L_0x1567206c0;  1 drivers
v0x15671d770_0 .net "NEXT_CP_ini", 0 0, o0x148009ff0;  0 drivers
v0x15671d900_0 .net "SEG", 7 0, v0x15671b500_0;  1 drivers
v0x15671d9d0_0 .net "SET", 0 0, o0x14800a020;  0 drivers
v0x15671da60_0 .net "SURE", 0 0, L_0x156720770;  1 drivers
v0x15671daf0_0 .net "TMP", 0 0, L_0x156720630;  1 drivers
v0x15671db80_0 .net "TYPE", 0 0, L_0x156720840;  1 drivers
v0x15671dc10_0 .net "TYPEe", 0 0, o0x14800a0e0;  0 drivers
L_0x148040760 .functor BUFT 1, C4<01100000>, C4<0>, C4<0>, C4<0>;
v0x15671dca0_0 .net/2u *"_ivl_100", 7 0, L_0x148040760;  1 drivers
v0x15671dd30_0 .net *"_ivl_102", 7 0, L_0x156722310;  1 drivers
v0x15671ddc0_0 .net *"_ivl_106", 0 0, L_0x156722580;  1 drivers
v0x15671de60_0 .net *"_ivl_108", 7 0, L_0x156722630;  1 drivers
v0x15671df10_0 .net *"_ivl_43", 3 0, L_0x156721020;  1 drivers
L_0x1480402e0 .functor BUFT 1, C4<1111>, C4<0>, C4<0>, C4<0>;
v0x15671dfc0_0 .net/2u *"_ivl_44", 3 0, L_0x1480402e0;  1 drivers
v0x15671e070_0 .net *"_ivl_46", 31 0, L_0x156721160;  1 drivers
L_0x148040328 .functor BUFT 1, C4<1111>, C4<0>, C4<0>, C4<0>;
v0x15671e120_0 .net/2u *"_ivl_48", 3 0, L_0x148040328;  1 drivers
L_0x148040370 .functor BUFT 1, C4<1111>, C4<0>, C4<0>, C4<0>;
v0x15671e1d0_0 .net/2u *"_ivl_50", 3 0, L_0x148040370;  1 drivers
L_0x1480403b8 .functor BUFT 1, C4<1111>, C4<0>, C4<0>, C4<0>;
v0x15671e280_0 .net/2u *"_ivl_52", 3 0, L_0x1480403b8;  1 drivers
L_0x148040400 .functor BUFT 1, C4<1111>, C4<0>, C4<0>, C4<0>;
v0x15671d820_0 .net/2u *"_ivl_54", 3 0, L_0x148040400;  1 drivers
v0x15671e510_0 .net *"_ivl_56", 31 0, L_0x156721360;  1 drivers
v0x15671e5a0_0 .net *"_ivl_60", 31 0, L_0x156721770;  1 drivers
L_0x148040448 .functor BUFT 1, C4<000000000000000000000000000000>, C4<0>, C4<0>, C4<0>;
v0x15671e640_0 .net *"_ivl_63", 29 0, L_0x148040448;  1 drivers
L_0x148040490 .functor BUFT 1, C4<00000000000000000000000000000000>, C4<0>, C4<0>, C4<0>;
v0x15671e6f0_0 .net/2u *"_ivl_64", 31 0, L_0x148040490;  1 drivers
v0x15671e7a0_0 .net *"_ivl_66", 0 0, L_0x1567219b0;  1 drivers
L_0x1480404d8 .functor BUFT 1, C4<00000011>, C4<0>, C4<0>, C4<0>;
v0x15671e840_0 .net/2u *"_ivl_68", 7 0, L_0x1480404d8;  1 drivers
v0x15671e8f0_0 .net *"_ivl_70", 31 0, L_0x156721a50;  1 drivers
L_0x148040520 .functor BUFT 1, C4<000000000000000000000000000000>, C4<0>, C4<0>, C4<0>;
v0x15671e9a0_0 .net *"_ivl_73", 29 0, L_0x148040520;  1 drivers
L_0x148040568 .functor BUFT 1, C4<00000000000000000000000000000001>, C4<0>, C4<0>, C4<0>;
v0x15671ea50_0 .net/2u *"_ivl_74", 31 0, L_0x148040568;  1 drivers
v0x15671eb00_0 .net *"_ivl_76", 0 0, L_0x156721ba0;  1 drivers
L_0x1480405b0 .functor BUFT 1, C4<00001100>, C4<0>, C4<0>, C4<0>;
v0x15671eba0_0 .net/2u *"_ivl_78", 7 0, L_0x1480405b0;  1 drivers
v0x15671ec50_0 .net *"_ivl_80", 31 0, L_0x156721c80;  1 drivers
L_0x1480405f8 .functor BUFT 1, C4<000000000000000000000000000000>, C4<0>, C4<0>, C4<0>;
v0x15671ed00_0 .net *"_ivl_83", 29 0, L_0x1480405f8;  1 drivers
L_0x148040640 .functor BUFT 1, C4<00000000000000000000000000000010>, C4<0>, C4<0>, C4<0>;
v0x15671edb0_0 .net/2u *"_ivl_84", 31 0, L_0x148040640;  1 drivers
v0x15671ee60_0 .net *"_ivl_86", 0 0, L_0x156721de0;  1 drivers
L_0x148040688 .functor BUFT 1, C4<00110000>, C4<0>, C4<0>, C4<0>;
v0x15671ef00_0 .net/2u *"_ivl_88", 7 0, L_0x148040688;  1 drivers
L_0x1480406d0 .functor BUFT 1, C4<10000000>, C4<0>, C4<0>, C4<0>;
v0x15671efb0_0 .net/2u *"_ivl_90", 7 0, L_0x1480406d0;  1 drivers
v0x15671f060_0 .net *"_ivl_92", 7 0, L_0x156721ec0;  1 drivers
v0x15671f110_0 .net *"_ivl_94", 7 0, L_0x156722030;  1 drivers
v0x15671f1c0_0 .net *"_ivl_96", 7 0, L_0x156722190;  1 drivers
L_0x148040718 .functor BUFT 1, C4<00000110>, C4<0>, C4<0>, C4<0>;
v0x15671f270_0 .net/2u *"_ivl_98", 7 0, L_0x148040718;  1 drivers
o0x14800a710 .functor BUFZ 8, C4<zzzzzzzz>; HiZ drive
v0x15671f320_0 .net "alert", 7 0, o0x14800a710;  0 drivers
v0x15671f3d0_0 .net "an", 7 0, o0x14800a740;  0 drivers
v0x15671f480_0 .net "h", 7 0, v0x156718a80_0;  1 drivers
v0x15671f520_0 .net "ha", 7 0, v0x156719cd0_0;  1 drivers
v0x15671f5d0_0 .var "hour", 7 0;
v0x15671f680_0 .var "hour_alarm", 7 0;
v0x15671f730_0 .net "hour_alarm_now", 7 0, v0x156716160_0;  1 drivers
v0x15671f7e0_0 .net "hour_now", 7 0, v0x156716a80_0;  1 drivers
v0x15671f890_0 .net "m", 7 0, v0x156719070_0;  1 drivers
v0x15671f940_0 .net "ma", 7 0, v0x15671a300_0;  1 drivers
v0x15671e330_0 .var "minute", 7 0;
v0x15671e3e0_0 .var "minute_alarm", 7 0;
v0x15671f9d0_0 .net "minute_alarm_now", 7 0, v0x1567173f0_0;  1 drivers
v0x15671fa60_0 .net "minute_now", 7 0, v0x156717cc0_0;  1 drivers
v0x15671faf0_0 .net "ori", 7 0, L_0x156722430;  1 drivers
v0x15671fb80_0 .net "out", 31 0, L_0x156721610;  1 drivers
v0x15671fc10_0 .net "reset", 0 0, o0x14800a7a0;  0 drivers
v0x15671fca0_0 .net "rst", 0 0, L_0x1567208d0;  1 drivers
v0x15671fd30_0 .net "s", 7 0, v0x1567196a0_0;  1 drivers
v0x15671fdf0_0 .var "second", 7 0;
v0x15671fea0_0 .net "second_now", 7 0, v0x1567185f0_0;  1 drivers
v0x15671ff50_0 .net "w", 7 0, v0x15671a930_0;  1 drivers
v0x156720000_0 .var "weekday", 7 0;
v0x1567200b0_0 .net "weekday_now", 7 0, v0x15671caa0_0;  1 drivers
E_0x1567041c0/0 .event edge, v0x15671d9d0_0, v0x15671db80_0, v0x15671d650_0, v0x15671d5c0_0;
E_0x1567041c0/1 .event edge, v0x15671d530_0;
E_0x1567041c0 .event/or E_0x1567041c0/0, E_0x1567041c0/1;
E_0x1567046f0 .event posedge, v0x15671d6e0_0, v0x15671d9d0_0;
E_0x156704720/0 .event edge, v0x156716a80_0, v0x156717cc0_0, v0x1567185f0_0, v0x15671caa0_0;
E_0x156704720/1 .event edge, v0x156716160_0, v0x1567173f0_0;
E_0x156704720 .event/or E_0x156704720/0, E_0x156704720/1;
L_0x156720990 .part v0x15671d410_0, 0, 1;
L_0x156720ad0 .part v0x15671d410_0, 1, 1;
L_0x156720bb0 .part v0x15671d410_0, 2, 1;
L_0x156720cb0 .part v0x15671d410_0, 3, 1;
L_0x156720e10 .part v0x15671d4a0_0, 1, 1;
L_0x156720f60 .part v0x15671d4a0_0, 0, 1;
L_0x156721020 .part v0x15671a930_0, 0, 4;
LS_0x156721160_0_0 .concat [ 8 8 8 4], v0x1567196a0_0, v0x156719070_0, v0x156718a80_0, L_0x1480402e0;
LS_0x156721160_0_4 .concat [ 4 0 0 0], L_0x156721020;
L_0x156721160 .concat [ 28 4 0 0], LS_0x156721160_0_0, LS_0x156721160_0_4;
LS_0x156721360_0_0 .concat [ 4 8 4 4], L_0x148040400, v0x15671a300_0, L_0x1480403b8, L_0x148040370;
LS_0x156721360_0_4 .concat [ 8 4 0 0], v0x156719cd0_0, L_0x148040328;
L_0x156721360 .concat [ 20 12 0 0], LS_0x156721360_0_0, LS_0x156721360_0_4;
L_0x156721610 .functor MUXZ 32, L_0x156721360, L_0x156721160, L_0x156720840, C4<>;
L_0x156721770 .concat [ 2 30 0 0], v0x15671d530_0, L_0x148040448;
L_0x1567219b0 .cmp/eq 32, L_0x156721770, L_0x148040490;
L_0x156721a50 .concat [ 2 30 0 0], v0x15671d530_0, L_0x148040520;
L_0x156721ba0 .cmp/eq 32, L_0x156721a50, L_0x148040568;
L_0x156721c80 .concat [ 2 30 0 0], v0x15671d530_0, L_0x1480405f8;
L_0x156721de0 .cmp/eq 32, L_0x156721c80, L_0x148040640;
L_0x156721ec0 .functor MUXZ 8, L_0x1480406d0, L_0x148040688, L_0x156721de0, C4<>;
L_0x156722030 .functor MUXZ 8, L_0x156721ec0, L_0x1480405b0, L_0x156721ba0, C4<>;
L_0x156722190 .functor MUXZ 8, L_0x156722030, L_0x1480404d8, L_0x1567219b0, C4<>;
L_0x156722310 .functor MUXZ 8, L_0x148040760, L_0x148040718, v0x15671d5c0_0, C4<>;
L_0x156722430 .functor MUXZ 8, L_0x156722310, L_0x156722190, L_0x156720840, C4<>;
L_0x156722720 .functor MUXZ 8, o0x14800a740, L_0x156722630, L_0x156722580, C4<>;
S_0x156704780 .scope module, "div100ms" "Fdiv" 2 38, 3 3 0, S_0x156704220;
 .timescale -9 -12;
    .port_info 0 /INPUT 1 "reset";
    .port_info 1 /INPUT 32 "mult";
    .port_info 2 /INPUT 1 "clk_1M";
    .port_info 3 /OUTPUT 1 "clk_1K";
v0x156704a10_0 .var "clk_1K", 0 0;
v0x156714ac0_0 .net "clk_1M", 0 0, o0x148008040;  alias, 0 drivers
v0x156714b60_0 .var "counter", 31 0;
L_0x1480400a0 .functor BUFT 1, C4<00000000010011000100101101000000>, C4<0>, C4<0>, C4<0>;
v0x156714c20_0 .net "mult", 31 0, L_0x1480400a0;  1 drivers
v0x156714cd0_0 .net "reset", 0 0, L_0x1567208d0;  alias, 1 drivers
E_0x1567049c0 .event posedge, v0x156714cd0_0, v0x156714ac0_0;
S_0x156714df0 .scope module, "div1s" "Fdiv" 2 36, 3 3 0, S_0x156704220;
 .timescale -9 -12;
    .port_info 0 /INPUT 1 "reset";
    .port_info 1 /INPUT 32 "mult";
    .port_info 2 /INPUT 1 "clk_1M";
    .port_info 3 /OUTPUT 1 "clk_1K";
v0x156715020_0 .var "clk_1K", 0 0;
v0x1567150c0_0 .net "clk_1M", 0 0, o0x148008040;  alias, 0 drivers
v0x156715180_0 .var "counter", 31 0;
L_0x148040010 .functor BUFT 1, C4<00000010111110101111000010000000>, C4<0>, C4<0>, C4<0>;
v0x156715230_0 .net "mult", 31 0, L_0x148040010;  1 drivers
v0x1567152d0_0 .net "reset", 0 0, L_0x1567208d0;  alias, 1 drivers
S_0x1567153f0 .scope module, "div500ms" "Fdiv" 2 37, 3 3 0, S_0x156704220;
 .timescale -9 -12;
    .port_info 0 /INPUT 1 "reset";
    .port_info 1 /INPUT 32 "mult";
    .port_info 2 /INPUT 1 "clk_1M";
    .port_info 3 /OUTPUT 1 "clk_1K";
v0x156715630_0 .var "clk_1K", 0 0;
v0x1567156d0_0 .net "clk_1M", 0 0, o0x148008040;  alias, 0 drivers
v0x1567157b0_0 .var "counter", 31 0;
L_0x148040058 .functor BUFT 1, C4<00000001011111010111100001000000>, C4<0>, C4<0>, C4<0>;
v0x156715840_0 .net "mult", 31 0, L_0x148040058;  1 drivers
v0x1567158f0_0 .net "reset", 0 0, L_0x1567208d0;  alias, 1 drivers
S_0x156715a20 .scope module, "h_a" "Counter" 2 56, 4 3 0, S_0x156704220;
 .timescale -9 -12;
    .port_info 0 /INPUT 1 "RST";
    .port_info 1 /INPUT 1 "LD";
    .port_info 2 /INPUT 1 "EN";
    .port_info 3 /INPUT 1 "CP";
    .port_info 4 /INPUT 8 "LMT";
    .port_info 5 /INPUT 8 "D";
    .port_info 6 /OUTPUT 8 "Q";
    .port_info 7 /OUTPUT 1 "CO";
v0x156715d20_0 .var "CO", 0 0;
o0x148008490 .functor BUFZ 1, C4<z>; HiZ drive
v0x156715dd0_0 .net "CP", 0 0, o0x148008490;  0 drivers
v0x156715e70_0 .net "D", 7 0, o0x1480084c0;  alias, 0 drivers
v0x156715f30_0 .net "EN", 0 0, o0x1480084f0;  alias, 0 drivers
v0x156715fd0_0 .net "LD", 0 0, L_0x156720e10;  1 drivers
L_0x148040250 .functor BUFT 1, C4<00011000>, C4<0>, C4<0>, C4<0>;
v0x1567160b0_0 .net "LMT", 7 0, L_0x148040250;  1 drivers
v0x156716160_0 .var "Q", 7 0;
v0x156716210_0 .net "RST", 0 0, L_0x1567208d0;  alias, 1 drivers
E_0x156715ce0 .event posedge, v0x156715fd0_0, v0x156715dd0_0, v0x156714cd0_0;
S_0x156716360 .scope module, "hou" "Counter" 2 52, 4 3 0, S_0x156704220;
 .timescale -9 -12;
    .port_info 0 /INPUT 1 "RST";
    .port_info 1 /INPUT 1 "LD";
    .port_info 2 /INPUT 1 "EN";
    .port_info 3 /INPUT 1 "CP";
    .port_info 4 /INPUT 8 "LMT";
    .port_info 5 /INPUT 8 "D";
    .port_info 6 /OUTPUT 8 "Q";
    .port_info 7 /OUTPUT 1 "CO";
v0x156716650_0 .var "CO", 0 0;
v0x1567166f0_0 .net "CP", 0 0, v0x1567178b0_0;  alias, 1 drivers
v0x156716790_0 .net "D", 7 0, o0x1480084c0;  alias, 0 drivers
v0x156716860_0 .net "EN", 0 0, o0x1480084f0;  alias, 0 drivers
v0x156716910_0 .net "LD", 0 0, L_0x156720bb0;  1 drivers
L_0x1480401c0 .functor BUFT 1, C4<00011000>, C4<0>, C4<0>, C4<0>;
v0x1567169e0_0 .net "LMT", 7 0, L_0x1480401c0;  1 drivers
v0x156716a80_0 .var "Q", 7 0;
v0x156716b30_0 .net "RST", 0 0, L_0x1567208d0;  alias, 1 drivers
E_0x156716620 .event posedge, v0x156716910_0, v0x1567166f0_0, v0x156714cd0_0;
S_0x156716ca0 .scope module, "m_a" "Counter" 2 57, 4 3 0, S_0x156704220;
 .timescale -9 -12;
    .port_info 0 /INPUT 1 "RST";
    .port_info 1 /INPUT 1 "LD";
    .port_info 2 /INPUT 1 "EN";
    .port_info 3 /INPUT 1 "CP";
    .port_info 4 /INPUT 8 "LMT";
    .port_info 5 /INPUT 8 "D";
    .port_info 6 /OUTPUT 8 "Q";
    .port_info 7 /OUTPUT 1 "CO";
v0x156716f80_0 .var "CO", 0 0;
o0x1480089d0 .functor BUFZ 1, C4<z>; HiZ drive
v0x156717030_0 .net "CP", 0 0, o0x1480089d0;  0 drivers
v0x1567170d0_0 .net "D", 7 0, o0x1480084c0;  alias, 0 drivers
v0x1567171c0_0 .net "EN", 0 0, o0x1480084f0;  alias, 0 drivers
v0x156717290_0 .net "LD", 0 0, L_0x156720f60;  1 drivers
L_0x148040298 .functor BUFT 1, C4<00111100>, C4<0>, C4<0>, C4<0>;
v0x156717360_0 .net "LMT", 7 0, L_0x148040298;  1 drivers
v0x1567173f0_0 .var "Q", 7 0;
v0x156717490_0 .net "RST", 0 0, L_0x1567208d0;  alias, 1 drivers
E_0x156716f20 .event posedge, v0x156717290_0, v0x156717030_0, v0x156714cd0_0;
S_0x1567175e0 .scope module, "minu" "Counter" 2 51, 4 3 0, S_0x156704220;
 .timescale -9 -12;
    .port_info 0 /INPUT 1 "RST";
    .port_info 1 /INPUT 1 "LD";
    .port_info 2 /INPUT 1 "EN";
    .port_info 3 /INPUT 1 "CP";
    .port_info 4 /INPUT 8 "LMT";
    .port_info 5 /INPUT 8 "D";
    .port_info 6 /OUTPUT 8 "Q";
    .port_info 7 /OUTPUT 1 "CO";
v0x1567178b0_0 .var "CO", 0 0;
v0x156717960_0 .net "CP", 0 0, v0x156718190_0;  alias, 1 drivers
v0x1567179f0_0 .net "D", 7 0, o0x1480084c0;  alias, 0 drivers
v0x156717aa0_0 .net "EN", 0 0, o0x1480084f0;  alias, 0 drivers
v0x156717b30_0 .net "LD", 0 0, L_0x156720ad0;  1 drivers
L_0x148040178 .functor BUFT 1, C4<00111100>, C4<0>, C4<0>, C4<0>;
v0x156717c10_0 .net "LMT", 7 0, L_0x148040178;  1 drivers
v0x156717cc0_0 .var "Q", 7 0;
v0x156717d70_0 .net "RST", 0 0, L_0x1567208d0;  alias, 1 drivers
E_0x156717860 .event posedge, v0x156717b30_0, v0x156717960_0, v0x156714cd0_0;
S_0x156717ec0 .scope module, "sec" "Counter" 2 50, 4 3 0, S_0x156704220;
 .timescale -9 -12;
    .port_info 0 /INPUT 1 "RST";
    .port_info 1 /INPUT 1 "LD";
    .port_info 2 /INPUT 1 "EN";
    .port_info 3 /INPUT 1 "CP";
    .port_info 4 /INPUT 8 "LMT";
    .port_info 5 /INPUT 8 "D";
    .port_info 6 /OUTPUT 8 "Q";
    .port_info 7 /OUTPUT 1 "CO";
v0x156718190_0 .var "CO", 0 0;
v0x156718240_0 .net "CP", 0 0, v0x156715020_0;  alias, 1 drivers
L_0x148040130 .functor BUFT 1, C4<00000000>, C4<0>, C4<0>, C4<0>;
v0x1567182f0_0 .net "D", 7 0, L_0x148040130;  1 drivers
v0x1567183a0_0 .net "EN", 0 0, o0x1480084f0;  alias, 0 drivers
v0x1567184b0_0 .net "LD", 0 0, L_0x156720990;  1 drivers
L_0x1480400e8 .functor BUFT 1, C4<00111100>, C4<0>, C4<0>, C4<0>;
v0x156718540_0 .net "LMT", 7 0, L_0x1480400e8;  1 drivers
v0x1567185f0_0 .var "Q", 7 0;
v0x1567186a0_0 .net "RST", 0 0, L_0x1567208d0;  alias, 1 drivers
E_0x156718140 .event posedge, v0x1567184b0_0, v0x156715020_0, v0x156714cd0_0;
S_0x1567187f0 .scope module, "u1" "decoder" 2 77, 5 16 0, S_0x156704220;
 .timescale -9 -12;
    .port_info 0 /INPUT 8 "bin";
    .port_info 1 /OUTPUT 8 "BCD";
v0x156718a80_0 .var "BCD", 7 0;
v0x156718b30_0 .net "bin", 7 0, v0x15671f5d0_0;  1 drivers
v0x156718bd0_0 .var/i "i", 31 0;
v0x156718c60_0 .var "prev_bin", 7 0;
v0x156718d10_0 .var "tmp", 15 0;
E_0x156718a30 .event edge, v0x156718c60_0, v0x156718b30_0, v0x156718d10_0;
S_0x156718e30 .scope module, "u2" "decoder" 2 78, 5 16 0, S_0x156704220;
 .timescale -9 -12;
    .port_info 0 /INPUT 8 "bin";
    .port_info 1 /OUTPUT 8 "BCD";
v0x156719070_0 .var "BCD", 7 0;
v0x156719120_0 .net "bin", 7 0, v0x15671e330_0;  1 drivers
v0x1567191d0_0 .var/i "i", 31 0;
v0x156719290_0 .var "prev_bin", 7 0;
v0x156719340_0 .var "tmp", 15 0;
E_0x156719020 .event edge, v0x156719290_0, v0x156719120_0, v0x156719340_0;
S_0x156719460 .scope module, "u3" "decoder" 2 79, 5 16 0, S_0x156704220;
 .timescale -9 -12;
    .port_info 0 /INPUT 8 "bin";
    .port_info 1 /OUTPUT 8 "BCD";
v0x1567196a0_0 .var "BCD", 7 0;
v0x156719750_0 .net "bin", 7 0, v0x15671fdf0_0;  1 drivers
v0x156719800_0 .var/i "i", 31 0;
v0x1567198c0_0 .var "prev_bin", 7 0;
v0x156719970_0 .var "tmp", 15 0;
E_0x156719650 .event edge, v0x1567198c0_0, v0x156719750_0, v0x156719970_0;
S_0x156719a90 .scope module, "u4" "decoder" 2 80, 5 16 0, S_0x156704220;
 .timescale -9 -12;
    .port_info 0 /INPUT 8 "bin";
    .port_info 1 /OUTPUT 8 "BCD";
v0x156719cd0_0 .var "BCD", 7 0;
v0x156719d80_0 .net "bin", 7 0, v0x15671f680_0;  1 drivers
v0x156719e30_0 .var/i "i", 31 0;
v0x156719ef0_0 .var "prev_bin", 7 0;
v0x156719fa0_0 .var "tmp", 15 0;
E_0x156719c80 .event edge, v0x156719ef0_0, v0x156719d80_0, v0x156719fa0_0;
S_0x15671a0c0 .scope module, "u5" "decoder" 2 81, 5 16 0, S_0x156704220;
 .timescale -9 -12;
    .port_info 0 /INPUT 8 "bin";
    .port_info 1 /OUTPUT 8 "BCD";
v0x15671a300_0 .var "BCD", 7 0;
v0x15671a3b0_0 .net "bin", 7 0, v0x15671e3e0_0;  1 drivers
v0x15671a460_0 .var/i "i", 31 0;
v0x15671a520_0 .var "prev_bin", 7 0;
v0x15671a5d0_0 .var "tmp", 15 0;
E_0x15671a2b0 .event edge, v0x15671a520_0, v0x15671a3b0_0, v0x15671a5d0_0;
S_0x15671a6f0 .scope module, "u6" "decoder" 2 82, 5 16 0, S_0x156704220;
 .timescale -9 -12;
    .port_info 0 /INPUT 8 "bin";
    .port_info 1 /OUTPUT 8 "BCD";
v0x15671a930_0 .var "BCD", 7 0;
v0x15671a9e0_0 .net "bin", 7 0, v0x156720000_0;  1 drivers
v0x15671aa90_0 .var/i "i", 31 0;
v0x15671ab50_0 .var "prev_bin", 7 0;
v0x15671ac00_0 .var "tmp", 15 0;
E_0x15671a8e0 .event edge, v0x15671ab50_0, v0x15671a9e0_0, v0x15671ac00_0;
S_0x15671ad20 .scope module, "utt" "scan_data" 2 128, 6 3 0, S_0x156704220;
 .timescale -9 -12;
    .port_info 0 /INPUT 1 "reset";
    .port_info 1 /INPUT 32 "data";
    .port_info 2 /INPUT 1 "clk";
    .port_info 3 /OUTPUT 8 "an";
    .port_info 4 /OUTPUT 8 "seg";
v0x15671bdc0_0 .net8 "an", 7 0, RS_0x148009870;  alias, 2 drivers
v0x15671be50_0 .net "clk", 0 0, o0x148008040;  alias, 0 drivers
v0x15671bf60_0 .net "clk_5ms", 0 0, v0x15671b910_0;  1 drivers
v0x15671bff0_0 .net "data", 31 0, L_0x156721610;  alias, 1 drivers
v0x15671c080_0 .var "data_in", 3 0;
v0x15671c110_0 .net "reset", 0 0, L_0x1567208d0;  alias, 1 drivers
v0x15671c1a0_0 .net "seg", 7 0, v0x15671b500_0;  alias, 1 drivers
v0x15671c230_0 .var "select", 2 0;
E_0x15671af90 .event edge, v0x15671b5b0_0, v0x15671bff0_0;
E_0x15671afc0 .event posedge, v0x156714cd0_0, v0x15671b910_0;
S_0x15671aff0 .scope module, "sh" "show" 6 23, 6 39 0, S_0x15671ad20;
 .timescale -9 -12;
    .port_info 0 /INPUT 4 "data";
    .port_info 1 /INPUT 3 "seletct";
    .port_info 2 /OUTPUT 8 "AN";
    .port_info 3 /OUTPUT 8 "seg";
v0x15671b2d0_0 .var "AN", 7 0;
v0x15671b390_0 .var "an", 7 0;
v0x15671b440_0 .net "data", 3 0, v0x15671c080_0;  1 drivers
v0x15671b500_0 .var "seg", 7 0;
v0x15671b5b0_0 .net "seletct", 2 0, v0x15671c230_0;  1 drivers
E_0x15671b240 .event edge, v0x15671b440_0;
E_0x15671b290 .event edge, v0x15671b5b0_0;
S_0x15671b6e0 .scope module, "utt" "Fdiv" 6 11, 3 3 0, S_0x15671ad20;
 .timescale -9 -12;
    .port_info 0 /INPUT 1 "reset";
    .port_info 1 /INPUT 32 "mult";
    .port_info 2 /INPUT 1 "clk_1M";
    .port_info 3 /OUTPUT 1 "clk_1K";
v0x15671b910_0 .var "clk_1K", 0 0;
v0x15671b9b0_0 .net "clk_1M", 0 0, o0x148008040;  alias, 0 drivers
v0x15671ba50_0 .var "counter", 31 0;
L_0x1480407a8 .functor BUFT 1, C4<00000000000000001100001101010000>, C4<0>, C4<0>, C4<0>;
v0x15671bb00_0 .net "mult", 31 0, L_0x1480407a8;  1 drivers
v0x15671bbb0_0 .net "reset", 0 0, L_0x1567208d0;  alias, 1 drivers
S_0x15671c350 .scope module, "week" "Counter" 2 53, 4 3 0, S_0x156704220;
 .timescale -9 -12;
    .port_info 0 /INPUT 1 "RST";
    .port_info 1 /INPUT 1 "LD";
    .port_info 2 /INPUT 1 "EN";
    .port_info 3 /INPUT 1 "CP";
    .port_info 4 /INPUT 8 "LMT";
    .port_info 5 /INPUT 8 "D";
    .port_info 6 /OUTPUT 8 "Q";
    .port_info 7 /OUTPUT 1 "CO";
v0x15671c640_0 .var "CO", 0 0;
v0x15671c6f0_0 .net "CP", 0 0, v0x156716650_0;  alias, 1 drivers
v0x15671c7b0_0 .net "D", 7 0, o0x1480084c0;  alias, 0 drivers
v0x15671c8e0_0 .net "EN", 0 0, o0x1480084f0;  alias, 0 drivers
v0x15671c970_0 .net "LD", 0 0, L_0x156720cb0;  1 drivers
L_0x148040208 .functor BUFT 1, C4<00000111>, C4<0>, C4<0>, C4<0>;
v0x15671ca00_0 .net "LMT", 7 0, L_0x148040208;  1 drivers
v0x15671caa0_0 .var "Q", 7 0;
v0x15671cb50_0 .net "RST", 0 0, L_0x1567208d0;  alias, 1 drivers
E_0x15671aee0 .event posedge, v0x15671c970_0, v0x156716650_0, v0x156714cd0_0;
S_0x156704510 .scope module, "decoder_brute" "decoder_brute" 5 3;
 .timescale -9 -12;
    .port_info 0 /INPUT 8 "D";
    .port_info 1 /OUTPUT 8 "BCD";
v0x1567202d0_0 .var "BCD", 7 0;
o0x14800aa40 .functor BUFZ 8, C4<zzzzzzzz>; HiZ drive
v0x156720390_0 .net "D", 7 0, o0x14800aa40;  0 drivers
v0x156720430_0 .var "high", 3 0;
v0x1567204c0_0 .var "low", 3 0;
E_0x156720270 .event edge, v0x156720390_0, v0x156720430_0, v0x1567204c0_0;
    .scope S_0x156714df0;
T_0 ;
    %pushi/vec4 0, 0, 32;
    %store/vec4 v0x156715180_0, 0, 32;
    %end;
    .thread T_0;
    .scope S_0x156714df0;
T_1 ;
    %pushi/vec4 0, 0, 1;
    %store/vec4 v0x156715020_0, 0, 1;
    %end;
    .thread T_1;
    .scope S_0x156714df0;
T_2 ;
    %wait E_0x1567049c0;
    %load/vec4 v0x1567152d0_0;
    %nor/r;
    %flag_set/vec4 8;
    %jmp/0xz  T_2.0, 8;
    %pushi/vec4 0, 0, 32;
    %assign/vec4 v0x156715180_0, 0;
    %pushi/vec4 0, 0, 1;
    %assign/vec4 v0x156715020_0, 0;
    %jmp T_2.1;
T_2.0 ;
    %load/vec4 v0x156715180_0;
    %load/vec4 v0x156715230_0;
    %cmp/e;
    %jmp/0xz  T_2.2, 4;
    %load/vec4 v0x156715020_0;
    %inv;
    %assign/vec4 v0x156715020_0, 0;
    %pushi/vec4 0, 0, 32;
    %assign/vec4 v0x156715180_0, 0;
    %jmp T_2.3;
T_2.2 ;
    %load/vec4 v0x156715180_0;
    %addi 1, 0, 32;
    %assign/vec4 v0x156715180_0, 0;
T_2.3 ;
T_2.1 ;
    %jmp T_2;
    .thread T_2;
    .scope S_0x1567153f0;
T_3 ;
    %pushi/vec4 0, 0, 32;
    %store/vec4 v0x1567157b0_0, 0, 32;
    %end;
    .thread T_3;
    .scope S_0x1567153f0;
T_4 ;
    %pushi/vec4 0, 0, 1;
    %store/vec4 v0x156715630_0, 0, 1;
    %end;
    .thread T_4;
    .scope S_0x1567153f0;
T_5 ;
    %wait E_0x1567049c0;
    %load/vec4 v0x1567158f0_0;
    %nor/r;
    %flag_set/vec4 8;
    %jmp/0xz  T_5.0, 8;
    %pushi/vec4 0, 0, 32;
    %assign/vec4 v0x1567157b0_0, 0;
    %pushi/vec4 0, 0, 1;
    %assign/vec4 v0x156715630_0, 0;
    %jmp T_5.1;
T_5.0 ;
    %load/vec4 v0x1567157b0_0;
    %load/vec4 v0x156715840_0;
    %cmp/e;
    %jmp/0xz  T_5.2, 4;
    %load/vec4 v0x156715630_0;
    %inv;
    %assign/vec4 v0x156715630_0, 0;
    %pushi/vec4 0, 0, 32;
    %assign/vec4 v0x1567157b0_0, 0;
    %jmp T_5.3;
T_5.2 ;
    %load/vec4 v0x1567157b0_0;
    %addi 1, 0, 32;
    %assign/vec4 v0x1567157b0_0, 0;
T_5.3 ;
T_5.1 ;
    %jmp T_5;
    .thread T_5;
    .scope S_0x156704780;
T_6 ;
    %pushi/vec4 0, 0, 32;
    %store/vec4 v0x156714b60_0, 0, 32;
    %end;
    .thread T_6;
    .scope S_0x156704780;
T_7 ;
    %pushi/vec4 0, 0, 1;
    %store/vec4 v0x156704a10_0, 0, 1;
    %end;
    .thread T_7;
    .scope S_0x156704780;
T_8 ;
    %wait E_0x1567049c0;
    %load/vec4 v0x156714cd0_0;
    %nor/r;
    %flag_set/vec4 8;
    %jmp/0xz  T_8.0, 8;
    %pushi/vec4 0, 0, 32;
    %assign/vec4 v0x156714b60_0, 0;
    %pushi/vec4 0, 0, 1;
    %assign/vec4 v0x156704a10_0, 0;
    %jmp T_8.1;
T_8.0 ;
    %load/vec4 v0x156714b60_0;
    %load/vec4 v0x156714c20_0;
    %cmp/e;
    %jmp/0xz  T_8.2, 4;
    %load/vec4 v0x156704a10_0;
    %inv;
    %assign/vec4 v0x156704a10_0, 0;
    %pushi/vec4 0, 0, 32;
    %assign/vec4 v0x156714b60_0, 0;
    %jmp T_8.3;
T_8.2 ;
    %load/vec4 v0x156714b60_0;
    %addi 1, 0, 32;
    %assign/vec4 v0x156714b60_0, 0;
T_8.3 ;
T_8.1 ;
    %jmp T_8;
    .thread T_8;
    .scope S_0x156717ec0;
T_9 ;
    %pushi/vec4 0, 0, 8;
    %assign/vec4 v0x1567185f0_0, 0;
    %end;
    .thread T_9;
    .scope S_0x156717ec0;
T_10 ;
    %wait E_0x156718140;
    %load/vec4 v0x1567186a0_0;
    %flag_set/vec4 8;
    %jmp/0xz  T_10.0, 8;
    %pushi/vec4 0, 0, 8;
    %assign/vec4 v0x1567185f0_0, 0;
    %pushi/vec4 0, 0, 1;
    %assign/vec4 v0x156718190_0, 0;
    %jmp T_10.1;
T_10.0 ;
    %load/vec4 v0x1567184b0_0;
    %flag_set/vec4 8;
    %jmp/0xz  T_10.2, 8;
    %load/vec4 v0x1567182f0_0;
    %load/vec4 v0x156718540_0;
    %cmp/u;
    %jmp/0xz  T_10.4, 5;
    %load/vec4 v0x1567182f0_0;
    %assign/vec4 v0x1567185f0_0, 0;
    %pushi/vec4 0, 0, 1;
    %assign/vec4 v0x156718190_0, 0;
    %jmp T_10.5;
T_10.4 ;
    %load/vec4 v0x1567185f0_0;
    %assign/vec4 v0x1567185f0_0, 0;
    %load/vec4 v0x156718190_0;
    %assign/vec4 v0x156718190_0, 0;
T_10.5 ;
    %jmp T_10.3;
T_10.2 ;
    %load/vec4 v0x1567183a0_0;
    %flag_set/vec4 8;
    %jmp/0xz  T_10.6, 8;
    %load/vec4 v0x1567185f0_0;
    %addi 1, 0, 8;
    %load/vec4 v0x156718540_0;
    %cmp/e;
    %jmp/0xz  T_10.8, 4;
    %pushi/vec4 0, 0, 8;
    %assign/vec4 v0x1567185f0_0, 0;
    %pushi/vec4 1, 0, 1;
    %assign/vec4 v0x156718190_0, 0;
    %jmp T_10.9;
T_10.8 ;
    %load/vec4 v0x1567185f0_0;
    %addi 1, 0, 8;
    %assign/vec4 v0x1567185f0_0, 0;
    %pushi/vec4 0, 0, 1;
    %assign/vec4 v0x156718190_0, 0;
T_10.9 ;
    %jmp T_10.7;
T_10.6 ;
    %load/vec4 v0x1567185f0_0;
    %assign/vec4 v0x1567185f0_0, 0;
    %load/vec4 v0x156718190_0;
    %assign/vec4 v0x156718190_0, 0;
T_10.7 ;
T_10.3 ;
T_10.1 ;
    %jmp T_10;
    .thread T_10;
    .scope S_0x1567175e0;
T_11 ;
    %pushi/vec4 0, 0, 8;
    %assign/vec4 v0x156717cc0_0, 0;
    %end;
    .thread T_11;
    .scope S_0x1567175e0;
T_12 ;
    %wait E_0x156717860;
    %load/vec4 v0x156717d70_0;
    %flag_set/vec4 8;
    %jmp/0xz  T_12.0, 8;
    %pushi/vec4 0, 0, 8;
    %assign/vec4 v0x156717cc0_0, 0;
    %pushi/vec4 0, 0, 1;
    %assign/vec4 v0x1567178b0_0, 0;
    %jmp T_12.1;
T_12.0 ;
    %load/vec4 v0x156717b30_0;
    %flag_set/vec4 8;
    %jmp/0xz  T_12.2, 8;
    %load/vec4 v0x1567179f0_0;
    %load/vec4 v0x156717c10_0;
    %cmp/u;
    %jmp/0xz  T_12.4, 5;
    %load/vec4 v0x1567179f0_0;
    %assign/vec4 v0x156717cc0_0, 0;
    %pushi/vec4 0, 0, 1;
    %assign/vec4 v0x1567178b0_0, 0;
    %jmp T_12.5;
T_12.4 ;
    %load/vec4 v0x156717cc0_0;
    %assign/vec4 v0x156717cc0_0, 0;
    %load/vec4 v0x1567178b0_0;
    %assign/vec4 v0x1567178b0_0, 0;
T_12.5 ;
    %jmp T_12.3;
T_12.2 ;
    %load/vec4 v0x156717aa0_0;
    %flag_set/vec4 8;
    %jmp/0xz  T_12.6, 8;
    %load/vec4 v0x156717cc0_0;
    %addi 1, 0, 8;
    %load/vec4 v0x156717c10_0;
    %cmp/e;
    %jmp/0xz  T_12.8, 4;
    %pushi/vec4 0, 0, 8;
    %assign/vec4 v0x156717cc0_0, 0;
    %pushi/vec4 1, 0, 1;
    %assign/vec4 v0x1567178b0_0, 0;
    %jmp T_12.9;
T_12.8 ;
    %load/vec4 v0x156717cc0_0;
    %addi 1, 0, 8;
    %assign/vec4 v0x156717cc0_0, 0;
    %pushi/vec4 0, 0, 1;
    %assign/vec4 v0x1567178b0_0, 0;
T_12.9 ;
    %jmp T_12.7;
T_12.6 ;
    %load/vec4 v0x156717cc0_0;
    %assign/vec4 v0x156717cc0_0, 0;
    %load/vec4 v0x1567178b0_0;
    %assign/vec4 v0x1567178b0_0, 0;
T_12.7 ;
T_12.3 ;
T_12.1 ;
    %jmp T_12;
    .thread T_12;
    .scope S_0x156716360;
T_13 ;
    %pushi/vec4 0, 0, 8;
    %assign/vec4 v0x156716a80_0, 0;
    %end;
    .thread T_13;
    .scope S_0x156716360;
T_14 ;
    %wait E_0x156716620;
    %load/vec4 v0x156716b30_0;
    %flag_set/vec4 8;
    %jmp/0xz  T_14.0, 8;
    %pushi/vec4 0, 0, 8;
    %assign/vec4 v0x156716a80_0, 0;
    %pushi/vec4 0, 0, 1;
    %assign/vec4 v0x156716650_0, 0;
    %jmp T_14.1;
T_14.0 ;
    %load/vec4 v0x156716910_0;
    %flag_set/vec4 8;
    %jmp/0xz  T_14.2, 8;
    %load/vec4 v0x156716790_0;
    %load/vec4 v0x1567169e0_0;
    %cmp/u;
    %jmp/0xz  T_14.4, 5;
    %load/vec4 v0x156716790_0;
    %assign/vec4 v0x156716a80_0, 0;
    %pushi/vec4 0, 0, 1;
    %assign/vec4 v0x156716650_0, 0;
    %jmp T_14.5;
T_14.4 ;
    %load/vec4 v0x156716a80_0;
    %assign/vec4 v0x156716a80_0, 0;
    %load/vec4 v0x156716650_0;
    %assign/vec4 v0x156716650_0, 0;
T_14.5 ;
    %jmp T_14.3;
T_14.2 ;
    %load/vec4 v0x156716860_0;
    %flag_set/vec4 8;
    %jmp/0xz  T_14.6, 8;
    %load/vec4 v0x156716a80_0;
    %addi 1, 0, 8;
    %load/vec4 v0x1567169e0_0;
    %cmp/e;
    %jmp/0xz  T_14.8, 4;
    %pushi/vec4 0, 0, 8;
    %assign/vec4 v0x156716a80_0, 0;
    %pushi/vec4 1, 0, 1;
    %assign/vec4 v0x156716650_0, 0;
    %jmp T_14.9;
T_14.8 ;
    %load/vec4 v0x156716a80_0;
    %addi 1, 0, 8;
    %assign/vec4 v0x156716a80_0, 0;
    %pushi/vec4 0, 0, 1;
    %assign/vec4 v0x156716650_0, 0;
T_14.9 ;
    %jmp T_14.7;
T_14.6 ;
    %load/vec4 v0x156716a80_0;
    %assign/vec4 v0x156716a80_0, 0;
    %load/vec4 v0x156716650_0;
    %assign/vec4 v0x156716650_0, 0;
T_14.7 ;
T_14.3 ;
T_14.1 ;
    %jmp T_14;
    .thread T_14;
    .scope S_0x15671c350;
T_15 ;
    %pushi/vec4 0, 0, 8;
    %assign/vec4 v0x15671caa0_0, 0;
    %end;
    .thread T_15;
    .scope S_0x15671c350;
T_16 ;
    %wait E_0x15671aee0;
    %load/vec4 v0x15671cb50_0;
    %flag_set/vec4 8;
    %jmp/0xz  T_16.0, 8;
    %pushi/vec4 0, 0, 8;
    %assign/vec4 v0x15671caa0_0, 0;
    %pushi/vec4 0, 0, 1;
    %assign/vec4 v0x15671c640_0, 0;
    %jmp T_16.1;
T_16.0 ;
    %load/vec4 v0x15671c970_0;
    %flag_set/vec4 8;
    %jmp/0xz  T_16.2, 8;
    %load/vec4 v0x15671c7b0_0;
    %load/vec4 v0x15671ca00_0;
    %cmp/u;
    %jmp/0xz  T_16.4, 5;
    %load/vec4 v0x15671c7b0_0;
    %assign/vec4 v0x15671caa0_0, 0;
    %pushi/vec4 0, 0, 1;
    %assign/vec4 v0x15671c640_0, 0;
    %jmp T_16.5;
T_16.4 ;
    %load/vec4 v0x15671caa0_0;
    %assign/vec4 v0x15671caa0_0, 0;
    %load/vec4 v0x15671c640_0;
    %assign/vec4 v0x15671c640_0, 0;
T_16.5 ;
    %jmp T_16.3;
T_16.2 ;
    %load/vec4 v0x15671c8e0_0;
    %flag_set/vec4 8;
    %jmp/0xz  T_16.6, 8;
    %load/vec4 v0x15671caa0_0;
    %addi 1, 0, 8;
    %load/vec4 v0x15671ca00_0;
    %cmp/e;
    %jmp/0xz  T_16.8, 4;
    %pushi/vec4 0, 0, 8;
    %assign/vec4 v0x15671caa0_0, 0;
    %pushi/vec4 1, 0, 1;
    %assign/vec4 v0x15671c640_0, 0;
    %jmp T_16.9;
T_16.8 ;
    %load/vec4 v0x15671caa0_0;
    %addi 1, 0, 8;
    %assign/vec4 v0x15671caa0_0, 0;
    %pushi/vec4 0, 0, 1;
    %assign/vec4 v0x15671c640_0, 0;
T_16.9 ;
    %jmp T_16.7;
T_16.6 ;
    %load/vec4 v0x15671caa0_0;
    %assign/vec4 v0x15671caa0_0, 0;
    %load/vec4 v0x15671c640_0;
    %assign/vec4 v0x15671c640_0, 0;
T_16.7 ;
T_16.3 ;
T_16.1 ;
    %jmp T_16;
    .thread T_16;
    .scope S_0x156715a20;
T_17 ;
    %pushi/vec4 0, 0, 8;
    %assign/vec4 v0x156716160_0, 0;
    %end;
    .thread T_17;
    .scope S_0x156715a20;
T_18 ;
    %wait E_0x156715ce0;
    %load/vec4 v0x156716210_0;
    %flag_set/vec4 8;
    %jmp/0xz  T_18.0, 8;
    %pushi/vec4 0, 0, 8;
    %assign/vec4 v0x156716160_0, 0;
    %pushi/vec4 0, 0, 1;
    %assign/vec4 v0x156715d20_0, 0;
    %jmp T_18.1;
T_18.0 ;
    %load/vec4 v0x156715fd0_0;
    %flag_set/vec4 8;
    %jmp/0xz  T_18.2, 8;
    %load/vec4 v0x156715e70_0;
    %load/vec4 v0x1567160b0_0;
    %cmp/u;
    %jmp/0xz  T_18.4, 5;
    %load/vec4 v0x156715e70_0;
    %assign/vec4 v0x156716160_0, 0;
    %pushi/vec4 0, 0, 1;
    %assign/vec4 v0x156715d20_0, 0;
    %jmp T_18.5;
T_18.4 ;
    %load/vec4 v0x156716160_0;
    %assign/vec4 v0x156716160_0, 0;
    %load/vec4 v0x156715d20_0;
    %assign/vec4 v0x156715d20_0, 0;
T_18.5 ;
    %jmp T_18.3;
T_18.2 ;
    %load/vec4 v0x156715f30_0;
    %flag_set/vec4 8;
    %jmp/0xz  T_18.6, 8;
    %load/vec4 v0x156716160_0;
    %addi 1, 0, 8;
    %load/vec4 v0x1567160b0_0;
    %cmp/e;
    %jmp/0xz  T_18.8, 4;
    %pushi/vec4 0, 0, 8;
    %assign/vec4 v0x156716160_0, 0;
    %pushi/vec4 1, 0, 1;
    %assign/vec4 v0x156715d20_0, 0;
    %jmp T_18.9;
T_18.8 ;
    %load/vec4 v0x156716160_0;
    %addi 1, 0, 8;
    %assign/vec4 v0x156716160_0, 0;
    %pushi/vec4 0, 0, 1;
    %assign/vec4 v0x156715d20_0, 0;
T_18.9 ;
    %jmp T_18.7;
T_18.6 ;
    %load/vec4 v0x156716160_0;
    %assign/vec4 v0x156716160_0, 0;
    %load/vec4 v0x156715d20_0;
    %assign/vec4 v0x156715d20_0, 0;
T_18.7 ;
T_18.3 ;
T_18.1 ;
    %jmp T_18;
    .thread T_18;
    .scope S_0x156716ca0;
T_19 ;
    %pushi/vec4 0, 0, 8;
    %assign/vec4 v0x1567173f0_0, 0;
    %end;
    .thread T_19;
    .scope S_0x156716ca0;
T_20 ;
    %wait E_0x156716f20;
    %load/vec4 v0x156717490_0;
    %flag_set/vec4 8;
    %jmp/0xz  T_20.0, 8;
    %pushi/vec4 0, 0, 8;
    %assign/vec4 v0x1567173f0_0, 0;
    %pushi/vec4 0, 0, 1;
    %assign/vec4 v0x156716f80_0, 0;
    %jmp T_20.1;
T_20.0 ;
    %load/vec4 v0x156717290_0;
    %flag_set/vec4 8;
    %jmp/0xz  T_20.2, 8;
    %load/vec4 v0x1567170d0_0;
    %load/vec4 v0x156717360_0;
    %cmp/u;
    %jmp/0xz  T_20.4, 5;
    %load/vec4 v0x1567170d0_0;
    %assign/vec4 v0x1567173f0_0, 0;
    %pushi/vec4 0, 0, 1;
    %assign/vec4 v0x156716f80_0, 0;
    %jmp T_20.5;
T_20.4 ;
    %load/vec4 v0x1567173f0_0;
    %assign/vec4 v0x1567173f0_0, 0;
    %load/vec4 v0x156716f80_0;
    %assign/vec4 v0x156716f80_0, 0;
T_20.5 ;
    %jmp T_20.3;
T_20.2 ;
    %load/vec4 v0x1567171c0_0;
    %flag_set/vec4 8;
    %jmp/0xz  T_20.6, 8;
    %load/vec4 v0x1567173f0_0;
    %addi 1, 0, 8;
    %load/vec4 v0x156717360_0;
    %cmp/e;
    %jmp/0xz  T_20.8, 4;
    %pushi/vec4 0, 0, 8;
    %assign/vec4 v0x1567173f0_0, 0;
    %pushi/vec4 1, 0, 1;
    %assign/vec4 v0x156716f80_0, 0;
    %jmp T_20.9;
T_20.8 ;
    %load/vec4 v0x1567173f0_0;
    %addi 1, 0, 8;
    %assign/vec4 v0x1567173f0_0, 0;
    %pushi/vec4 0, 0, 1;
    %assign/vec4 v0x156716f80_0, 0;
T_20.9 ;
    %jmp T_20.7;
T_20.6 ;
    %load/vec4 v0x1567173f0_0;
    %assign/vec4 v0x1567173f0_0, 0;
    %load/vec4 v0x156716f80_0;
    %assign/vec4 v0x156716f80_0, 0;
T_20.7 ;
T_20.3 ;
T_20.1 ;
    %jmp T_20;
    .thread T_20;
    .scope S_0x1567187f0;
T_21 ;
    %pushi/vec4 0, 0, 8;
    %store/vec4 v0x156718a80_0, 0, 8;
    %pushi/vec4 0, 0, 8;
    %store/vec4 v0x156718c60_0, 0, 8;
    %pushi/vec4 0, 0, 16;
    %store/vec4 v0x156718d10_0, 0, 16;
    %pushi/vec4 0, 0, 32;
    %store/vec4 v0x156718bd0_0, 0, 32;
    %end;
    .thread T_21;
    .scope S_0x1567187f0;
T_22 ;
    %wait E_0x156718a30;
    %load/vec4 v0x156718c60_0;
    %load/vec4 v0x156718b30_0;
    %cmp/ne;
    %jmp/0xz  T_22.0, 4;
    %pushi/vec4 0, 0, 8;
    %load/vec4 v0x156718b30_0;
    %concat/vec4; draw_concat_vec4
    %store/vec4 v0x156718d10_0, 0, 16;
    %load/vec4 v0x156718b30_0;
    %store/vec4 v0x156718c60_0, 0, 8;
    %pushi/vec4 0, 0, 32;
    %store/vec4 v0x156718bd0_0, 0, 32;
    %pushi/vec4 0, 0, 32;
    %store/vec4 v0x156718bd0_0, 0, 32;
T_22.2 ;
    %load/vec4 v0x156718bd0_0;
    %cmpi/s 8, 0, 32;
    %jmp/0xz T_22.3, 5;
    %load/vec4 v0x156718d10_0;
    %parti/s 4, 12, 5;
    %pad/u 32;
    %cmpi/u 4, 0, 32;
    %flag_or 5, 4; GT is !LE
    %flag_inv 5;
    %jmp/0xz  T_22.4, 5;
    %load/vec4 v0x156718d10_0;
    %parti/s 4, 12, 5;
    %addi 3, 0, 4;
    %ix/load 4, 12, 0;
    %flag_set/imm 4, 0;
    %store/vec4 v0x156718d10_0, 4, 4;
T_22.4 ;
    %load/vec4 v0x156718d10_0;
    %parti/s 4, 8, 5;
    %pad/u 32;
    %cmpi/u 4, 0, 32;
    %flag_or 5, 4; GT is !LE
    %flag_inv 5;
    %jmp/0xz  T_22.6, 5;
    %load/vec4 v0x156718d10_0;
    %parti/s 4, 8, 5;
    %addi 3, 0, 4;
    %ix/load 4, 8, 0;
    %flag_set/imm 4, 0;
    %store/vec4 v0x156718d10_0, 4, 4;
T_22.6 ;
    %load/vec4 v0x156718d10_0;
    %ix/load 4, 1, 0;
    %flag_set/imm 4, 0;
    %shiftl 4;
    %store/vec4 v0x156718d10_0, 0, 16;
    %load/vec4 v0x156718bd0_0;
    %addi 1, 0, 32;
    %store/vec4 v0x156718bd0_0, 0, 32;
    %jmp T_22.2;
T_22.3 ;
    %load/vec4 v0x156718d10_0;
    %parti/s 8, 8, 5;
    %store/vec4 v0x156718a80_0, 0, 8;
T_22.0 ;
    %jmp T_22;
    .thread T_22, $push;
    .scope S_0x156718e30;
T_23 ;
    %pushi/vec4 0, 0, 8;
    %store/vec4 v0x156719070_0, 0, 8;
    %pushi/vec4 0, 0, 8;
    %store/vec4 v0x156719290_0, 0, 8;
    %pushi/vec4 0, 0, 16;
    %store/vec4 v0x156719340_0, 0, 16;
    %pushi/vec4 0, 0, 32;
    %store/vec4 v0x1567191d0_0, 0, 32;
    %end;
    .thread T_23;
    .scope S_0x156718e30;
T_24 ;
    %wait E_0x156719020;
    %load/vec4 v0x156719290_0;
    %load/vec4 v0x156719120_0;
    %cmp/ne;
    %jmp/0xz  T_24.0, 4;
    %pushi/vec4 0, 0, 8;
    %load/vec4 v0x156719120_0;
    %concat/vec4; draw_concat_vec4
    %store/vec4 v0x156719340_0, 0, 16;
    %load/vec4 v0x156719120_0;
    %store/vec4 v0x156719290_0, 0, 8;
    %pushi/vec4 0, 0, 32;
    %store/vec4 v0x1567191d0_0, 0, 32;
    %pushi/vec4 0, 0, 32;
    %store/vec4 v0x1567191d0_0, 0, 32;
T_24.2 ;
    %load/vec4 v0x1567191d0_0;
    %cmpi/s 8, 0, 32;
    %jmp/0xz T_24.3, 5;
    %load/vec4 v0x156719340_0;
    %parti/s 4, 12, 5;
    %pad/u 32;
    %cmpi/u 4, 0, 32;
    %flag_or 5, 4; GT is !LE
    %flag_inv 5;
    %jmp/0xz  T_24.4, 5;
    %load/vec4 v0x156719340_0;
    %parti/s 4, 12, 5;
    %addi 3, 0, 4;
    %ix/load 4, 12, 0;
    %flag_set/imm 4, 0;
    %store/vec4 v0x156719340_0, 4, 4;
T_24.4 ;
    %load/vec4 v0x156719340_0;
    %parti/s 4, 8, 5;
    %pad/u 32;
    %cmpi/u 4, 0, 32;
    %flag_or 5, 4; GT is !LE
    %flag_inv 5;
    %jmp/0xz  T_24.6, 5;
    %load/vec4 v0x156719340_0;
    %parti/s 4, 8, 5;
    %addi 3, 0, 4;
    %ix/load 4, 8, 0;
    %flag_set/imm 4, 0;
    %store/vec4 v0x156719340_0, 4, 4;
T_24.6 ;
    %load/vec4 v0x156719340_0;
    %ix/load 4, 1, 0;
    %flag_set/imm 4, 0;
    %shiftl 4;
    %store/vec4 v0x156719340_0, 0, 16;
    %load/vec4 v0x1567191d0_0;
    %addi 1, 0, 32;
    %store/vec4 v0x1567191d0_0, 0, 32;
    %jmp T_24.2;
T_24.3 ;
    %load/vec4 v0x156719340_0;
    %parti/s 8, 8, 5;
    %store/vec4 v0x156719070_0, 0, 8;
T_24.0 ;
    %jmp T_24;
    .thread T_24, $push;
    .scope S_0x156719460;
T_25 ;
    %pushi/vec4 0, 0, 8;
    %store/vec4 v0x1567196a0_0, 0, 8;
    %pushi/vec4 0, 0, 8;
    %store/vec4 v0x1567198c0_0, 0, 8;
    %pushi/vec4 0, 0, 16;
    %store/vec4 v0x156719970_0, 0, 16;
    %pushi/vec4 0, 0, 32;
    %store/vec4 v0x156719800_0, 0, 32;
    %end;
    .thread T_25;
    .scope S_0x156719460;
T_26 ;
    %wait E_0x156719650;
    %load/vec4 v0x1567198c0_0;
    %load/vec4 v0x156719750_0;
    %cmp/ne;
    %jmp/0xz  T_26.0, 4;
    %pushi/vec4 0, 0, 8;
    %load/vec4 v0x156719750_0;
    %concat/vec4; draw_concat_vec4
    %store/vec4 v0x156719970_0, 0, 16;
    %load/vec4 v0x156719750_0;
    %store/vec4 v0x1567198c0_0, 0, 8;
    %pushi/vec4 0, 0, 32;
    %store/vec4 v0x156719800_0, 0, 32;
    %pushi/vec4 0, 0, 32;
    %store/vec4 v0x156719800_0, 0, 32;
T_26.2 ;
    %load/vec4 v0x156719800_0;
    %cmpi/s 8, 0, 32;
    %jmp/0xz T_26.3, 5;
    %load/vec4 v0x156719970_0;
    %parti/s 4, 12, 5;
    %pad/u 32;
    %cmpi/u 4, 0, 32;
    %flag_or 5, 4; GT is !LE
    %flag_inv 5;
    %jmp/0xz  T_26.4, 5;
    %load/vec4 v0x156719970_0;
    %parti/s 4, 12, 5;
    %addi 3, 0, 4;
    %ix/load 4, 12, 0;
    %flag_set/imm 4, 0;
    %store/vec4 v0x156719970_0, 4, 4;
T_26.4 ;
    %load/vec4 v0x156719970_0;
    %parti/s 4, 8, 5;
    %pad/u 32;
    %cmpi/u 4, 0, 32;
    %flag_or 5, 4; GT is !LE
    %flag_inv 5;
    %jmp/0xz  T_26.6, 5;
    %load/vec4 v0x156719970_0;
    %parti/s 4, 8, 5;
    %addi 3, 0, 4;
    %ix/load 4, 8, 0;
    %flag_set/imm 4, 0;
    %store/vec4 v0x156719970_0, 4, 4;
T_26.6 ;
    %load/vec4 v0x156719970_0;
    %ix/load 4, 1, 0;
    %flag_set/imm 4, 0;
    %shiftl 4;
    %store/vec4 v0x156719970_0, 0, 16;
    %load/vec4 v0x156719800_0;
    %addi 1, 0, 32;
    %store/vec4 v0x156719800_0, 0, 32;
    %jmp T_26.2;
T_26.3 ;
    %load/vec4 v0x156719970_0;
    %parti/s 8, 8, 5;
    %store/vec4 v0x1567196a0_0, 0, 8;
T_26.0 ;
    %jmp T_26;
    .thread T_26, $push;
    .scope S_0x156719a90;
T_27 ;
    %pushi/vec4 0, 0, 8;
    %store/vec4 v0x156719cd0_0, 0, 8;
    %pushi/vec4 0, 0, 8;
    %store/vec4 v0x156719ef0_0, 0, 8;
    %pushi/vec4 0, 0, 16;
    %store/vec4 v0x156719fa0_0, 0, 16;
    %pushi/vec4 0, 0, 32;
    %store/vec4 v0x156719e30_0, 0, 32;
    %end;
    .thread T_27;
    .scope S_0x156719a90;
T_28 ;
    %wait E_0x156719c80;
    %load/vec4 v0x156719ef0_0;
    %load/vec4 v0x156719d80_0;
    %cmp/ne;
    %jmp/0xz  T_28.0, 4;
    %pushi/vec4 0, 0, 8;
    %load/vec4 v0x156719d80_0;
    %concat/vec4; draw_concat_vec4
    %store/vec4 v0x156719fa0_0, 0, 16;
    %load/vec4 v0x156719d80_0;
    %store/vec4 v0x156719ef0_0, 0, 8;
    %pushi/vec4 0, 0, 32;
    %store/vec4 v0x156719e30_0, 0, 32;
    %pushi/vec4 0, 0, 32;
    %store/vec4 v0x156719e30_0, 0, 32;
T_28.2 ;
    %load/vec4 v0x156719e30_0;
    %cmpi/s 8, 0, 32;
    %jmp/0xz T_28.3, 5;
    %load/vec4 v0x156719fa0_0;
    %parti/s 4, 12, 5;
    %pad/u 32;
    %cmpi/u 4, 0, 32;
    %flag_or 5, 4; GT is !LE
    %flag_inv 5;
    %jmp/0xz  T_28.4, 5;
    %load/vec4 v0x156719fa0_0;
    %parti/s 4, 12, 5;
    %addi 3, 0, 4;
    %ix/load 4, 12, 0;
    %flag_set/imm 4, 0;
    %store/vec4 v0x156719fa0_0, 4, 4;
T_28.4 ;
    %load/vec4 v0x156719fa0_0;
    %parti/s 4, 8, 5;
    %pad/u 32;
    %cmpi/u 4, 0, 32;
    %flag_or 5, 4; GT is !LE
    %flag_inv 5;
    %jmp/0xz  T_28.6, 5;
    %load/vec4 v0x156719fa0_0;
    %parti/s 4, 8, 5;
    %addi 3, 0, 4;
    %ix/load 4, 8, 0;
    %flag_set/imm 4, 0;
    %store/vec4 v0x156719fa0_0, 4, 4;
T_28.6 ;
    %load/vec4 v0x156719fa0_0;
    %ix/load 4, 1, 0;
    %flag_set/imm 4, 0;
    %shiftl 4;
    %store/vec4 v0x156719fa0_0, 0, 16;
    %load/vec4 v0x156719e30_0;
    %addi 1, 0, 32;
    %store/vec4 v0x156719e30_0, 0, 32;
    %jmp T_28.2;
T_28.3 ;
    %load/vec4 v0x156719fa0_0;
    %parti/s 8, 8, 5;
    %store/vec4 v0x156719cd0_0, 0, 8;
T_28.0 ;
    %jmp T_28;
    .thread T_28, $push;
    .scope S_0x15671a0c0;
T_29 ;
    %pushi/vec4 0, 0, 8;
    %store/vec4 v0x15671a300_0, 0, 8;
    %pushi/vec4 0, 0, 8;
    %store/vec4 v0x15671a520_0, 0, 8;
    %pushi/vec4 0, 0, 16;
    %store/vec4 v0x15671a5d0_0, 0, 16;
    %pushi/vec4 0, 0, 32;
    %store/vec4 v0x15671a460_0, 0, 32;
    %end;
    .thread T_29;
    .scope S_0x15671a0c0;
T_30 ;
    %wait E_0x15671a2b0;
    %load/vec4 v0x15671a520_0;
    %load/vec4 v0x15671a3b0_0;
    %cmp/ne;
    %jmp/0xz  T_30.0, 4;
    %pushi/vec4 0, 0, 8;
    %load/vec4 v0x15671a3b0_0;
    %concat/vec4; draw_concat_vec4
    %store/vec4 v0x15671a5d0_0, 0, 16;
    %load/vec4 v0x15671a3b0_0;
    %store/vec4 v0x15671a520_0, 0, 8;
    %pushi/vec4 0, 0, 32;
    %store/vec4 v0x15671a460_0, 0, 32;
    %pushi/vec4 0, 0, 32;
    %store/vec4 v0x15671a460_0, 0, 32;
T_30.2 ;
    %load/vec4 v0x15671a460_0;
    %cmpi/s 8, 0, 32;
    %jmp/0xz T_30.3, 5;
    %load/vec4 v0x15671a5d0_0;
    %parti/s 4, 12, 5;
    %pad/u 32;
    %cmpi/u 4, 0, 32;
    %flag_or 5, 4; GT is !LE
    %flag_inv 5;
    %jmp/0xz  T_30.4, 5;
    %load/vec4 v0x15671a5d0_0;
    %parti/s 4, 12, 5;
    %addi 3, 0, 4;
    %ix/load 4, 12, 0;
    %flag_set/imm 4, 0;
    %store/vec4 v0x15671a5d0_0, 4, 4;
T_30.4 ;
    %load/vec4 v0x15671a5d0_0;
    %parti/s 4, 8, 5;
    %pad/u 32;
    %cmpi/u 4, 0, 32;
    %flag_or 5, 4; GT is !LE
    %flag_inv 5;
    %jmp/0xz  T_30.6, 5;
    %load/vec4 v0x15671a5d0_0;
    %parti/s 4, 8, 5;
    %addi 3, 0, 4;
    %ix/load 4, 8, 0;
    %flag_set/imm 4, 0;
    %store/vec4 v0x15671a5d0_0, 4, 4;
T_30.6 ;
    %load/vec4 v0x15671a5d0_0;
    %ix/load 4, 1, 0;
    %flag_set/imm 4, 0;
    %shiftl 4;
    %store/vec4 v0x15671a5d0_0, 0, 16;
    %load/vec4 v0x15671a460_0;
    %addi 1, 0, 32;
    %store/vec4 v0x15671a460_0, 0, 32;
    %jmp T_30.2;
T_30.3 ;
    %load/vec4 v0x15671a5d0_0;
    %parti/s 8, 8, 5;
    %store/vec4 v0x15671a300_0, 0, 8;
T_30.0 ;
    %jmp T_30;
    .thread T_30, $push;
    .scope S_0x15671a6f0;
T_31 ;
    %pushi/vec4 0, 0, 8;
    %store/vec4 v0x15671a930_0, 0, 8;
    %pushi/vec4 0, 0, 8;
    %store/vec4 v0x15671ab50_0, 0, 8;
    %pushi/vec4 0, 0, 16;
    %store/vec4 v0x15671ac00_0, 0, 16;
    %pushi/vec4 0, 0, 32;
    %store/vec4 v0x15671aa90_0, 0, 32;
    %end;
    .thread T_31;
    .scope S_0x15671a6f0;
T_32 ;
    %wait E_0x15671a8e0;
    %load/vec4 v0x15671ab50_0;
    %load/vec4 v0x15671a9e0_0;
    %cmp/ne;
    %jmp/0xz  T_32.0, 4;
    %pushi/vec4 0, 0, 8;
    %load/vec4 v0x15671a9e0_0;
    %concat/vec4; draw_concat_vec4
    %store/vec4 v0x15671ac00_0, 0, 16;
    %load/vec4 v0x15671a9e0_0;
    %store/vec4 v0x15671ab50_0, 0, 8;
    %pushi/vec4 0, 0, 32;
    %store/vec4 v0x15671aa90_0, 0, 32;
    %pushi/vec4 0, 0, 32;
    %store/vec4 v0x15671aa90_0, 0, 32;
T_32.2 ;
    %load/vec4 v0x15671aa90_0;
    %cmpi/s 8, 0, 32;
    %jmp/0xz T_32.3, 5;
    %load/vec4 v0x15671ac00_0;
    %parti/s 4, 12, 5;
    %pad/u 32;
    %cmpi/u 4, 0, 32;
    %flag_or 5, 4; GT is !LE
    %flag_inv 5;
    %jmp/0xz  T_32.4, 5;
    %load/vec4 v0x15671ac00_0;
    %parti/s 4, 12, 5;
    %addi 3, 0, 4;
    %ix/load 4, 12, 0;
    %flag_set/imm 4, 0;
    %store/vec4 v0x15671ac00_0, 4, 4;
T_32.4 ;
    %load/vec4 v0x15671ac00_0;
    %parti/s 4, 8, 5;
    %pad/u 32;
    %cmpi/u 4, 0, 32;
    %flag_or 5, 4; GT is !LE
    %flag_inv 5;
    %jmp/0xz  T_32.6, 5;
    %load/vec4 v0x15671ac00_0;
    %parti/s 4, 8, 5;
    %addi 3, 0, 4;
    %ix/load 4, 8, 0;
    %flag_set/imm 4, 0;
    %store/vec4 v0x15671ac00_0, 4, 4;
T_32.6 ;
    %load/vec4 v0x15671ac00_0;
    %ix/load 4, 1, 0;
    %flag_set/imm 4, 0;
    %shiftl 4;
    %store/vec4 v0x15671ac00_0, 0, 16;
    %load/vec4 v0x15671aa90_0;
    %addi 1, 0, 32;
    %store/vec4 v0x15671aa90_0, 0, 32;
    %jmp T_32.2;
T_32.3 ;
    %load/vec4 v0x15671ac00_0;
    %parti/s 8, 8, 5;
    %store/vec4 v0x15671a930_0, 0, 8;
T_32.0 ;
    %jmp T_32;
    .thread T_32, $push;
    .scope S_0x15671b6e0;
T_33 ;
    %pushi/vec4 0, 0, 32;
    %store/vec4 v0x15671ba50_0, 0, 32;
    %end;
    .thread T_33;
    .scope S_0x15671b6e0;
T_34 ;
    %pushi/vec4 0, 0, 1;
    %store/vec4 v0x15671b910_0, 0, 1;
    %end;
    .thread T_34;
    .scope S_0x15671b6e0;
T_35 ;
    %wait E_0x1567049c0;
    %load/vec4 v0x15671bbb0_0;
    %nor/r;
    %flag_set/vec4 8;
    %jmp/0xz  T_35.0, 8;
    %pushi/vec4 0, 0, 32;
    %assign/vec4 v0x15671ba50_0, 0;
    %pushi/vec4 0, 0, 1;
    %assign/vec4 v0x15671b910_0, 0;
    %jmp T_35.1;
T_35.0 ;
    %load/vec4 v0x15671ba50_0;
    %load/vec4 v0x15671bb00_0;
    %cmp/e;
    %jmp/0xz  T_35.2, 4;
    %load/vec4 v0x15671b910_0;
    %inv;
    %assign/vec4 v0x15671b910_0, 0;
    %pushi/vec4 0, 0, 32;
    %assign/vec4 v0x15671ba50_0, 0;
    %jmp T_35.3;
T_35.2 ;
    %load/vec4 v0x15671ba50_0;
    %addi 1, 0, 32;
    %assign/vec4 v0x15671ba50_0, 0;
T_35.3 ;
T_35.1 ;
    %jmp T_35;
    .thread T_35;
    .scope S_0x15671aff0;
T_36 ;
    %wait E_0x15671b290;
    %load/vec4 v0x15671b5b0_0;
    %dup/vec4;
    %pushi/vec4 0, 0, 3;
    %cmp/u;
    %jmp/1 T_36.0, 6;
    %dup/vec4;
    %pushi/vec4 1, 0, 3;
    %cmp/u;
    %jmp/1 T_36.1, 6;
    %dup/vec4;
    %pushi/vec4 2, 0, 3;
    %cmp/u;
    %jmp/1 T_36.2, 6;
    %dup/vec4;
    %pushi/vec4 3, 0, 3;
    %cmp/u;
    %jmp/1 T_36.3, 6;
    %dup/vec4;
    %pushi/vec4 4, 0, 3;
    %cmp/u;
    %jmp/1 T_36.4, 6;
    %dup/vec4;
    %pushi/vec4 5, 0, 3;
    %cmp/u;
    %jmp/1 T_36.5, 6;
    %dup/vec4;
    %pushi/vec4 6, 0, 3;
    %cmp/u;
    %jmp/1 T_36.6, 6;
    %dup/vec4;
    %pushi/vec4 7, 0, 3;
    %cmp/u;
    %jmp/1 T_36.7, 6;
    %pushi/vec4 255, 0, 8;
    %store/vec4 v0x15671b390_0, 0, 8;
    %jmp T_36.9;
T_36.0 ;
    %pushi/vec4 254, 0, 8;
    %store/vec4 v0x15671b390_0, 0, 8;
    %jmp T_36.9;
T_36.1 ;
    %pushi/vec4 253, 0, 8;
    %store/vec4 v0x15671b390_0, 0, 8;
    %jmp T_36.9;
T_36.2 ;
    %pushi/vec4 251, 0, 8;
    %store/vec4 v0x15671b390_0, 0, 8;
    %jmp T_36.9;
T_36.3 ;
    %pushi/vec4 247, 0, 8;
    %store/vec4 v0x15671b390_0, 0, 8;
    %jmp T_36.9;
T_36.4 ;
    %pushi/vec4 239, 0, 8;
    %store/vec4 v0x15671b390_0, 0, 8;
    %jmp T_36.9;
T_36.5 ;
    %pushi/vec4 223, 0, 8;
    %store/vec4 v0x15671b390_0, 0, 8;
    %jmp T_36.9;
T_36.6 ;
    %pushi/vec4 191, 0, 8;
    %store/vec4 v0x15671b390_0, 0, 8;
    %jmp T_36.9;
T_36.7 ;
    %pushi/vec4 127, 0, 8;
    %store/vec4 v0x15671b390_0, 0, 8;
    %jmp T_36.9;
T_36.9 ;
    %pop/vec4 1;
    %jmp T_36;
    .thread T_36, $push;
    .scope S_0x15671aff0;
T_37 ;
    %wait E_0x15671b240;
    %load/vec4 v0x15671b440_0;
    %dup/vec4;
    %pushi/vec4 0, 0, 4;
    %cmp/u;
    %jmp/1 T_37.0, 6;
    %dup/vec4;
    %pushi/vec4 1, 0, 4;
    %cmp/u;
    %jmp/1 T_37.1, 6;
    %dup/vec4;
    %pushi/vec4 2, 0, 4;
    %cmp/u;
    %jmp/1 T_37.2, 6;
    %dup/vec4;
    %pushi/vec4 3, 0, 4;
    %cmp/u;
    %jmp/1 T_37.3, 6;
    %dup/vec4;
    %pushi/vec4 4, 0, 4;
    %cmp/u;
    %jmp/1 T_37.4, 6;
    %dup/vec4;
    %pushi/vec4 5, 0, 4;
    %cmp/u;
    %jmp/1 T_37.5, 6;
    %dup/vec4;
    %pushi/vec4 6, 0, 4;
    %cmp/u;
    %jmp/1 T_37.6, 6;
    %dup/vec4;
    %pushi/vec4 7, 0, 4;
    %cmp/u;
    %jmp/1 T_37.7, 6;
    %dup/vec4;
    %pushi/vec4 8, 0, 4;
    %cmp/u;
    %jmp/1 T_37.8, 6;
    %dup/vec4;
    %pushi/vec4 9, 0, 4;
    %cmp/u;
    %jmp/1 T_37.9, 6;
    %dup/vec4;
    %pushi/vec4 10, 0, 4;
    %cmp/u;
    %jmp/1 T_37.10, 6;
    %pushi/vec4 255, 0, 8;
    %store/vec4 v0x15671b500_0, 0, 8;
    %jmp T_37.12;
T_37.0 ;
    %pushi/vec4 3, 0, 8;
    %store/vec4 v0x15671b500_0, 0, 8;
    %jmp T_37.12;
T_37.1 ;
    %pushi/vec4 159, 0, 8;
    %store/vec4 v0x15671b500_0, 0, 8;
    %jmp T_37.12;
T_37.2 ;
    %pushi/vec4 37, 0, 8;
    %store/vec4 v0x15671b500_0, 0, 8;
    %jmp T_37.12;
T_37.3 ;
    %pushi/vec4 13, 0, 8;
    %store/vec4 v0x15671b500_0, 0, 8;
    %jmp T_37.12;
T_37.4 ;
    %pushi/vec4 153, 0, 8;
    %store/vec4 v0x15671b500_0, 0, 8;
    %jmp T_37.12;
T_37.5 ;
    %pushi/vec4 73, 0, 8;
    %store/vec4 v0x15671b500_0, 0, 8;
    %jmp T_37.12;
T_37.6 ;
    %pushi/vec4 65, 0, 8;
    %store/vec4 v0x15671b500_0, 0, 8;
    %jmp T_37.12;
T_37.7 ;
    %pushi/vec4 31, 0, 8;
    %store/vec4 v0x15671b500_0, 0, 8;
    %jmp T_37.12;
T_37.8 ;
    %pushi/vec4 1, 0, 8;
    %store/vec4 v0x15671b500_0, 0, 8;
    %jmp T_37.12;
T_37.9 ;
    %pushi/vec4 9, 0, 8;
    %store/vec4 v0x15671b500_0, 0, 8;
    %jmp T_37.12;
T_37.10 ;
    %pushi/vec4 253, 0, 8;
    %store/vec4 v0x15671b500_0, 0, 8;
    %jmp T_37.12;
T_37.12 ;
    %pop/vec4 1;
    %jmp T_37;
    .thread T_37, $push;
    .scope S_0x15671ad20;
T_38 ;
    %wait E_0x15671afc0;
    %load/vec4 v0x15671c110_0;
    %nor/r;
    %flag_set/vec4 8;
    %jmp/0xz  T_38.0, 8;
    %pushi/vec4 0, 0, 3;
    %assign/vec4 v0x15671c230_0, 0;
    %jmp T_38.1;
T_38.0 ;
    %load/vec4 v0x15671c230_0;
    %addi 1, 0, 3;
    %assign/vec4 v0x15671c230_0, 0;
T_38.1 ;
    %jmp T_38;
    .thread T_38;
    .scope S_0x15671ad20;
T_39 ;
    %wait E_0x15671af90;
    %load/vec4 v0x15671c230_0;
    %dup/vec4;
    %pushi/vec4 7, 0, 3;
    %cmp/u;
    %jmp/1 T_39.0, 6;
    %dup/vec4;
    %pushi/vec4 6, 0, 3;
    %cmp/u;
    %jmp/1 T_39.1, 6;
    %dup/vec4;
    %pushi/vec4 5, 0, 3;
    %cmp/u;
    %jmp/1 T_39.2, 6;
    %dup/vec4;
    %pushi/vec4 4, 0, 3;
    %cmp/u;
    %jmp/1 T_39.3, 6;
    %dup/vec4;
    %pushi/vec4 3, 0, 3;
    %cmp/u;
    %jmp/1 T_39.4, 6;
    %dup/vec4;
    %pushi/vec4 2, 0, 3;
    %cmp/u;
    %jmp/1 T_39.5, 6;
    %dup/vec4;
    %pushi/vec4 1, 0, 3;
    %cmp/u;
    %jmp/1 T_39.6, 6;
    %dup/vec4;
    %pushi/vec4 0, 0, 3;
    %cmp/u;
    %jmp/1 T_39.7, 6;
    %jmp T_39.8;
T_39.0 ;
    %load/vec4 v0x15671bff0_0;
    %parti/s 4, 28, 6;
    %store/vec4 v0x15671c080_0, 0, 4;
    %jmp T_39.8;
T_39.1 ;
    %load/vec4 v0x15671bff0_0;
    %parti/s 4, 24, 6;
    %store/vec4 v0x15671c080_0, 0, 4;
    %jmp T_39.8;
T_39.2 ;
    %load/vec4 v0x15671bff0_0;
    %parti/s 4, 20, 6;
    %store/vec4 v0x15671c080_0, 0, 4;
    %jmp T_39.8;
T_39.3 ;
    %load/vec4 v0x15671bff0_0;
    %parti/s 4, 16, 6;
    %store/vec4 v0x15671c080_0, 0, 4;
    %jmp T_39.8;
T_39.4 ;
    %load/vec4 v0x15671bff0_0;
    %parti/s 4, 12, 5;
    %store/vec4 v0x15671c080_0, 0, 4;
    %jmp T_39.8;
T_39.5 ;
    %load/vec4 v0x15671bff0_0;
    %parti/s 4, 8, 5;
    %store/vec4 v0x15671c080_0, 0, 4;
    %jmp T_39.8;
T_39.6 ;
    %load/vec4 v0x15671bff0_0;
    %parti/s 4, 4, 4;
    %store/vec4 v0x15671c080_0, 0, 4;
    %jmp T_39.8;
T_39.7 ;
    %load/vec4 v0x15671bff0_0;
    %parti/s 4, 0, 2;
    %store/vec4 v0x15671c080_0, 0, 4;
    %jmp T_39.8;
T_39.8 ;
    %pop/vec4 1;
    %jmp T_39;
    .thread T_39, $push;
    .scope S_0x156704220;
T_40 ;
    %wait E_0x156704720;
    %load/vec4 v0x15671f7e0_0;
    %store/vec4 v0x15671f5d0_0, 0, 8;
    %load/vec4 v0x15671fa60_0;
    %store/vec4 v0x15671e330_0, 0, 8;
    %load/vec4 v0x15671fea0_0;
    %store/vec4 v0x15671fdf0_0, 0, 8;
    %load/vec4 v0x1567200b0_0;
    %store/vec4 v0x156720000_0, 0, 8;
    %load/vec4 v0x15671f730_0;
    %store/vec4 v0x15671f680_0, 0, 8;
    %load/vec4 v0x15671f9d0_0;
    %store/vec4 v0x15671e3e0_0, 0, 8;
    %jmp T_40;
    .thread T_40, $push;
    .scope S_0x156704220;
T_41 ;
    %wait E_0x1567046f0;
    %load/vec4 v0x15671d9d0_0;
    %flag_set/vec4 8;
    %jmp/0xz  T_41.0, 8;
    %pushi/vec4 0, 0, 2;
    %assign/vec4 v0x15671d530_0, 0;
    %pushi/vec4 0, 0, 1;
    %assign/vec4 v0x15671d5c0_0, 0;
    %jmp T_41.1;
T_41.0 ;
    %load/vec4 v0x15671d650_0;
    %nor/r;
    %flag_set/vec4 8;
    %jmp/0xz  T_41.2, 8;
    %load/vec4 v0x15671db80_0;
    %flag_set/vec4 8;
    %jmp/0xz  T_41.4, 8;
    %load/vec4 v0x15671d5c0_0;
    %pad/u 2;
    %addi 1, 0, 2;
    %pad/u 1;
    %assign/vec4 v0x15671d5c0_0, 0;
    %jmp T_41.5;
T_41.4 ;
    %load/vec4 v0x15671d530_0;
    %addi 1, 0, 2;
    %assign/vec4 v0x15671d530_0, 0;
T_41.5 ;
    %jmp T_41.3;
T_41.2 ;
    %load/vec4 v0x15671d530_0;
    %assign/vec4 v0x15671d530_0, 0;
    %load/vec4 v0x15671d5c0_0;
    %assign/vec4 v0x15671d5c0_0, 0;
T_41.3 ;
T_41.1 ;
    %jmp T_41;
    .thread T_41;
    .scope S_0x156704220;
T_42 ;
    %wait E_0x1567041c0;
    %load/vec4 v0x15671d9d0_0;
    %flag_set/vec4 8;
    %jmp/0xz  T_42.0, 8;
    %load/vec4 v0x15671db80_0;
    %flag_set/vec4 8;
    %jmp/0xz  T_42.2, 8;
    %load/vec4 v0x15671d650_0;
    %ix/getv 4, v0x15671d5c0_0;
    %store/vec4 v0x15671d4a0_0, 4, 1;
    %jmp T_42.3;
T_42.2 ;
    %load/vec4 v0x15671d650_0;
    %ix/getv 4, v0x15671d530_0;
    %store/vec4 v0x15671d410_0, 4, 1;
T_42.3 ;
    %jmp T_42.1;
T_42.0 ;
    %pushi/vec4 0, 0, 4;
    %store/vec4 v0x15671d410_0, 0, 4;
    %pushi/vec4 0, 0, 2;
    %store/vec4 v0x15671d4a0_0, 0, 2;
T_42.1 ;
    %jmp T_42;
    .thread T_42, $push;
    .scope S_0x156704510;
T_43 ;
    %wait E_0x156720270;
    %load/vec4 v0x156720390_0;
    %pad/u 32;
    %pushi/vec4 10, 0, 32;
    %div;
    %pad/u 4;
    %store/vec4 v0x156720430_0, 0, 4;
    %load/vec4 v0x156720390_0;
    %pad/u 32;
    %pushi/vec4 10, 0, 32;
    %mod;
    %pad/u 4;
    %store/vec4 v0x1567204c0_0, 0, 4;
    %load/vec4 v0x156720430_0;
    %load/vec4 v0x1567204c0_0;
    %concat/vec4; draw_concat_vec4
    %store/vec4 v0x1567202d0_0, 0, 8;
    %jmp T_43;
    .thread T_43, $push;
# The file index is used to find the file name in the following table.
:file_names 7;
    "N/A";
    "<interactive>";
    "Clock.v";
    "/Users/mrx/Library/CloudStorage/OneDrive-/programing/digitcircuit/tmpt/dc_1/digitcircuit/teamwork/project_1/project_1.srcs/sources_1/new/Fdiv.v";
    "/Users/mrx/Library/CloudStorage/OneDrive-/programing/digitcircuit/tmpt/dc_1/digitcircuit/teamwork/project_1/project_1.srcs/sources_1/new/Counter.v";
    "/Users/mrx/Library/CloudStorage/OneDrive-/programing/digitcircuit/tmpt/dc_1/digitcircuit/teamwork/project_1/project_1.srcs/sources_1/new/Translator.v";
    "/Users/mrx/Library/CloudStorage/OneDrive-/programing/digitcircuit/tmpt/dc_1/digitcircuit/teamwork/project_1/project_1.srcs/sources_1/new/Tube.v";
