#! /opt/homebrew/Cellar/icarus-verilog/11.0/bin/vvp
:ivl_version "11.0 (stable)";
:ivl_delay_selection "TYPICAL";
:vpi_time_precision - 12;
:vpi_module "/opt/homebrew/Cellar/icarus-verilog/11.0/lib/ivl/system.vpi";
:vpi_module "/opt/homebrew/Cellar/icarus-verilog/11.0/lib/ivl/vhdl_sys.vpi";
:vpi_module "/opt/homebrew/Cellar/icarus-verilog/11.0/lib/ivl/vhdl_textio.vpi";
:vpi_module "/opt/homebrew/Cellar/icarus-verilog/11.0/lib/ivl/v2005_math.vpi";
:vpi_module "/opt/homebrew/Cellar/icarus-verilog/11.0/lib/ivl/va_math.vpi";
S_0x12ee0c890 .scope module, "decoder_simu" "decoder_simu" 2 4;
 .timescale -9 -12;
v0x12ee23520_0 .net "ans", 7 0, v0x12ee23290_0;  1 drivers
v0x12ee235d0_0 .var "bin", 7 0;
v0x12ee23680_0 .var/i "i", 31 0;
S_0x12ee08170 .scope module, "utt" "decoder" 2 9, 3 3 0, S_0x12ee0c890;
 .timescale -9 -12;
    .port_info 0 /INPUT 8 "in";
    .port_info 1 /OUTPUT 8 "out";
v0x12ee082e0_0 .var/i "i", 31 0;
v0x12ee231e0_0 .net "in", 7 0, v0x12ee235d0_0;  1 drivers
v0x12ee23290_0 .var "out", 7 0;
v0x12ee23350_0 .var "prev_in", 7 0;
v0x12ee23400_0 .var "tmp", 15 0;
E_0x12ee13010 .event edge, v0x12ee23350_0, v0x12ee231e0_0, v0x12ee23400_0;
    .scope S_0x12ee08170;
T_0 ;
    %pushi/vec4 0, 0, 8;
    %store/vec4 v0x12ee23290_0, 0, 8;
    %pushi/vec4 0, 0, 8;
    %store/vec4 v0x12ee23350_0, 0, 8;
    %pushi/vec4 0, 0, 16;
    %store/vec4 v0x12ee23400_0, 0, 16;
    %pushi/vec4 0, 0, 32;
    %store/vec4 v0x12ee082e0_0, 0, 32;
    %end;
    .thread T_0;
    .scope S_0x12ee08170;
T_1 ;
    %wait E_0x12ee13010;
    %load/vec4 v0x12ee23350_0;
    %load/vec4 v0x12ee231e0_0;
    %cmp/ne;
    %jmp/0xz  T_1.0, 4;
    %load/vec4 v0x12ee231e0_0;
    %cmpi/e 170, 0, 8;
    %flag_mov 8, 4;
    %load/vec4 v0x12ee231e0_0;
    %cmpi/e 255, 0, 8;
    %flag_or 4, 8;
    %jmp/0xz  T_1.2, 4;
    %load/vec4 v0x12ee231e0_0;
    %store/vec4 v0x12ee23290_0, 0, 8;
    %load/vec4 v0x12ee231e0_0;
    %store/vec4 v0x12ee23350_0, 0, 8;
    %jmp T_1.3;
T_1.2 ;
    %load/vec4 v0x12ee231e0_0;
    %store/vec4 v0x12ee23290_0, 0, 8;
    %pushi/vec4 0, 0, 8;
    %load/vec4 v0x12ee231e0_0;
    %concat/vec4; draw_concat_vec4
    %store/vec4 v0x12ee23400_0, 0, 16;
    %load/vec4 v0x12ee231e0_0;
    %store/vec4 v0x12ee23350_0, 0, 8;
    %pushi/vec4 0, 0, 32;
    %store/vec4 v0x12ee082e0_0, 0, 32;
    %pushi/vec4 0, 0, 32;
    %store/vec4 v0x12ee082e0_0, 0, 32;
T_1.4 ;
    %load/vec4 v0x12ee082e0_0;
    %cmpi/s 8, 0, 32;
    %jmp/0xz T_1.5, 5;
    %load/vec4 v0x12ee23400_0;
    %parti/s 4, 12, 5;
    %pad/u 32;
    %cmpi/u 4, 0, 32;
    %flag_or 5, 4; GT is !LE
    %flag_inv 5;
    %jmp/0xz  T_1.6, 5;
    %load/vec4 v0x12ee23400_0;
    %parti/s 4, 12, 5;
    %addi 3, 0, 4;
    %ix/load 4, 12, 0;
    %flag_set/imm 4, 0;
    %store/vec4 v0x12ee23400_0, 4, 4;
T_1.6 ;
    %load/vec4 v0x12ee23400_0;
    %parti/s 4, 8, 5;
    %pad/u 32;
    %cmpi/u 4, 0, 32;
    %flag_or 5, 4; GT is !LE
    %flag_inv 5;
    %jmp/0xz  T_1.8, 5;
    %load/vec4 v0x12ee23400_0;
    %parti/s 4, 8, 5;
    %addi 3, 0, 4;
    %ix/load 4, 8, 0;
    %flag_set/imm 4, 0;
    %store/vec4 v0x12ee23400_0, 4, 4;
T_1.8 ;
    %load/vec4 v0x12ee23400_0;
    %ix/load 4, 1, 0;
    %flag_set/imm 4, 0;
    %shiftl 4;
    %store/vec4 v0x12ee23400_0, 0, 16;
    %load/vec4 v0x12ee082e0_0;
    %addi 1, 0, 32;
    %store/vec4 v0x12ee082e0_0, 0, 32;
    %jmp T_1.4;
T_1.5 ;
    %load/vec4 v0x12ee23400_0;
    %parti/s 8, 8, 5;
    %store/vec4 v0x12ee23290_0, 0, 8;
T_1.3 ;
T_1.0 ;
    %jmp T_1;
    .thread T_1, $push;
    .scope S_0x12ee0c890;
T_2 ;
    %vpi_call 2 13 "$display", "start" {0 0 0};
    %vpi_call 2 14 "$dumpfile", "decoder_wave.vcd" {0 0 0};
    %vpi_call 2 15 "$dumpvars", 32'sb00000000000000000000000000000000, S_0x12ee0c890 {0 0 0};
    %pushi/vec4 255, 0, 8;
    %store/vec4 v0x12ee235d0_0, 0, 8;
    %delay 20000, 0;
    %pushi/vec4 170, 0, 8;
    %store/vec4 v0x12ee235d0_0, 0, 8;
    %delay 20000, 0;
    %pushi/vec4 0, 0, 8;
    %store/vec4 v0x12ee235d0_0, 0, 8;
    %pushi/vec4 0, 0, 32;
    %store/vec4 v0x12ee23680_0, 0, 32;
T_2.0 ;
    %load/vec4 v0x12ee23680_0;
    %cmpi/s 300, 0, 32;
    %jmp/0xz T_2.1, 5;
    %delay 20000, 0;
    %load/vec4 v0x12ee23680_0;
    %pad/s 8;
    %store/vec4 v0x12ee235d0_0, 0, 8;
    %load/vec4 v0x12ee23680_0;
    %addi 1, 0, 32;
    %store/vec4 v0x12ee23680_0, 0, 32;
    %jmp T_2.0;
T_2.1 ;
    %vpi_call 2 26 "$finish" {0 0 0};
    %end;
    .thread T_2;
# The file index is used to find the file name in the following table.
:file_names 4;
    "N/A";
    "<interactive>";
    "decoder_simu.v";
    "/Users/mrx/Library/CloudStorage/OneDrive-个人/programing/digitcircuit/tmpt/dc_1/TFLIGHT/TFLIGHT.srcs/sources_1/new/Translator.v";
