#! /opt/homebrew/Cellar/icarus-verilog/11.0/bin/vvp
:ivl_version "11.0 (stable)";
:ivl_delay_selection "TYPICAL";
:vpi_time_precision - 12;
:vpi_module "/opt/homebrew/Cellar/icarus-verilog/11.0/lib/ivl/system.vpi";
:vpi_module "/opt/homebrew/Cellar/icarus-verilog/11.0/lib/ivl/vhdl_sys.vpi";
:vpi_module "/opt/homebrew/Cellar/icarus-verilog/11.0/lib/ivl/vhdl_textio.vpi";
:vpi_module "/opt/homebrew/Cellar/icarus-verilog/11.0/lib/ivl/v2005_math.vpi";
:vpi_module "/opt/homebrew/Cellar/icarus-verilog/11.0/lib/ivl/va_math.vpi";
S_0x127e0e620 .scope module, "ma_si" "ma_si" 2 4;
 .timescale -9 -12;
v0x127e4fe40_0 .net "AN", 3 0, v0x127e4e2a0_0;  1 drivers
v0x127e4fef0_0 .var "CLK", 0 0;
v0x127e50010_0 .var "CLR", 0 0;
v0x127e500a0_0 .net "MainLight", 2 0, v0x127e4d510_0;  1 drivers
v0x127e50130_0 .net "Seg", 7 0, v0x127e4e410_0;  1 drivers
v0x127e50200_0 .net "SubLight", 2 0, v0x127e4d5b0_0;  1 drivers
v0x127e502d0_0 .var "pause", 0 0;
v0x127e503a0_0 .var "start", 0 0;
v0x127e50470_0 .var "stopa", 0 0;
v0x127e50580_0 .var "stopb", 0 0;
E_0x127e28150 .event edge, v0x127e4cdd0_0;
S_0x127e0e790 .scope module, "utt" "TOP" 2 9, 3 5 0, S_0x127e0e620;
 .timescale -9 -12;
    .port_info 0 /INPUT 1 "CLK";
    .port_info 1 /INPUT 1 "CLR";
    .port_info 2 /INPUT 1 "start";
    .port_info 3 /INPUT 1 "stopa";
    .port_info 4 /INPUT 1 "stopb";
    .port_info 5 /INPUT 1 "pause";
    .port_info 6 /OUTPUT 3 "MainLight";
    .port_info 7 /OUTPUT 3 "SubLight";
    .port_info 8 /OUTPUT 4 "AN";
    .port_info 9 /OUTPUT 8 "Seg";
v0x127e4f230_0 .net "AN", 3 0, v0x127e4e2a0_0;  alias, 1 drivers
v0x127e4f320_0 .net "CLK", 0 0, v0x127e4fef0_0;  1 drivers
v0x127e4f3b0_0 .net "CLR", 0 0, v0x127e50010_0;  1 drivers
v0x127e4f440_0 .net "MainLight", 2 0, v0x127e4d510_0;  alias, 1 drivers
v0x127e4f4d0_0 .net "Seg", 7 0, v0x127e4e410_0;  alias, 1 drivers
v0x127e4f5e0_0 .net "SubLight", 2 0, v0x127e4d5b0_0;  alias, 1 drivers
v0x127e4f670_0 .net "clk_1s", 0 0, v0x127e4cd20_0;  1 drivers
o0x118040370 .functor BUFZ 1, C4<z>; HiZ drive
v0x127e4f740_0 .net "clr", 0 0, o0x118040370;  0 drivers
v0x127e4f810_0 .net "data_main", 7 0, v0x127e4d800_0;  1 drivers
v0x127e4f920_0 .net "data_out", 15 0, L_0x127e50680;  1 drivers
v0x127e4f9b0_0 .net "data_sub", 7 0, v0x127e4d8a0_0;  1 drivers
v0x127e4fa80_0 .net "pause", 0 0, v0x127e502d0_0;  1 drivers
o0x1180409a0 .functor BUFZ 1, C4<z>; HiZ drive
v0x127e4fb10_0 .net "reset", 0 0, o0x1180409a0;  0 drivers
v0x127e4fbe0_0 .net "start", 0 0, v0x127e503a0_0;  1 drivers
v0x127e4fc70_0 .net "stopa", 0 0, v0x127e50470_0;  1 drivers
v0x127e4fd00_0 .net "stopb", 0 0, v0x127e50580_0;  1 drivers
L_0x127e50680 .concat8 [ 8 8 0 0], v0x127e4c820_0, v0x127e4c1f0_0;
S_0x127e0adb0 .scope module, "bin_bcd1" "decoder" 3 20, 4 3 0, S_0x127e0e790;
 .timescale -9 -12;
    .port_info 0 /INPUT 8 "in";
    .port_info 1 /OUTPUT 8 "out";
v0x127e0d2c0_0 .var/i "i", 31 0;
v0x127e4c140_0 .net "in", 7 0, v0x127e4d800_0;  alias, 1 drivers
v0x127e4c1f0_0 .var "out", 7 0;
v0x127e4c2b0_0 .var "prev_in", 7 0;
v0x127e4c360_0 .var "tmp", 15 0;
E_0x127e39aa0 .event edge, v0x127e4c2b0_0, v0x127e4c140_0, v0x127e4c360_0;
S_0x127e4c480 .scope module, "bin_bcd2" "decoder" 3 21, 4 3 0, S_0x127e0e790;
 .timescale -9 -12;
    .port_info 0 /INPUT 8 "in";
    .port_info 1 /OUTPUT 8 "out";
v0x127e4c6c0_0 .var/i "i", 31 0;
v0x127e4c770_0 .net "in", 7 0, v0x127e4d8a0_0;  alias, 1 drivers
v0x127e4c820_0 .var "out", 7 0;
v0x127e4c8e0_0 .var "prev_in", 7 0;
v0x127e4c990_0 .var "tmp", 15 0;
E_0x127e4c670 .event edge, v0x127e4c8e0_0, v0x127e4c770_0, v0x127e4c990_0;
S_0x127e4cab0 .scope module, "div" "Fdiv" 3 18, 5 3 0, S_0x127e0e790;
 .timescale -9 -12;
    .port_info 0 /INPUT 1 "reset";
    .port_info 1 /INPUT 32 "mult";
    .port_info 2 /INPUT 1 "clk_1M";
    .port_info 3 /OUTPUT 1 "clk_1K";
v0x127e4cd20_0 .var "clk_1K", 0 0;
v0x127e4cdd0_0 .net "clk_1M", 0 0, v0x127e4fef0_0;  alias, 1 drivers
v0x127e4ce70_0 .var "counter", 31 0;
L_0x118078010 .functor BUFT 1, C4<00000000000000000000000001111101>, C4<0>, C4<0>, C4<0>;
v0x127e4cf30_0 .net "mult", 31 0, L_0x118078010;  1 drivers
v0x127e4cfe0_0 .net "reset", 0 0, o0x118040370;  alias, 0 drivers
E_0x127e4ccf0 .event posedge, v0x127e4cfe0_0, v0x127e4cdd0_0;
S_0x127e4d100 .scope module, "light" "Light" 3 19, 3 25 0, S_0x127e0e790;
 .timescale -9 -12;
    .port_info 0 /INPUT 1 "clk_1s";
    .port_info 1 /INPUT 1 "CLR";
    .port_info 2 /INPUT 1 "start";
    .port_info 3 /INPUT 1 "stopa";
    .port_info 4 /INPUT 1 "stopb";
    .port_info 5 /INPUT 1 "pause";
    .port_info 6 /OUTPUT 3 "MainLight";
    .port_info 7 /OUTPUT 3 "SubLight";
    .port_info 8 /OUTPUT 8 "data_main";
    .port_info 9 /OUTPUT 8 "data_sub";
v0x127e4d470_0 .net "CLR", 0 0, o0x118040370;  alias, 0 drivers
v0x127e4d510_0 .var "MainLight", 2 0;
v0x127e4d5b0_0 .var "SubLight", 2 0;
v0x127e4d670_0 .net "clk_1s", 0 0, v0x127e4cd20_0;  alias, 1 drivers
v0x127e4d720_0 .var "clock", 7 0;
v0x127e4d800_0 .var "data_main", 7 0;
v0x127e4d8a0_0 .var "data_sub", 7 0;
v0x127e4d950_0 .net "pause", 0 0, v0x127e502d0_0;  alias, 1 drivers
v0x127e4d9e0_0 .net "start", 0 0, v0x127e503a0_0;  alias, 1 drivers
v0x127e4db00_0 .net "stopa", 0 0, v0x127e50470_0;  alias, 1 drivers
v0x127e4dba0_0 .net "stopb", 0 0, v0x127e50580_0;  alias, 1 drivers
E_0x127e4d400/0 .event posedge, v0x127e4d950_0, v0x127e4dba0_0, v0x127e4db00_0, v0x127e4cfe0_0;
E_0x127e4d400/1 .event posedge, v0x127e4cd20_0;
E_0x127e4d400 .event/or E_0x127e4d400/0, E_0x127e4d400/1;
S_0x127e4dd30 .scope module, "show" "scan_data" 3 22, 6 3 0, S_0x127e0e790;
 .timescale -9 -12;
    .port_info 0 /INPUT 1 "reset";
    .port_info 1 /INPUT 16 "data";
    .port_info 2 /INPUT 1 "clk";
    .port_info 3 /OUTPUT 4 "an";
    .port_info 4 /OUTPUT 8 "seg";
v0x127e4ec30_0 .net "an", 3 0, v0x127e4e2a0_0;  alias, 1 drivers
v0x127e4ece0_0 .net "clk", 0 0, v0x127e4fef0_0;  alias, 1 drivers
v0x127e4edb0_0 .net "clk_5ms", 0 0, v0x127e4e850_0;  1 drivers
v0x127e4ee60_0 .net "data", 15 0, L_0x127e50680;  alias, 1 drivers
v0x127e4eef0_0 .var "data_in", 3 0;
v0x127e4efc0_0 .net "reset", 0 0, o0x1180409a0;  alias, 0 drivers
v0x127e4f070_0 .net "seg", 7 0, v0x127e4e410_0;  alias, 1 drivers
v0x127e4f120_0 .var "select", 1 0;
E_0x127e4df50 .event edge, v0x127e4e4d0_0, v0x127e4ee60_0;
E_0x127e4dfa0 .event posedge, v0x127e4eb10_0, v0x127e4e850_0;
S_0x127e4dfe0 .scope module, "sh" "show" 6 23, 6 35 0, S_0x127e4dd30;
 .timescale -9 -12;
    .port_info 0 /INPUT 4 "data";
    .port_info 1 /INPUT 2 "seletct";
    .port_info 2 /OUTPUT 4 "AN";
    .port_info 3 /OUTPUT 8 "seg";
v0x127e4e2a0_0 .var "AN", 3 0;
v0x127e4e360_0 .net "data", 3 0, v0x127e4eef0_0;  1 drivers
v0x127e4e410_0 .var "seg", 7 0;
v0x127e4e4d0_0 .net "seletct", 1 0, v0x127e4f120_0;  1 drivers
E_0x127e4e210 .event edge, v0x127e4e360_0;
E_0x127e4e260 .event edge, v0x127e4e4d0_0;
S_0x127e4e5e0 .scope module, "utt" "Fdiv" 6 11, 5 3 0, S_0x127e4dd30;
 .timescale -9 -12;
    .port_info 0 /INPUT 1 "reset";
    .port_info 1 /INPUT 32 "mult";
    .port_info 2 /INPUT 1 "clk_1M";
    .port_info 3 /OUTPUT 1 "clk_1K";
v0x127e4e850_0 .var "clk_1K", 0 0;
v0x127e4e900_0 .net "clk_1M", 0 0, v0x127e4fef0_0;  alias, 1 drivers
v0x127e4e9c0_0 .var "counter", 31 0;
L_0x118078058 .functor BUFT 1, C4<00000000000000000000000000000101>, C4<0>, C4<0>, C4<0>;
v0x127e4ea70_0 .net "mult", 31 0, L_0x118078058;  1 drivers
v0x127e4eb10_0 .net "reset", 0 0, o0x1180409a0;  alias, 0 drivers
E_0x127e4e810 .event posedge, v0x127e4eb10_0, v0x127e4cdd0_0;
    .scope S_0x127e4cab0;
T_0 ;
    %pushi/vec4 0, 0, 32;
    %store/vec4 v0x127e4ce70_0, 0, 32;
    %end;
    .thread T_0;
    .scope S_0x127e4cab0;
T_1 ;
    %pushi/vec4 0, 0, 1;
    %store/vec4 v0x127e4cd20_0, 0, 1;
    %end;
    .thread T_1;
    .scope S_0x127e4cab0;
T_2 ;
    %wait E_0x127e4ccf0;
    %load/vec4 v0x127e4cfe0_0;
    %nor/r;
    %flag_set/vec4 8;
    %jmp/0xz  T_2.0, 8;
    %pushi/vec4 0, 0, 32;
    %assign/vec4 v0x127e4ce70_0, 0;
    %pushi/vec4 0, 0, 1;
    %assign/vec4 v0x127e4cd20_0, 0;
    %jmp T_2.1;
T_2.0 ;
    %load/vec4 v0x127e4ce70_0;
    %load/vec4 v0x127e4cf30_0;
    %cmp/e;
    %jmp/0xz  T_2.2, 4;
    %load/vec4 v0x127e4cd20_0;
    %inv;
    %assign/vec4 v0x127e4cd20_0, 0;
    %pushi/vec4 0, 0, 32;
    %assign/vec4 v0x127e4ce70_0, 0;
    %jmp T_2.3;
T_2.2 ;
    %load/vec4 v0x127e4ce70_0;
    %addi 1, 0, 32;
    %assign/vec4 v0x127e4ce70_0, 0;
T_2.3 ;
T_2.1 ;
    %jmp T_2;
    .thread T_2;
    .scope S_0x127e4d100;
T_3 ;
    %pushi/vec4 43690, 0, 16;
    %split/vec4 8;
    %assign/vec4 v0x127e4d8a0_0, 0;
    %assign/vec4 v0x127e4d800_0, 0;
    %pushi/vec4 70, 0, 8;
    %assign/vec4 v0x127e4d720_0, 0;
    %pushi/vec4 0, 0, 3;
    %assign/vec4 v0x127e4d510_0, 0;
    %pushi/vec4 0, 0, 3;
    %assign/vec4 v0x127e4d5b0_0, 0;
    %end;
    .thread T_3;
    .scope S_0x127e4d100;
T_4 ;
    %wait E_0x127e4d400;
    %load/vec4 v0x127e4d470_0;
    %flag_set/vec4 8;
    %jmp/0xz  T_4.0, 8;
    %pushi/vec4 43690, 0, 16;
    %split/vec4 8;
    %assign/vec4 v0x127e4d8a0_0, 0;
    %assign/vec4 v0x127e4d800_0, 0;
    %pushi/vec4 70, 0, 8;
    %assign/vec4 v0x127e4d720_0, 0;
    %pushi/vec4 4, 0, 3;
    %assign/vec4 v0x127e4d510_0, 0;
    %pushi/vec4 4, 0, 3;
    %assign/vec4 v0x127e4d5b0_0, 0;
    %jmp T_4.1;
T_4.0 ;
    %load/vec4 v0x127e4db00_0;
    %flag_set/vec4 8;
    %jmp/0xz  T_4.2, 8;
    %pushi/vec4 65535, 0, 16;
    %split/vec4 8;
    %assign/vec4 v0x127e4d8a0_0, 0;
    %assign/vec4 v0x127e4d800_0, 0;
    %pushi/vec4 70, 0, 8;
    %assign/vec4 v0x127e4d720_0, 0;
    %pushi/vec4 4, 0, 3;
    %assign/vec4 v0x127e4d510_0, 0;
    %pushi/vec4 1, 0, 3;
    %assign/vec4 v0x127e4d5b0_0, 0;
    %jmp T_4.3;
T_4.2 ;
    %load/vec4 v0x127e4dba0_0;
    %flag_set/vec4 8;
    %jmp/0xz  T_4.4, 8;
    %pushi/vec4 65535, 0, 16;
    %split/vec4 8;
    %assign/vec4 v0x127e4d8a0_0, 0;
    %assign/vec4 v0x127e4d800_0, 0;
    %pushi/vec4 70, 0, 8;
    %assign/vec4 v0x127e4d720_0, 0;
    %pushi/vec4 1, 0, 3;
    %assign/vec4 v0x127e4d510_0, 0;
    %pushi/vec4 4, 0, 3;
    %assign/vec4 v0x127e4d5b0_0, 0;
    %jmp T_4.5;
T_4.4 ;
    %load/vec4 v0x127e4d950_0;
    %flag_set/vec4 8;
    %jmp/0xz  T_4.6, 8;
    %load/vec4 v0x127e4d800_0;
    %load/vec4 v0x127e4d8a0_0;
    %concat/vec4; draw_concat_vec4
    %split/vec4 8;
    %assign/vec4 v0x127e4d8a0_0, 0;
    %assign/vec4 v0x127e4d800_0, 0;
    %load/vec4 v0x127e4d720_0;
    %assign/vec4 v0x127e4d720_0, 0;
    %jmp T_4.7;
T_4.6 ;
    %load/vec4 v0x127e4d9e0_0;
    %flag_set/vec4 8;
    %jmp/0xz  T_4.8, 8;
    %load/vec4 v0x127e4d720_0;
    %pad/u 32;
    %cmpi/e 70, 0, 32;
    %jmp/0xz  T_4.10, 4;
    %load/vec4 v0x127e4d720_0;
    %subi 1, 0, 8;
    %assign/vec4 v0x127e4d720_0, 0;
    %pushi/vec4 1, 0, 3;
    %assign/vec4 v0x127e4d510_0, 0;
    %pushi/vec4 4, 0, 3;
    %assign/vec4 v0x127e4d5b0_0, 0;
    %pushi/vec4 35, 0, 8;
    %assign/vec4 v0x127e4d800_0, 0;
    %pushi/vec4 40, 0, 8;
    %assign/vec4 v0x127e4d8a0_0, 0;
T_4.10 ;
    %load/vec4 v0x127e4d720_0;
    %pad/u 32;
    %cmpi/e 35, 0, 32;
    %jmp/0xz  T_4.12, 4;
    %load/vec4 v0x127e4d720_0;
    %subi 1, 0, 8;
    %assign/vec4 v0x127e4d720_0, 0;
    %pushi/vec4 2, 0, 3;
    %assign/vec4 v0x127e4d510_0, 0;
    %pushi/vec4 4, 0, 3;
    %assign/vec4 v0x127e4d5b0_0, 0;
    %pushi/vec4 5, 0, 8;
    %assign/vec4 v0x127e4d800_0, 0;
    %load/vec4 v0x127e4d8a0_0;
    %subi 1, 0, 8;
    %assign/vec4 v0x127e4d8a0_0, 0;
    %jmp T_4.13;
T_4.12 ;
    %load/vec4 v0x127e4d720_0;
    %pad/u 32;
    %cmpi/e 30, 0, 32;
    %jmp/0xz  T_4.14, 4;
    %load/vec4 v0x127e4d720_0;
    %subi 1, 0, 8;
    %assign/vec4 v0x127e4d720_0, 0;
    %pushi/vec4 4, 0, 3;
    %assign/vec4 v0x127e4d510_0, 0;
    %pushi/vec4 1, 0, 3;
    %assign/vec4 v0x127e4d5b0_0, 0;
    %pushi/vec4 30, 0, 8;
    %assign/vec4 v0x127e4d800_0, 0;
    %pushi/vec4 25, 0, 8;
    %assign/vec4 v0x127e4d8a0_0, 0;
    %jmp T_4.15;
T_4.14 ;
    %load/vec4 v0x127e4d720_0;
    %pad/u 32;
    %cmpi/e 5, 0, 32;
    %jmp/0xz  T_4.16, 4;
    %load/vec4 v0x127e4d720_0;
    %subi 1, 0, 8;
    %assign/vec4 v0x127e4d720_0, 0;
    %pushi/vec4 4, 0, 3;
    %assign/vec4 v0x127e4d510_0, 0;
    %pushi/vec4 2, 0, 3;
    %assign/vec4 v0x127e4d5b0_0, 0;
    %load/vec4 v0x127e4d800_0;
    %subi 1, 0, 8;
    %assign/vec4 v0x127e4d800_0, 0;
    %pushi/vec4 5, 0, 8;
    %assign/vec4 v0x127e4d8a0_0, 0;
    %jmp T_4.17;
T_4.16 ;
    %load/vec4 v0x127e4d720_0;
    %pad/u 32;
    %cmpi/e 1, 0, 32;
    %jmp/0xz  T_4.18, 4;
    %pushi/vec4 70, 0, 8;
    %assign/vec4 v0x127e4d720_0, 0;
    %load/vec4 v0x127e4d800_0;
    %subi 1, 0, 8;
    %assign/vec4 v0x127e4d800_0, 0;
    %load/vec4 v0x127e4d8a0_0;
    %subi 1, 0, 8;
    %assign/vec4 v0x127e4d8a0_0, 0;
    %jmp T_4.19;
T_4.18 ;
    %load/vec4 v0x127e4d720_0;
    %subi 1, 0, 8;
    %assign/vec4 v0x127e4d720_0, 0;
    %load/vec4 v0x127e4d800_0;
    %subi 1, 0, 8;
    %assign/vec4 v0x127e4d800_0, 0;
    %load/vec4 v0x127e4d8a0_0;
    %subi 1, 0, 8;
    %assign/vec4 v0x127e4d8a0_0, 0;
T_4.19 ;
T_4.17 ;
T_4.15 ;
T_4.13 ;
T_4.8 ;
T_4.7 ;
T_4.5 ;
T_4.3 ;
T_4.1 ;
    %jmp T_4;
    .thread T_4;
    .scope S_0x127e0adb0;
T_5 ;
    %pushi/vec4 0, 0, 8;
    %store/vec4 v0x127e4c1f0_0, 0, 8;
    %pushi/vec4 0, 0, 8;
    %store/vec4 v0x127e4c2b0_0, 0, 8;
    %pushi/vec4 0, 0, 16;
    %store/vec4 v0x127e4c360_0, 0, 16;
    %pushi/vec4 0, 0, 32;
    %store/vec4 v0x127e0d2c0_0, 0, 32;
    %end;
    .thread T_5;
    .scope S_0x127e0adb0;
T_6 ;
    %wait E_0x127e39aa0;
    %load/vec4 v0x127e4c2b0_0;
    %load/vec4 v0x127e4c140_0;
    %cmp/ne;
    %jmp/0xz  T_6.0, 4;
    %load/vec4 v0x127e4c140_0;
    %cmpi/e 170, 0, 8;
    %flag_mov 8, 4;
    %load/vec4 v0x127e4c140_0;
    %cmpi/e 255, 0, 8;
    %flag_or 4, 8;
    %jmp/0xz  T_6.2, 4;
    %load/vec4 v0x127e4c140_0;
    %store/vec4 v0x127e4c1f0_0, 0, 8;
    %load/vec4 v0x127e4c140_0;
    %store/vec4 v0x127e4c2b0_0, 0, 8;
    %jmp T_6.3;
T_6.2 ;
    %load/vec4 v0x127e4c140_0;
    %store/vec4 v0x127e4c1f0_0, 0, 8;
    %pushi/vec4 0, 0, 8;
    %load/vec4 v0x127e4c140_0;
    %concat/vec4; draw_concat_vec4
    %store/vec4 v0x127e4c360_0, 0, 16;
    %load/vec4 v0x127e4c140_0;
    %store/vec4 v0x127e4c2b0_0, 0, 8;
    %pushi/vec4 0, 0, 32;
    %store/vec4 v0x127e0d2c0_0, 0, 32;
    %pushi/vec4 0, 0, 32;
    %store/vec4 v0x127e0d2c0_0, 0, 32;
T_6.4 ;
    %load/vec4 v0x127e0d2c0_0;
    %cmpi/s 8, 0, 32;
    %jmp/0xz T_6.5, 5;
    %load/vec4 v0x127e4c360_0;
    %parti/s 4, 12, 5;
    %pad/u 32;
    %cmpi/u 4, 0, 32;
    %flag_or 5, 4; GT is !LE
    %flag_inv 5;
    %jmp/0xz  T_6.6, 5;
    %load/vec4 v0x127e4c360_0;
    %parti/s 4, 12, 5;
    %addi 3, 0, 4;
    %ix/load 4, 12, 0;
    %flag_set/imm 4, 0;
    %store/vec4 v0x127e4c360_0, 4, 4;
T_6.6 ;
    %load/vec4 v0x127e4c360_0;
    %parti/s 4, 8, 5;
    %pad/u 32;
    %cmpi/u 4, 0, 32;
    %flag_or 5, 4; GT is !LE
    %flag_inv 5;
    %jmp/0xz  T_6.8, 5;
    %load/vec4 v0x127e4c360_0;
    %parti/s 4, 8, 5;
    %addi 3, 0, 4;
    %ix/load 4, 8, 0;
    %flag_set/imm 4, 0;
    %store/vec4 v0x127e4c360_0, 4, 4;
T_6.8 ;
    %load/vec4 v0x127e4c360_0;
    %ix/load 4, 1, 0;
    %flag_set/imm 4, 0;
    %shiftl 4;
    %store/vec4 v0x127e4c360_0, 0, 16;
    %load/vec4 v0x127e0d2c0_0;
    %addi 1, 0, 32;
    %store/vec4 v0x127e0d2c0_0, 0, 32;
    %jmp T_6.4;
T_6.5 ;
    %load/vec4 v0x127e4c360_0;
    %parti/s 8, 8, 5;
    %store/vec4 v0x127e4c1f0_0, 0, 8;
T_6.3 ;
T_6.0 ;
    %jmp T_6;
    .thread T_6, $push;
    .scope S_0x127e4c480;
T_7 ;
    %pushi/vec4 0, 0, 8;
    %store/vec4 v0x127e4c820_0, 0, 8;
    %pushi/vec4 0, 0, 8;
    %store/vec4 v0x127e4c8e0_0, 0, 8;
    %pushi/vec4 0, 0, 16;
    %store/vec4 v0x127e4c990_0, 0, 16;
    %pushi/vec4 0, 0, 32;
    %store/vec4 v0x127e4c6c0_0, 0, 32;
    %end;
    .thread T_7;
    .scope S_0x127e4c480;
T_8 ;
    %wait E_0x127e4c670;
    %load/vec4 v0x127e4c8e0_0;
    %load/vec4 v0x127e4c770_0;
    %cmp/ne;
    %jmp/0xz  T_8.0, 4;
    %load/vec4 v0x127e4c770_0;
    %cmpi/e 170, 0, 8;
    %flag_mov 8, 4;
    %load/vec4 v0x127e4c770_0;
    %cmpi/e 255, 0, 8;
    %flag_or 4, 8;
    %jmp/0xz  T_8.2, 4;
    %load/vec4 v0x127e4c770_0;
    %store/vec4 v0x127e4c820_0, 0, 8;
    %load/vec4 v0x127e4c770_0;
    %store/vec4 v0x127e4c8e0_0, 0, 8;
    %jmp T_8.3;
T_8.2 ;
    %load/vec4 v0x127e4c770_0;
    %store/vec4 v0x127e4c820_0, 0, 8;
    %pushi/vec4 0, 0, 8;
    %load/vec4 v0x127e4c770_0;
    %concat/vec4; draw_concat_vec4
    %store/vec4 v0x127e4c990_0, 0, 16;
    %load/vec4 v0x127e4c770_0;
    %store/vec4 v0x127e4c8e0_0, 0, 8;
    %pushi/vec4 0, 0, 32;
    %store/vec4 v0x127e4c6c0_0, 0, 32;
    %pushi/vec4 0, 0, 32;
    %store/vec4 v0x127e4c6c0_0, 0, 32;
T_8.4 ;
    %load/vec4 v0x127e4c6c0_0;
    %cmpi/s 8, 0, 32;
    %jmp/0xz T_8.5, 5;
    %load/vec4 v0x127e4c990_0;
    %parti/s 4, 12, 5;
    %pad/u 32;
    %cmpi/u 4, 0, 32;
    %flag_or 5, 4; GT is !LE
    %flag_inv 5;
    %jmp/0xz  T_8.6, 5;
    %load/vec4 v0x127e4c990_0;
    %parti/s 4, 12, 5;
    %addi 3, 0, 4;
    %ix/load 4, 12, 0;
    %flag_set/imm 4, 0;
    %store/vec4 v0x127e4c990_0, 4, 4;
T_8.6 ;
    %load/vec4 v0x127e4c990_0;
    %parti/s 4, 8, 5;
    %pad/u 32;
    %cmpi/u 4, 0, 32;
    %flag_or 5, 4; GT is !LE
    %flag_inv 5;
    %jmp/0xz  T_8.8, 5;
    %load/vec4 v0x127e4c990_0;
    %parti/s 4, 8, 5;
    %addi 3, 0, 4;
    %ix/load 4, 8, 0;
    %flag_set/imm 4, 0;
    %store/vec4 v0x127e4c990_0, 4, 4;
T_8.8 ;
    %load/vec4 v0x127e4c990_0;
    %ix/load 4, 1, 0;
    %flag_set/imm 4, 0;
    %shiftl 4;
    %store/vec4 v0x127e4c990_0, 0, 16;
    %load/vec4 v0x127e4c6c0_0;
    %addi 1, 0, 32;
    %store/vec4 v0x127e4c6c0_0, 0, 32;
    %jmp T_8.4;
T_8.5 ;
    %load/vec4 v0x127e4c990_0;
    %parti/s 8, 8, 5;
    %store/vec4 v0x127e4c820_0, 0, 8;
T_8.3 ;
T_8.0 ;
    %jmp T_8;
    .thread T_8, $push;
    .scope S_0x127e4e5e0;
T_9 ;
    %pushi/vec4 0, 0, 32;
    %store/vec4 v0x127e4e9c0_0, 0, 32;
    %end;
    .thread T_9;
    .scope S_0x127e4e5e0;
T_10 ;
    %pushi/vec4 0, 0, 1;
    %store/vec4 v0x127e4e850_0, 0, 1;
    %end;
    .thread T_10;
    .scope S_0x127e4e5e0;
T_11 ;
    %wait E_0x127e4e810;
    %load/vec4 v0x127e4eb10_0;
    %nor/r;
    %flag_set/vec4 8;
    %jmp/0xz  T_11.0, 8;
    %pushi/vec4 0, 0, 32;
    %assign/vec4 v0x127e4e9c0_0, 0;
    %pushi/vec4 0, 0, 1;
    %assign/vec4 v0x127e4e850_0, 0;
    %jmp T_11.1;
T_11.0 ;
    %load/vec4 v0x127e4e9c0_0;
    %load/vec4 v0x127e4ea70_0;
    %cmp/e;
    %jmp/0xz  T_11.2, 4;
    %load/vec4 v0x127e4e850_0;
    %inv;
    %assign/vec4 v0x127e4e850_0, 0;
    %pushi/vec4 0, 0, 32;
    %assign/vec4 v0x127e4e9c0_0, 0;
    %jmp T_11.3;
T_11.2 ;
    %load/vec4 v0x127e4e9c0_0;
    %addi 1, 0, 32;
    %assign/vec4 v0x127e4e9c0_0, 0;
T_11.3 ;
T_11.1 ;
    %jmp T_11;
    .thread T_11;
    .scope S_0x127e4dfe0;
T_12 ;
    %wait E_0x127e4e260;
    %load/vec4 v0x127e4e4d0_0;
    %dup/vec4;
    %pushi/vec4 0, 0, 2;
    %cmp/u;
    %jmp/1 T_12.0, 6;
    %dup/vec4;
    %pushi/vec4 1, 0, 2;
    %cmp/u;
    %jmp/1 T_12.1, 6;
    %dup/vec4;
    %pushi/vec4 2, 0, 2;
    %cmp/u;
    %jmp/1 T_12.2, 6;
    %dup/vec4;
    %pushi/vec4 3, 0, 2;
    %cmp/u;
    %jmp/1 T_12.3, 6;
    %pushi/vec4 15, 0, 4;
    %store/vec4 v0x127e4e2a0_0, 0, 4;
    %jmp T_12.5;
T_12.0 ;
    %pushi/vec4 14, 0, 4;
    %store/vec4 v0x127e4e2a0_0, 0, 4;
    %jmp T_12.5;
T_12.1 ;
    %pushi/vec4 13, 0, 4;
    %store/vec4 v0x127e4e2a0_0, 0, 4;
    %jmp T_12.5;
T_12.2 ;
    %pushi/vec4 11, 0, 4;
    %store/vec4 v0x127e4e2a0_0, 0, 4;
    %jmp T_12.5;
T_12.3 ;
    %pushi/vec4 7, 0, 4;
    %store/vec4 v0x127e4e2a0_0, 0, 4;
    %jmp T_12.5;
T_12.5 ;
    %pop/vec4 1;
    %jmp T_12;
    .thread T_12, $push;
    .scope S_0x127e4dfe0;
T_13 ;
    %wait E_0x127e4e210;
    %load/vec4 v0x127e4e360_0;
    %dup/vec4;
    %pushi/vec4 0, 0, 4;
    %cmp/u;
    %jmp/1 T_13.0, 6;
    %dup/vec4;
    %pushi/vec4 1, 0, 4;
    %cmp/u;
    %jmp/1 T_13.1, 6;
    %dup/vec4;
    %pushi/vec4 2, 0, 4;
    %cmp/u;
    %jmp/1 T_13.2, 6;
    %dup/vec4;
    %pushi/vec4 3, 0, 4;
    %cmp/u;
    %jmp/1 T_13.3, 6;
    %dup/vec4;
    %pushi/vec4 4, 0, 4;
    %cmp/u;
    %jmp/1 T_13.4, 6;
    %dup/vec4;
    %pushi/vec4 5, 0, 4;
    %cmp/u;
    %jmp/1 T_13.5, 6;
    %dup/vec4;
    %pushi/vec4 6, 0, 4;
    %cmp/u;
    %jmp/1 T_13.6, 6;
    %dup/vec4;
    %pushi/vec4 7, 0, 4;
    %cmp/u;
    %jmp/1 T_13.7, 6;
    %dup/vec4;
    %pushi/vec4 8, 0, 4;
    %cmp/u;
    %jmp/1 T_13.8, 6;
    %dup/vec4;
    %pushi/vec4 9, 0, 4;
    %cmp/u;
    %jmp/1 T_13.9, 6;
    %dup/vec4;
    %pushi/vec4 10, 0, 4;
    %cmp/u;
    %jmp/1 T_13.10, 6;
    %pushi/vec4 255, 0, 8;
    %store/vec4 v0x127e4e410_0, 0, 8;
    %jmp T_13.12;
T_13.0 ;
    %pushi/vec4 3, 0, 8;
    %store/vec4 v0x127e4e410_0, 0, 8;
    %jmp T_13.12;
T_13.1 ;
    %pushi/vec4 159, 0, 8;
    %store/vec4 v0x127e4e410_0, 0, 8;
    %jmp T_13.12;
T_13.2 ;
    %pushi/vec4 37, 0, 8;
    %store/vec4 v0x127e4e410_0, 0, 8;
    %jmp T_13.12;
T_13.3 ;
    %pushi/vec4 13, 0, 8;
    %store/vec4 v0x127e4e410_0, 0, 8;
    %jmp T_13.12;
T_13.4 ;
    %pushi/vec4 153, 0, 8;
    %store/vec4 v0x127e4e410_0, 0, 8;
    %jmp T_13.12;
T_13.5 ;
    %pushi/vec4 73, 0, 8;
    %store/vec4 v0x127e4e410_0, 0, 8;
    %jmp T_13.12;
T_13.6 ;
    %pushi/vec4 65, 0, 8;
    %store/vec4 v0x127e4e410_0, 0, 8;
    %jmp T_13.12;
T_13.7 ;
    %pushi/vec4 31, 0, 8;
    %store/vec4 v0x127e4e410_0, 0, 8;
    %jmp T_13.12;
T_13.8 ;
    %pushi/vec4 1, 0, 8;
    %store/vec4 v0x127e4e410_0, 0, 8;
    %jmp T_13.12;
T_13.9 ;
    %pushi/vec4 9, 0, 8;
    %store/vec4 v0x127e4e410_0, 0, 8;
    %jmp T_13.12;
T_13.10 ;
    %pushi/vec4 253, 0, 8;
    %store/vec4 v0x127e4e410_0, 0, 8;
    %jmp T_13.12;
T_13.12 ;
    %pop/vec4 1;
    %jmp T_13;
    .thread T_13, $push;
    .scope S_0x127e4dd30;
T_14 ;
    %pushi/vec4 0, 0, 2;
    %store/vec4 v0x127e4f120_0, 0, 2;
    %end;
    .thread T_14;
    .scope S_0x127e4dd30;
T_15 ;
    %wait E_0x127e4dfa0;
    %load/vec4 v0x127e4efc0_0;
    %nor/r;
    %flag_set/vec4 8;
    %jmp/0xz  T_15.0, 8;
    %pushi/vec4 0, 0, 2;
    %assign/vec4 v0x127e4f120_0, 0;
    %jmp T_15.1;
T_15.0 ;
    %load/vec4 v0x127e4f120_0;
    %addi 1, 0, 2;
    %assign/vec4 v0x127e4f120_0, 0;
T_15.1 ;
    %jmp T_15;
    .thread T_15;
    .scope S_0x127e4dd30;
T_16 ;
    %wait E_0x127e4df50;
    %load/vec4 v0x127e4f120_0;
    %dup/vec4;
    %pushi/vec4 3, 0, 2;
    %cmp/u;
    %jmp/1 T_16.0, 6;
    %dup/vec4;
    %pushi/vec4 2, 0, 2;
    %cmp/u;
    %jmp/1 T_16.1, 6;
    %dup/vec4;
    %pushi/vec4 1, 0, 2;
    %cmp/u;
    %jmp/1 T_16.2, 6;
    %dup/vec4;
    %pushi/vec4 0, 0, 2;
    %cmp/u;
    %jmp/1 T_16.3, 6;
    %jmp T_16.4;
T_16.0 ;
    %load/vec4 v0x127e4ee60_0;
    %parti/s 4, 12, 5;
    %store/vec4 v0x127e4eef0_0, 0, 4;
    %jmp T_16.4;
T_16.1 ;
    %load/vec4 v0x127e4ee60_0;
    %parti/s 4, 8, 5;
    %store/vec4 v0x127e4eef0_0, 0, 4;
    %jmp T_16.4;
T_16.2 ;
    %load/vec4 v0x127e4ee60_0;
    %parti/s 4, 4, 4;
    %store/vec4 v0x127e4eef0_0, 0, 4;
    %jmp T_16.4;
T_16.3 ;
    %load/vec4 v0x127e4ee60_0;
    %parti/s 4, 0, 2;
    %store/vec4 v0x127e4eef0_0, 0, 4;
    %jmp T_16.4;
T_16.4 ;
    %pop/vec4 1;
    %jmp T_16;
    .thread T_16, $push;
    .scope S_0x127e0e620;
T_17 ;
    %wait E_0x127e28150;
    %delay 10000, 0;
    %load/vec4 v0x127e4fef0_0;
    %inv;
    %assign/vec4 v0x127e4fef0_0, 0;
    %jmp T_17;
    .thread T_17, $push;
    .scope S_0x127e0e620;
T_18 ;
    %vpi_call 2 20 "$display", "start" {0 0 0};
    %vpi_call 2 21 "$dumpfile", "ma_si.vcd" {0 0 0};
    %vpi_call 2 22 "$dumpvars", 32'sb00000000000000000000000000000000, S_0x127e0e620 {0 0 0};
    %pushi/vec4 0, 0, 1;
    %store/vec4 v0x127e4fef0_0, 0, 1;
    %pushi/vec4 1, 0, 1;
    %store/vec4 v0x127e50010_0, 0, 1;
    %pushi/vec4 1, 0, 1;
    %store/vec4 v0x127e503a0_0, 0, 1;
    %pushi/vec4 0, 0, 1;
    %store/vec4 v0x127e50470_0, 0, 1;
    %pushi/vec4 0, 0, 1;
    %store/vec4 v0x127e50580_0, 0, 1;
    %pushi/vec4 0, 0, 1;
    %store/vec4 v0x127e502d0_0, 0, 1;
    %delay 60000000, 0;
    %vpi_call 2 30 "$finish" {0 0 0};
    %end;
    .thread T_18;
# The file index is used to find the file name in the following table.
:file_names 7;
    "N/A";
    "<interactive>";
    "main_simu.v";
    "/Users/mrx/Library/CloudStorage/OneDrive-个人/programing/digitcircuit/tmpt/dc_1/TFLIGHT/TFLIGHT.srcs/sources_1/new/LIGHT.v";
    "/Users/mrx/Library/CloudStorage/OneDrive-个人/programing/digitcircuit/tmpt/dc_1/TFLIGHT/TFLIGHT.srcs/sources_1/new/Translator.v";
    "/Users/mrx/Library/CloudStorage/OneDrive-个人/programing/digitcircuit/tmpt/dc_1/TFLIGHT/TFLIGHT.srcs/sources_1/new/Fdiv.v";
    "/Users/mrx/Library/CloudStorage/OneDrive-个人/programing/digitcircuit/tmpt/dc_1/TFLIGHT/TFLIGHT.srcs/sources_1/new/Tube.v";
